> Task :kmpPartiallyResolvedDependenciesChecker
> Task :checkKotlinGradlePluginConfigurationErrors SKIPPED
> Task :downloadKotlinNativeDistribution UP-TO-DATE

> Task :compileKotlinMacosArm64 FAILED
e: file:///Volumes/emberstuff/Projects/codex-kotlin/src/macosMain/kotlin/ai/solace/coder/core/Spawn.kt:18:16 This declaration needs opt-in. Its usage must be marked with '@kotlinx.cinterop.ExperimentalForeignApi' or '@OptIn(kotlinx.cinterop.ExperimentalForeignApi::class)'
e: file:///Volumes/emberstuff/Projects/codex-kotlin/src/macosMain/kotlin/ai/solace/coder/core/Spawn.kt:19:26 This declaration needs opt-in. Its usage must be marked with '@kotlinx.cinterop.ExperimentalForeignApi' or '@OptIn(kotlinx.cinterop.ExperimentalForeignApi::class)'
e: file:///Volumes/emberstuff/Projects/codex-kotlin/src/macosMain/kotlin/ai/solace/coder/core/Spawn.kt:19:32 This declaration needs opt-in. Its usage must be marked with '@kotlinx.cinterop.ExperimentalForeignApi' or '@OptIn(kotlinx.cinterop.ExperimentalForeignApi::class)'
e: file:///Volumes/emberstuff/Projects/codex-kotlin/src/macosMain/kotlin/ai/solace/coder/core/Spawn.kt:20:13 This declaration needs opt-in. Its usage must be marked with '@kotlinx.cinterop.ExperimentalForeignApi' or '@OptIn(kotlinx.cinterop.ExperimentalForeignApi::class)'
e: file:///Volumes/emberstuff/Projects/codex-kotlin/src/macosMain/kotlin/ai/solace/coder/core/Spawn.kt:20:26 This declaration needs opt-in. Its usage must be marked with '@kotlinx.cinterop.ExperimentalForeignApi' or '@OptIn(kotlinx.cinterop.ExperimentalForeignApi::class)'
e: file:///Volumes/emberstuff/Projects/codex-kotlin/src/macosMain/kotlin/ai/solace/coder/core/Spawn.kt:20:33 This declaration needs opt-in. Its usage must be marked with '@kotlinx.cinterop.ExperimentalForeignApi' or '@OptIn(kotlinx.cinterop.ExperimentalForeignApi::class)'
e: file:///Volumes/emberstuff/Projects/codex-kotlin/src/macosMain/kotlin/ai/solace/coder/core/Spawn.kt:21:17 Unresolved reference 'WIFEXITED'.
e: file:///Volumes/emberstuff/Projects/codex-kotlin/src/macosMain/kotlin/ai/solace/coder/core/Spawn.kt:21:27 This declaration needs opt-in. Its usage must be marked with '@kotlinx.cinterop.ExperimentalForeignApi' or '@OptIn(kotlinx.cinterop.ExperimentalForeignApi::class)'
e: file:///Volumes/emberstuff/Projects/codex-kotlin/src/macosMain/kotlin/ai/solace/coder/core/Spawn.kt:21:34 This declaration needs opt-in. Its usage must be marked with '@kotlinx.cinterop.ExperimentalForeignApi' or '@OptIn(kotlinx.cinterop.ExperimentalForeignApi::class)'
e: file:///Volumes/emberstuff/Projects/codex-kotlin/src/macosMain/kotlin/ai/solace/coder/core/Spawn.kt:22:17 Unresolved reference 'WEXITSTATUS'.
e: file:///Volumes/emberstuff/Projects/codex-kotlin/src/macosMain/kotlin/ai/solace/coder/core/Spawn.kt:22:29 This declaration needs opt-in. Its usage must be marked with '@kotlinx.cinterop.ExperimentalForeignApi' or '@OptIn(kotlinx.cinterop.ExperimentalForeignApi::class)'
e: file:///Volumes/emberstuff/Projects/codex-kotlin/src/macosMain/kotlin/ai/solace/coder/core/Spawn.kt:22:36 This declaration needs opt-in. Its usage must be marked with '@kotlinx.cinterop.ExperimentalForeignApi' or '@OptIn(kotlinx.cinterop.ExperimentalForeignApi::class)'
e: file:///Volumes/emberstuff/Projects/codex-kotlin/src/macosMain/kotlin/ai/solace/coder/core/Spawn.kt:31:23 This declaration needs opt-in. Its usage must be marked with '@kotlinx.cinterop.ExperimentalForeignApi' or '@OptIn(kotlinx.cinterop.ExperimentalForeignApi::class)'
e: file:///Volumes/emberstuff/Projects/codex-kotlin/src/macosMain/kotlin/ai/solace/coder/core/Spawn.kt:32:13 This declaration needs opt-in. Its usage must be marked with '@kotlinx.cinterop.ExperimentalForeignApi' or '@OptIn(kotlinx.cinterop.ExperimentalForeignApi::class)'
e: file:///Volumes/emberstuff/Projects/codex-kotlin/src/macosMain/kotlin/ai/solace/coder/core/Spawn.kt:32:28 This declaration needs opt-in. Its usage must be marked with '@kotlinx.cinterop.ExperimentalForeignApi' or '@OptIn(kotlinx.cinterop.ExperimentalForeignApi::class)'
e: file:///Volumes/emberstuff/Projects/codex-kotlin/src/macosMain/kotlin/ai/solace/coder/core/Spawn.kt:32:35 This declaration needs opt-in. Its usage must be marked with '@kotlinx.cinterop.ExperimentalForeignApi' or '@OptIn(kotlinx.cinterop.ExperimentalForeignApi::class)'
e: file:///Volumes/emberstuff/Projects/codex-kotlin/src/macosMain/kotlin/ai/solace/coder/core/Spawn.kt:38:23 This declaration needs opt-in. Its usage must be marked with '@kotlinx.cinterop.ExperimentalForeignApi' or '@OptIn(kotlinx.cinterop.ExperimentalForeignApi::class)'
e: file:///Volumes/emberstuff/Projects/codex-kotlin/src/macosMain/kotlin/ai/solace/coder/core/Spawn.kt:39:13 This declaration needs opt-in. Its usage must be marked with '@kotlinx.cinterop.ExperimentalForeignApi' or '@OptIn(kotlinx.cinterop.ExperimentalForeignApi::class)'
e: file:///Volumes/emberstuff/Projects/codex-kotlin/src/macosMain/kotlin/ai/solace/coder/core/Spawn.kt:39:28 This declaration needs opt-in. Its usage must be marked with '@kotlinx.cinterop.ExperimentalForeignApi' or '@OptIn(kotlinx.cinterop.ExperimentalForeignApi::class)'
e: file:///Volumes/emberstuff/Projects/codex-kotlin/src/macosMain/kotlin/ai/solace/coder/core/Spawn.kt:39:35 This declaration needs opt-in. Its usage must be marked with '@kotlinx.cinterop.ExperimentalForeignApi' or '@OptIn(kotlinx.cinterop.ExperimentalForeignApi::class)'
e: file:///Volumes/emberstuff/Projects/codex-kotlin/src/macosMain/kotlin/ai/solace/coder/core/Spawn.kt:66:12 This declaration needs opt-in. Its usage must be marked with '@kotlinx.cinterop.ExperimentalForeignApi' or '@OptIn(kotlinx.cinterop.ExperimentalForeignApi::class)'
e: file:///Volumes/emberstuff/Projects/codex-kotlin/src/macosMain/kotlin/ai/solace/coder/core/Spawn.kt:67:19 This declaration needs opt-in. Its usage must be marked with '@kotlinx.cinterop.ExperimentalForeignApi' or '@OptIn(kotlinx.cinterop.ExperimentalForeignApi::class)'
e: file:///Volumes/emberstuff/Projects/codex-kotlin/src/macosMain/kotlin/ai/solace/coder/core/Spawn.kt:67:25 This declaration needs opt-in. Its usage must be marked with '@kotlinx.cinterop.ExperimentalForeignApi' or '@OptIn(kotlinx.cinterop.ExperimentalForeignApi::class)'
e: file:///Volumes/emberstuff/Projects/codex-kotlin/src/macosMain/kotlin/ai/solace/coder/core/Spawn.kt:68:27 None of the following candidates is applicable:
fun alloc(size: Long, align: Int): NativePointed
fun alloc(size: Int, align: Int): NativePointed
fun NativePlacement.alloc(type: CVariable.Type): NativePointed
e: file:///Volumes/emberstuff/Projects/codex-kotlin/src/macosMain/kotlin/ai/solace/coder/core/Spawn.kt:68:33 Unresolved reference 'posix_spawn_file_actions_tVar'.
e: file:///Volumes/emberstuff/Projects/codex-kotlin/src/macosMain/kotlin/ai/solace/coder/core/Spawn.kt:69:9 Unresolved reference 'posix_spawn_file_actions_init'.
e: file:///Volumes/emberstuff/Projects/codex-kotlin/src/macosMain/kotlin/ai/solace/coder/core/Spawn.kt:69:51 Cannot infer type for type parameter 'T'. Specify it explicitly.
e: file:///Volumes/emberstuff/Projects/codex-kotlin/src/macosMain/kotlin/ai/solace/coder/core/Spawn.kt:69:51 This declaration needs opt-in. Its usage must be marked with '@kotlinx.cinterop.ExperimentalForeignApi' or '@OptIn(kotlinx.cinterop.ExperimentalForeignApi::class)'
e: file:///Volumes/emberstuff/Projects/codex-kotlin/src/macosMain/kotlin/ai/solace/coder/core/Spawn.kt:72:26 This declaration needs opt-in. Its usage must be marked with '@kotlinx.cinterop.ExperimentalForeignApi' or '@OptIn(kotlinx.cinterop.ExperimentalForeignApi::class)'
e: file:///Volumes/emberstuff/Projects/codex-kotlin/src/macosMain/kotlin/ai/solace/coder/core/Spawn.kt:72:37 This declaration needs opt-in. Its usage must be marked with '@kotlinx.cinterop.ExperimentalForeignApi' or '@OptIn(kotlinx.cinterop.ExperimentalForeignApi::class)'
e: file:///Volumes/emberstuff/Projects/codex-kotlin/src/macosMain/kotlin/ai/solace/coder/core/Spawn.kt:73:26 This declaration needs opt-in. Its usage must be marked with '@kotlinx.cinterop.ExperimentalForeignApi' or '@OptIn(kotlinx.cinterop.ExperimentalForeignApi::class)'
e: file:///Volumes/emberstuff/Projects/codex-kotlin/src/macosMain/kotlin/ai/solace/coder/core/Spawn.kt:73:37 This declaration needs opt-in. Its usage must be marked with '@kotlinx.cinterop.ExperimentalForeignApi' or '@OptIn(kotlinx.cinterop.ExperimentalForeignApi::class)'
e: file:///Volumes/emberstuff/Projects/codex-kotlin/src/macosMain/kotlin/ai/solace/coder/core/Spawn.kt:75:13 This declaration needs opt-in. Its usage must be marked with '@kotlinx.cinterop.ExperimentalForeignApi' or '@OptIn(kotlinx.cinterop.ExperimentalForeignApi::class)'
e: file:///Volumes/emberstuff/Projects/codex-kotlin/src/macosMain/kotlin/ai/solace/coder/core/Spawn.kt:75:18 This declaration needs opt-in. Its usage must be marked with '@kotlinx.cinterop.ExperimentalForeignApi' or '@OptIn(kotlinx.cinterop.ExperimentalForeignApi::class)'
e: file:///Volumes/emberstuff/Projects/codex-kotlin/src/macosMain/kotlin/ai/solace/coder/core/Spawn.kt:76:13 This declaration needs opt-in. Its usage must be marked with '@kotlinx.cinterop.ExperimentalForeignApi' or '@OptIn(kotlinx.cinterop.ExperimentalForeignApi::class)'
e: file:///Volumes/emberstuff/Projects/codex-kotlin/src/macosMain/kotlin/ai/solace/coder/core/Spawn.kt:76:18 This declaration needs opt-in. Its usage must be marked with '@kotlinx.cinterop.ExperimentalForeignApi' or '@OptIn(kotlinx.cinterop.ExperimentalForeignApi::class)'
e: file:///Volumes/emberstuff/Projects/codex-kotlin/src/macosMain/kotlin/ai/solace/coder/core/Spawn.kt:79:9 Unresolved reference 'posix_spawn_file_actions_adddup2'.
e: file:///Volumes/emberstuff/Projects/codex-kotlin/src/macosMain/kotlin/ai/solace/coder/core/Spawn.kt:79:54 Cannot infer type for type parameter 'T'. Specify it explicitly.
e: file:///Volumes/emberstuff/Projects/codex-kotlin/src/macosMain/kotlin/ai/solace/coder/core/Spawn.kt:79:54 This declaration needs opt-in. Its usage must be marked with '@kotlinx.cinterop.ExperimentalForeignApi' or '@OptIn(kotlinx.cinterop.ExperimentalForeignApi::class)'
e: file:///Volumes/emberstuff/Projects/codex-kotlin/src/macosMain/kotlin/ai/solace/coder/core/Spawn.kt:79:59 This declaration needs opt-in. Its usage must be marked with '@kotlinx.cinterop.ExperimentalForeignApi' or '@OptIn(kotlinx.cinterop.ExperimentalForeignApi::class)'
e: file:///Volumes/emberstuff/Projects/codex-kotlin/src/macosMain/kotlin/ai/solace/coder/core/Spawn.kt:79:59 This declaration needs opt-in. Its usage must be marked with '@kotlinx.cinterop.ExperimentalForeignApi' or '@OptIn(kotlinx.cinterop.ExperimentalForeignApi::class)'
e: file:///Volumes/emberstuff/Projects/codex-kotlin/src/macosMain/kotlin/ai/solace/coder/core/Spawn.kt:80:9 Unresolved reference 'posix_spawn_file_actions_addclose'.
e: file:///Volumes/emberstuff/Projects/codex-kotlin/src/macosMain/kotlin/ai/solace/coder/core/Spawn.kt:80:55 Cannot infer type for type parameter 'T'. Specify it explicitly.
e: file:///Volumes/emberstuff/Projects/codex-kotlin/src/macosMain/kotlin/ai/solace/coder/core/Spawn.kt:80:55 This declaration needs opt-in. Its usage must be marked with '@kotlinx.cinterop.ExperimentalForeignApi' or '@OptIn(kotlinx.cinterop.ExperimentalForeignApi::class)'
e: file:///Volumes/emberstuff/Projects/codex-kotlin/src/macosMain/kotlin/ai/solace/coder/core/Spawn.kt:80:60 This declaration needs opt-in. Its usage must be marked with '@kotlinx.cinterop.ExperimentalForeignApi' or '@OptIn(kotlinx.cinterop.ExperimentalForeignApi::class)'
e: file:///Volumes/emberstuff/Projects/codex-kotlin/src/macosMain/kotlin/ai/solace/coder/core/Spawn.kt:80:60 This declaration needs opt-in. Its usage must be marked with '@kotlinx.cinterop.ExperimentalForeignApi' or '@OptIn(kotlinx.cinterop.ExperimentalForeignApi::class)'
e: file:///Volumes/emberstuff/Projects/codex-kotlin/src/macosMain/kotlin/ai/solace/coder/core/Spawn.kt:81:9 Unresolved reference 'posix_spawn_file_actions_addclose'.
e: file:///Volumes/emberstuff/Projects/codex-kotlin/src/macosMain/kotlin/ai/solace/coder/core/Spawn.kt:81:55 Cannot infer type for type parameter 'T'. Specify it explicitly.
e: file:///Volumes/emberstuff/Projects/codex-kotlin/src/macosMain/kotlin/ai/solace/coder/core/Spawn.kt:81:55 This declaration needs opt-in. Its usage must be marked with '@kotlinx.cinterop.ExperimentalForeignApi' or '@OptIn(kotlinx.cinterop.ExperimentalForeignApi::class)'
e: file:///Volumes/emberstuff/Projects/codex-kotlin/src/macosMain/kotlin/ai/solace/coder/core/Spawn.kt:81:60 This declaration needs opt-in. Its usage must be marked with '@kotlinx.cinterop.ExperimentalForeignApi' or '@OptIn(kotlinx.cinterop.ExperimentalForeignApi::class)'
e: file:///Volumes/emberstuff/Projects/codex-kotlin/src/macosMain/kotlin/ai/solace/coder/core/Spawn.kt:81:60 This declaration needs opt-in. Its usage must be marked with '@kotlinx.cinterop.ExperimentalForeignApi' or '@OptIn(kotlinx.cinterop.ExperimentalForeignApi::class)'
e: file:///Volumes/emberstuff/Projects/codex-kotlin/src/macosMain/kotlin/ai/solace/coder/core/Spawn.kt:84:9 Unresolved reference 'posix_spawn_file_actions_adddup2'.
e: file:///Volumes/emberstuff/Projects/codex-kotlin/src/macosMain/kotlin/ai/solace/coder/core/Spawn.kt:84:54 Cannot infer type for type parameter 'T'. Specify it explicitly.
e: file:///Volumes/emberstuff/Projects/codex-kotlin/src/macosMain/kotlin/ai/solace/coder/core/Spawn.kt:84:54 This declaration needs opt-in. Its usage must be marked with '@kotlinx.cinterop.ExperimentalForeignApi' or '@OptIn(kotlinx.cinterop.ExperimentalForeignApi::class)'
e: file:///Volumes/emberstuff/Projects/codex-kotlin/src/macosMain/kotlin/ai/solace/coder/core/Spawn.kt:84:59 This declaration needs opt-in. Its usage must be marked with '@kotlinx.cinterop.ExperimentalForeignApi' or '@OptIn(kotlinx.cinterop.ExperimentalForeignApi::class)'
e: file:///Volumes/emberstuff/Projects/codex-kotlin/src/macosMain/kotlin/ai/solace/coder/core/Spawn.kt:84:59 This declaration needs opt-in. Its usage must be marked with '@kotlinx.cinterop.ExperimentalForeignApi' or '@OptIn(kotlinx.cinterop.ExperimentalForeignApi::class)'
e: file:///Volumes/emberstuff/Projects/codex-kotlin/src/macosMain/kotlin/ai/solace/coder/core/Spawn.kt:85:9 Unresolved reference 'posix_spawn_file_actions_addclose'.
e: file:///Volumes/emberstuff/Projects/codex-kotlin/src/macosMain/kotlin/ai/solace/coder/core/Spawn.kt:85:55 Cannot infer type for type parameter 'T'. Specify it explicitly.
e: file:///Volumes/emberstuff/Projects/codex-kotlin/src/macosMain/kotlin/ai/solace/coder/core/Spawn.kt:85:55 This declaration needs opt-in. Its usage must be marked with '@kotlinx.cinterop.ExperimentalForeignApi' or '@OptIn(kotlinx.cinterop.ExperimentalForeignApi::class)'
e: file:///Volumes/emberstuff/Projects/codex-kotlin/src/macosMain/kotlin/ai/solace/coder/core/Spawn.kt:85:60 This declaration needs opt-in. Its usage must be marked with '@kotlinx.cinterop.ExperimentalForeignApi' or '@OptIn(kotlinx.cinterop.ExperimentalForeignApi::class)'
e: file:///Volumes/emberstuff/Projects/codex-kotlin/src/macosMain/kotlin/ai/solace/coder/core/Spawn.kt:85:60 This declaration needs opt-in. Its usage must be marked with '@kotlinx.cinterop.ExperimentalForeignApi' or '@OptIn(kotlinx.cinterop.ExperimentalForeignApi::class)'
e: file:///Volumes/emberstuff/Projects/codex-kotlin/src/macosMain/kotlin/ai/solace/coder/core/Spawn.kt:86:9 Unresolved reference 'posix_spawn_file_actions_addclose'.
e: file:///Volumes/emberstuff/Projects/codex-kotlin/src/macosMain/kotlin/ai/solace/coder/core/Spawn.kt:86:55 Cannot infer type for type parameter 'T'. Specify it explicitly.
e: file:///Volumes/emberstuff/Projects/codex-kotlin/src/macosMain/kotlin/ai/solace/coder/core/Spawn.kt:86:55 This declaration needs opt-in. Its usage must be marked with '@kotlinx.cinterop.ExperimentalForeignApi' or '@OptIn(kotlinx.cinterop.ExperimentalForeignApi::class)'
e: file:///Volumes/emberstuff/Projects/codex-kotlin/src/macosMain/kotlin/ai/solace/coder/core/Spawn.kt:86:60 This declaration needs opt-in. Its usage must be marked with '@kotlinx.cinterop.ExperimentalForeignApi' or '@OptIn(kotlinx.cinterop.ExperimentalForeignApi::class)'
e: file:///Volumes/emberstuff/Projects/codex-kotlin/src/macosMain/kotlin/ai/solace/coder/core/Spawn.kt:86:60 This declaration needs opt-in. Its usage must be marked with '@kotlinx.cinterop.ExperimentalForeignApi' or '@OptIn(kotlinx.cinterop.ExperimentalForeignApi::class)'
e: file:///Volumes/emberstuff/Projects/codex-kotlin/src/macosMain/kotlin/ai/solace/coder/core/Spawn.kt:89:20 This declaration needs opt-in. Its usage must be marked with '@kotlinx.cinterop.ExperimentalForeignApi' or '@OptIn(kotlinx.cinterop.ExperimentalForeignApi::class)'
e: file:///Volumes/emberstuff/Projects/codex-kotlin/src/macosMain/kotlin/ai/solace/coder/core/Spawn.kt:89:31 This declaration needs opt-in. Its usage must be marked with '@kotlinx.cinterop.ExperimentalForeignApi' or '@OptIn(kotlinx.cinterop.ExperimentalForeignApi::class)'
e: file:///Volumes/emberstuff/Projects/codex-kotlin/src/macosMain/kotlin/ai/solace/coder/core/Spawn.kt:89:43 This declaration needs opt-in. Its usage must be marked with '@kotlinx.cinterop.ExperimentalForeignApi' or '@OptIn(kotlinx.cinterop.ExperimentalForeignApi::class)'
e: file:///Volumes/emberstuff/Projects/codex-kotlin/src/macosMain/kotlin/ai/solace/coder/core/Spawn.kt:90:9 This declaration needs opt-in. Its usage must be marked with '@kotlinx.cinterop.ExperimentalForeignApi' or '@OptIn(kotlinx.cinterop.ExperimentalForeignApi::class)'
e: file:///Volumes/emberstuff/Projects/codex-kotlin/src/macosMain/kotlin/ai/solace/coder/core/Spawn.kt:90:9 This declaration needs opt-in. Its usage must be marked with '@kotlinx.cinterop.ExperimentalForeignApi' or '@OptIn(kotlinx.cinterop.ExperimentalForeignApi::class)'
e: file:///Volumes/emberstuff/Projects/codex-kotlin/src/macosMain/kotlin/ai/solace/coder/core/Spawn.kt:90:27 This declaration needs opt-in. Its usage must be marked with '@kotlinx.cinterop.ExperimentalForeignApi' or '@OptIn(kotlinx.cinterop.ExperimentalForeignApi::class)'
e: file:///Volumes/emberstuff/Projects/codex-kotlin/src/macosMain/kotlin/ai/solace/coder/core/Spawn.kt:90:32 This declaration needs opt-in. Its usage must be marked with '@kotlinx.cinterop.ExperimentalForeignApi' or '@OptIn(kotlinx.cinterop.ExperimentalForeignApi::class)'
e: file:///Volumes/emberstuff/Projects/codex-kotlin/src/macosMain/kotlin/ai/solace/coder/core/Spawn.kt:92:13 This declaration needs opt-in. Its usage must be marked with '@kotlinx.cinterop.ExperimentalForeignApi' or '@OptIn(kotlinx.cinterop.ExperimentalForeignApi::class)'
e: file:///Volumes/emberstuff/Projects/codex-kotlin/src/macosMain/kotlin/ai/solace/coder/core/Spawn.kt:92:13 This declaration needs opt-in. Its usage must be marked with '@kotlinx.cinterop.ExperimentalForeignApi' or '@OptIn(kotlinx.cinterop.ExperimentalForeignApi::class)'
e: file:///Volumes/emberstuff/Projects/codex-kotlin/src/macosMain/kotlin/ai/solace/coder/core/Spawn.kt:92:35 This declaration needs opt-in. Its usage must be marked with '@kotlinx.cinterop.ExperimentalForeignApi' or '@OptIn(kotlinx.cinterop.ExperimentalForeignApi::class)'
e: file:///Volumes/emberstuff/Projects/codex-kotlin/src/macosMain/kotlin/ai/solace/coder/core/Spawn.kt:92:40 This declaration needs opt-in. Its usage must be marked with '@kotlinx.cinterop.ExperimentalForeignApi' or '@OptIn(kotlinx.cinterop.ExperimentalForeignApi::class)'
e: file:///Volumes/emberstuff/Projects/codex-kotlin/src/macosMain/kotlin/ai/solace/coder/core/Spawn.kt:94:9 This declaration needs opt-in. Its usage must be marked with '@kotlinx.cinterop.ExperimentalForeignApi' or '@OptIn(kotlinx.cinterop.ExperimentalForeignApi::class)'
e: file:///Volumes/emberstuff/Projects/codex-kotlin/src/macosMain/kotlin/ai/solace/coder/core/Spawn.kt:94:9 This declaration needs opt-in. Its usage must be marked with '@kotlinx.cinterop.ExperimentalForeignApi' or '@OptIn(kotlinx.cinterop.ExperimentalForeignApi::class)'
e: file:///Volumes/emberstuff/Projects/codex-kotlin/src/macosMain/kotlin/ai/solace/coder/core/Spawn.kt:97:20 This declaration needs opt-in. Its usage must be marked with '@kotlinx.cinterop.ExperimentalForeignApi' or '@OptIn(kotlinx.cinterop.ExperimentalForeignApi::class)'
e: file:///Volumes/emberstuff/Projects/codex-kotlin/src/macosMain/kotlin/ai/solace/coder/core/Spawn.kt:97:31 This declaration needs opt-in. Its usage must be marked with '@kotlinx.cinterop.ExperimentalForeignApi' or '@OptIn(kotlinx.cinterop.ExperimentalForeignApi::class)'
e: file:///Volumes/emberstuff/Projects/codex-kotlin/src/macosMain/kotlin/ai/solace/coder/core/Spawn.kt:97:43 This declaration needs opt-in. Its usage must be marked with '@kotlinx.cinterop.ExperimentalForeignApi' or '@OptIn(kotlinx.cinterop.ExperimentalForeignApi::class)'
e: file:///Volumes/emberstuff/Projects/codex-kotlin/src/macosMain/kotlin/ai/solace/coder/core/Spawn.kt:99:13 This declaration needs opt-in. Its usage must be marked with '@kotlinx.cinterop.ExperimentalForeignApi' or '@OptIn(kotlinx.cinterop.ExperimentalForeignApi::class)'
e: file:///Volumes/emberstuff/Projects/codex-kotlin/src/macosMain/kotlin/ai/solace/coder/core/Spawn.kt:99:13 This declaration needs opt-in. Its usage must be marked with '@kotlinx.cinterop.ExperimentalForeignApi' or '@OptIn(kotlinx.cinterop.ExperimentalForeignApi::class)'
e: file:///Volumes/emberstuff/Projects/codex-kotlin/src/macosMain/kotlin/ai/solace/coder/core/Spawn.kt:99:57 This declaration needs opt-in. Its usage must be marked with '@kotlinx.cinterop.ExperimentalForeignApi' or '@OptIn(kotlinx.cinterop.ExperimentalForeignApi::class)'
e: file:///Volumes/emberstuff/Projects/codex-kotlin/src/macosMain/kotlin/ai/solace/coder/core/Spawn.kt:99:62 This declaration needs opt-in. Its usage must be marked with '@kotlinx.cinterop.ExperimentalForeignApi' or '@OptIn(kotlinx.cinterop.ExperimentalForeignApi::class)'
e: file:///Volumes/emberstuff/Projects/codex-kotlin/src/macosMain/kotlin/ai/solace/coder/core/Spawn.kt:101:9 This declaration needs opt-in. Its usage must be marked with '@kotlinx.cinterop.ExperimentalForeignApi' or '@OptIn(kotlinx.cinterop.ExperimentalForeignApi::class)'
e: file:///Volumes/emberstuff/Projects/codex-kotlin/src/macosMain/kotlin/ai/solace/coder/core/Spawn.kt:101:9 This declaration needs opt-in. Its usage must be marked with '@kotlinx.cinterop.ExperimentalForeignApi' or '@OptIn(kotlinx.cinterop.ExperimentalForeignApi::class)'
e: file:///Volumes/emberstuff/Projects/codex-kotlin/src/macosMain/kotlin/ai/solace/coder/core/Spawn.kt:104:22 Unresolved reference 'posix_spawn'.
e: file:///Volumes/emberstuff/Projects/codex-kotlin/src/macosMain/kotlin/ai/solace/coder/core/Spawn.kt:104:38 This declaration needs opt-in. Its usage must be marked with '@kotlinx.cinterop.ExperimentalForeignApi' or '@OptIn(kotlinx.cinterop.ExperimentalForeignApi::class)'
e: file:///Volumes/emberstuff/Projects/codex-kotlin/src/macosMain/kotlin/ai/solace/coder/core/Spawn.kt:104:64 Cannot infer type for type parameter 'T'. Specify it explicitly.
e: file:///Volumes/emberstuff/Projects/codex-kotlin/src/macosMain/kotlin/ai/solace/coder/core/Spawn.kt:104:64 This declaration needs opt-in. Its usage must be marked with '@kotlinx.cinterop.ExperimentalForeignApi' or '@OptIn(kotlinx.cinterop.ExperimentalForeignApi::class)'
e: file:///Volumes/emberstuff/Projects/codex-kotlin/src/macosMain/kotlin/ai/solace/coder/core/Spawn.kt:104:75 This declaration needs opt-in. Its usage must be marked with '@kotlinx.cinterop.ExperimentalForeignApi' or '@OptIn(kotlinx.cinterop.ExperimentalForeignApi::class)'
e: file:///Volumes/emberstuff/Projects/codex-kotlin/src/macosMain/kotlin/ai/solace/coder/core/Spawn.kt:104:81 This declaration needs opt-in. Its usage must be marked with '@kotlinx.cinterop.ExperimentalForeignApi' or '@OptIn(kotlinx.cinterop.ExperimentalForeignApi::class)'
e: file:///Volumes/emberstuff/Projects/codex-kotlin/src/macosMain/kotlin/ai/solace/coder/core/Spawn.kt:106:9 Unresolved reference 'posix_spawn_file_actions_destroy'.
e: file:///Volumes/emberstuff/Projects/codex-kotlin/src/macosMain/kotlin/ai/solace/coder/core/Spawn.kt:106:54 Cannot infer type for type parameter 'T'. Specify it explicitly.
e: file:///Volumes/emberstuff/Projects/codex-kotlin/src/macosMain/kotlin/ai/solace/coder/core/Spawn.kt:106:54 This declaration needs opt-in. Its usage must be marked with '@kotlinx.cinterop.ExperimentalForeignApi' or '@OptIn(kotlinx.cinterop.ExperimentalForeignApi::class)'
e: file:///Volumes/emberstuff/Projects/codex-kotlin/src/macosMain/kotlin/ai/solace/coder/core/Spawn.kt:109:15 This declaration needs opt-in. Its usage must be marked with '@kotlinx.cinterop.ExperimentalForeignApi' or '@OptIn(kotlinx.cinterop.ExperimentalForeignApi::class)'
e: file:///Volumes/emberstuff/Projects/codex-kotlin/src/macosMain/kotlin/ai/solace/coder/core/Spawn.kt:109:15 This declaration needs opt-in. Its usage must be marked with '@kotlinx.cinterop.ExperimentalForeignApi' or '@OptIn(kotlinx.cinterop.ExperimentalForeignApi::class)'
e: file:///Volumes/emberstuff/Projects/codex-kotlin/src/macosMain/kotlin/ai/solace/coder/core/Spawn.kt:110:15 This declaration needs opt-in. Its usage must be marked with '@kotlinx.cinterop.ExperimentalForeignApi' or '@OptIn(kotlinx.cinterop.ExperimentalForeignApi::class)'
e: file:///Volumes/emberstuff/Projects/codex-kotlin/src/macosMain/kotlin/ai/solace/coder/core/Spawn.kt:110:15 This declaration needs opt-in. Its usage must be marked with '@kotlinx.cinterop.ExperimentalForeignApi' or '@OptIn(kotlinx.cinterop.ExperimentalForeignApi::class)'
e: file:///Volumes/emberstuff/Projects/codex-kotlin/src/macosMain/kotlin/ai/solace/coder/core/Spawn.kt:113:19 This declaration needs opt-in. Its usage must be marked with '@kotlinx.cinterop.ExperimentalForeignApi' or '@OptIn(kotlinx.cinterop.ExperimentalForeignApi::class)'
e: file:///Volumes/emberstuff/Projects/codex-kotlin/src/macosMain/kotlin/ai/solace/coder/core/Spawn.kt:113:19 This declaration needs opt-in. Its usage must be marked with '@kotlinx.cinterop.ExperimentalForeignApi' or '@OptIn(kotlinx.cinterop.ExperimentalForeignApi::class)'
e: file:///Volumes/emberstuff/Projects/codex-kotlin/src/macosMain/kotlin/ai/solace/coder/core/Spawn.kt:114:19 This declaration needs opt-in. Its usage must be marked with '@kotlinx.cinterop.ExperimentalForeignApi' or '@OptIn(kotlinx.cinterop.ExperimentalForeignApi::class)'
e: file:///Volumes/emberstuff/Projects/codex-kotlin/src/macosMain/kotlin/ai/solace/coder/core/Spawn.kt:114:19 This declaration needs opt-in. Its usage must be marked with '@kotlinx.cinterop.ExperimentalForeignApi' or '@OptIn(kotlinx.cinterop.ExperimentalForeignApi::class)'
e: file:///Volumes/emberstuff/Projects/codex-kotlin/src/macosMain/kotlin/ai/solace/coder/core/Spawn.kt:118:27 This declaration needs opt-in. Its usage must be marked with '@kotlinx.cinterop.ExperimentalForeignApi' or '@OptIn(kotlinx.cinterop.ExperimentalForeignApi::class)'
e: file:///Volumes/emberstuff/Projects/codex-kotlin/src/macosMain/kotlin/ai/solace/coder/core/Spawn.kt:118:34 This declaration needs opt-in. Its usage must be marked with '@kotlinx.cinterop.ExperimentalForeignApi' or '@OptIn(kotlinx.cinterop.ExperimentalForeignApi::class)'
e: file:///Volumes/emberstuff/Projects/codex-kotlin/src/macosMain/kotlin/ai/solace/coder/core/Spawn.kt:118:34 This declaration needs opt-in. Its usage must be marked with '@kotlinx.cinterop.ExperimentalForeignApi' or '@OptIn(kotlinx.cinterop.ExperimentalForeignApi::class)'
e: file:///Volumes/emberstuff/Projects/codex-kotlin/src/macosMain/kotlin/ai/solace/coder/core/Spawn.kt:118:49 This declaration needs opt-in. Its usage must be marked with '@kotlinx.cinterop.ExperimentalForeignApi' or '@OptIn(kotlinx.cinterop.ExperimentalForeignApi::class)'
e: file:///Volumes/emberstuff/Projects/codex-kotlin/src/macosMain/kotlin/ai/solace/coder/core/Spawn.kt:118:49 This declaration needs opt-in. Its usage must be marked with '@kotlinx.cinterop.ExperimentalForeignApi' or '@OptIn(kotlinx.cinterop.ExperimentalForeignApi::class)'
e: file:///Volumes/emberstuff/Projects/codex-kotlin/src/macosMain/kotlin/ai/solace/coder/core/Spawn.kt:133:12 This declaration needs opt-in. Its usage must be marked with '@kotlinx.cinterop.ExperimentalForeignApi' or '@OptIn(kotlinx.cinterop.ExperimentalForeignApi::class)'
e: file:///Volumes/emberstuff/Projects/codex-kotlin/src/macosMain/kotlin/ai/solace/coder/core/Spawn.kt:133:29 This declaration needs opt-in. Its usage must be marked with '@kotlinx.cinterop.ExperimentalForeignApi' or '@OptIn(kotlinx.cinterop.ExperimentalForeignApi::class)'
e: file:///Volumes/emberstuff/Projects/codex-kotlin/src/macosMain/kotlin/ai/solace/coder/core/Spawn.kt:141:19 This declaration needs opt-in. Its usage must be marked with '@kotlinx.cinterop.ExperimentalForeignApi' or '@OptIn(kotlinx.cinterop.ExperimentalForeignApi::class)'
e: file:///Volumes/emberstuff/Projects/codex-kotlin/src/macosMain/kotlin/ai/solace/coder/core/Spawn.kt:141:35 This declaration needs opt-in. Its usage must be marked with '@kotlinx.cinterop.ExperimentalForeignApi' or '@OptIn(kotlinx.cinterop.ExperimentalForeignApi::class)'
e: file:///Volumes/emberstuff/Projects/codex-kotlin/src/macosMain/kotlin/ai/solace/coder/core/Spawn.kt:167:20 This declaration needs opt-in. Its usage must be marked with '@kotlinx.cinterop.ExperimentalForeignApi' or '@OptIn(kotlinx.cinterop.ExperimentalForeignApi::class)'
e: file:///Volumes/emberstuff/Projects/codex-kotlin/src/macosMain/kotlin/ai/solace/coder/core/Spawn.kt:167:36 This declaration needs opt-in. Its usage must be marked with '@kotlinx.cinterop.ExperimentalForeignApi' or '@OptIn(kotlinx.cinterop.ExperimentalForeignApi::class)'
e: file:///Volumes/emberstuff/Projects/codex-kotlin/src/macosMain/kotlin/ai/solace/coder/core/Spawn.kt:168:37 This declaration needs opt-in. Its usage must be marked with '@kotlinx.cinterop.ExperimentalForeignApi' or '@OptIn(kotlinx.cinterop.ExperimentalForeignApi::class)'
e: file:///Volumes/emberstuff/Projects/codex-kotlin/src/macosMain/kotlin/ai/solace/coder/core/Spawn.kt:168:70 This declaration needs opt-in. Its usage must be marked with '@kotlinx.cinterop.ExperimentalForeignApi' or '@OptIn(kotlinx.cinterop.ExperimentalForeignApi::class)'
e: file:///Volumes/emberstuff/Projects/codex-kotlin/src/macosMain/kotlin/ai/solace/coder/exec/process/MacosProcess.kt:10:14 'public final actual class ProcessHandle : Any' has no corresponding expected declaration
e: file:///Volumes/emberstuff/Projects/codex-kotlin/src/macosMain/kotlin/ai/solace/coder/exec/process/MacosProcess.kt:13:16 'public final actual val stdout: ByteArray?' has no corresponding expected declaration
e: file:///Volumes/emberstuff/Projects/codex-kotlin/src/macosMain/kotlin/ai/solace/coder/exec/process/MacosProcess.kt:14:16 'public final actual val stderr: ByteArray?' has no corresponding expected declaration
e: file:///Volumes/emberstuff/Projects/codex-kotlin/src/macosMain/kotlin/ai/solace/coder/exec/process/MacosProcess.kt:20:24 'public final actual suspend fun onAwait(): Int' has no corresponding expected declaration
e: file:///Volumes/emberstuff/Projects/codex-kotlin/src/macosMain/kotlin/ai/solace/coder/exec/process/MacosProcess.kt:35:12 'public final actual fun createPlatformProcess(program: String, args: List<String>, cwd: String, env: Map<String, String>): ProcessHandle' has no corresponding expected declaration
e: file:///Volumes/emberstuff/Projects/codex-kotlin/src/macosMain/kotlin/ai/solace/coder/exec/process/MacosProcess.kt:47:12 'public final actual fun killPlatformChildProcessGroup(process: ProcessHandle): Unit' has no corresponding expected declaration
e: file:///Volumes/emberstuff/Projects/codex-kotlin/src/macosMain/kotlin/ai/solace/coder/exec/process/MacosProcess.kt:54:12 'public final actual fun platformGetUserShellPath(): String?' has no corresponding expected declaration
e: file:///Volumes/emberstuff/Projects/codex-kotlin/src/macosMain/kotlin/ai/solace/coder/exec/process/MacosProcess.kt:58:12 'public final actual fun platformFileExists(path: String): Boolean' has no corresponding expected declaration
e: file:///Volumes/emberstuff/Projects/codex-kotlin/src/macosMain/kotlin/ai/solace/coder/exec/process/MacosProcess.kt:62:12 'public final actual fun platformFindInPath(binaryName: String): String?' has no corresponding expected declaration
e: file:///Volumes/emberstuff/Projects/codex-kotlin/src/macosMain/kotlin/ai/solace/coder/exec/process/MacosProcess.kt:66:12 'public final actual fun platformIsWindows(): Boolean' has no corresponding expected declaration
e: file:///Volumes/emberstuff/Projects/codex-kotlin/src/macosMain/kotlin/ai/solace/coder/exec/process/MacosProcess.kt:68:12 'public final actual fun platformIsMacOS(): Boolean' has no corresponding expected declaration
e: file:///Volumes/emberstuff/Projects/codex-kotlin/src/macosMain/kotlin/ai/solace/coder/exec/process/MacosProcess.kt:73:12 'public final actual fun platformGetSandbox(): SandboxType?' has no corresponding expected declaration
e: file:///Volumes/emberstuff/Projects/codex-kotlin/src/macosMain/kotlin/ai/solace/coder/exec/process/MacosProcess.kt:81:12 'public final actual fun platformGetMacosDirParams(): List<Pair<String, String>>' has no corresponding expected declaration
e: file:///Volumes/emberstuff/Projects/codex-kotlin/src/nativeMain/kotlin/Main.kt:18:18 This declaration needs opt-in. Its usage must be marked with '@kotlin.time.ExperimentalTime' or '@OptIn(kotlin.time.ExperimentalTime::class)'
e: file:///Volumes/emberstuff/Projects/codex-kotlin/src/nativeMain/kotlin/Main.kt:18:34 Unresolved reference 'System'.
e: file:///Volumes/emberstuff/Projects/codex-kotlin/src/nativeMain/kotlin/Main.kt:19:24 This declaration needs opt-in. Its usage must be marked with '@kotlin.time.ExperimentalTime' or '@OptIn(kotlin.time.ExperimentalTime::class)'
e: file:///Volumes/emberstuff/Projects/codex-kotlin/src/nativeMain/kotlin/Main.kt:19:38 This declaration needs opt-in. Its usage must be marked with '@kotlin.time.ExperimentalTime' or '@OptIn(kotlin.time.ExperimentalTime::class)'
e: file:///Volumes/emberstuff/Projects/codex-kotlin/src/nativeMain/kotlin/Main.kt:21:33 Unresolved reference 'create'.
e: file:///Volumes/emberstuff/Projects/codex-kotlin/src/nativeMain/kotlin/Main.kt:31:30 Unresolved reference 'decode'.
e: file:///Volumes/emberstuff/Projects/codex-kotlin/src/nativeMain/kotlin/Main.kt:40:28 Unresolved reference 'require'.
e: file:///Volumes/emberstuff/Projects/codex-kotlin/src/nativeMain/kotlin/ai/solace/coder/core/Auth.kt:203:49 Unresolved reference 'raw'.
e: file:///Volumes/emberstuff/Projects/codex-kotlin/src/nativeMain/kotlin/ai/solace/coder/core/Auth.kt:245:27 Unresolved reference 'FileAuthStorage'.
e: file:///Volumes/emberstuff/Projects/codex-kotlin/src/nativeMain/kotlin/ai/solace/coder/core/Auth.kt:259:27 Unresolved reference 'FileAuthStorage'.
e: file:///Volumes/emberstuff/Projects/codex-kotlin/src/nativeMain/kotlin/ai/solace/coder/core/Auth.kt:316:45 A class can only extend a sealed class or interface declared in the same package.
e: file:///Volumes/emberstuff/Projects/codex-kotlin/src/nativeMain/kotlin/ai/solace/coder/core/Auth.kt:317:43 A class can only extend a sealed class or interface declared in the same package.
e: file:///Volumes/emberstuff/Projects/codex-kotlin/src/nativeMain/kotlin/ai/solace/coder/core/Auth.kt:761:12 'when' expression must be exhaustive. Add the 'Auto' branch or an 'else' branch.
e: file:///Volumes/emberstuff/Projects/codex-kotlin/src/nativeMain/kotlin/ai/solace/coder/core/Auth.kt:762:42 Unresolved reference 'FileAuthStorage'.
e: file:///Volumes/emberstuff/Projects/codex-kotlin/src/nativeMain/kotlin/ai/solace/coder/core/Auth.kt:763:46 Unresolved reference 'FileAuthStorage'.
e: file:///Volumes/emberstuff/Projects/codex-kotlin/src/nativeMain/kotlin/ai/solace/coder/core/Exec.kt:49:46 Unresolved reference 'milliseconds'.
e: file:///Volumes/emberstuff/Projects/codex-kotlin/src/nativeMain/kotlin/ai/solace/coder/core/Exec.kt:153:50 Unresolved reference 'transform'.
e: file:///Volumes/emberstuff/Projects/codex-kotlin/src/nativeMain/kotlin/ai/solace/coder/core/Exec.kt:161:43 Cannot infer type for type parameter 'T'. Specify it explicitly.
e: file:///Volumes/emberstuff/Projects/codex-kotlin/src/nativeMain/kotlin/ai/solace/coder/core/Exec.kt:165:78 Too many arguments for 'suspend fun executeEnv(env: ExecEnv, sandboxPolicy: SandboxPolicy, stdoutStream: StdoutStream?): RawExecToolCallOutput'.
e: file:///Volumes/emberstuff/Projects/codex-kotlin/src/nativeMain/kotlin/ai/solace/coder/core/Exec.kt:167:64 Unresolved reference 'sandbox'.
e: file:///Volumes/emberstuff/Projects/codex-kotlin/src/nativeMain/kotlin/ai/solace/coder/core/Exec.kt:239:26 'internal' function exposes its 'private-in-file' return type 'RawExecToolCallOutput'.
e: file:///Volumes/emberstuff/Projects/codex-kotlin/src/nativeMain/kotlin/ai/solace/coder/core/Exec.kt:402:20 Type mismatch: inferred type is 'ERROR CLASS: Unresolved name: Sandbox', but 'Throwable' was expected.
e: file:///Volumes/emberstuff/Projects/codex-kotlin/src/nativeMain/kotlin/ai/solace/coder/core/Exec.kt:402:31 Unresolved reference 'Sandbox'.
e: file:///Volumes/emberstuff/Projects/codex-kotlin/src/nativeMain/kotlin/ai/solace/coder/core/auth/Hashing.kt:34:44 None of the following candidates is applicable:
fun Array<out Byte>.toByteArray(): ByteArray
fun Collection<Byte>.toByteArray(): ByteArray
fun UByteArray.toByteArray(): ByteArray
fun ImmutableBlob.toByteArray(startIndex: Int = ..., endIndex: Int = ...): ByteArray
e: file:///Volumes/emberstuff/Projects/codex-kotlin/src/nativeMain/kotlin/ai/solace/coder/core/auth/Hashing.kt:34:56 Unresolved reference 'java'.
e: file:///Volumes/emberstuff/Projects/codex-kotlin/src/nativeMain/kotlin/ai/solace/coder/core/auth/Hashing.kt:60:21 Unresolved reference 'java'.
e: file:///Volumes/emberstuff/Projects/codex-kotlin/src/nativeMain/kotlin/ai/solace/coder/core/auth/Hashing.kt:60:43 Unresolved reference 'java'.
e: file:///Volumes/emberstuff/Projects/codex-kotlin/src/nativeMain/kotlin/ai/solace/coder/core/auth/Hashing.kt:62:16 Unresolved reference 'put'.
e: file:///Volumes/emberstuff/Projects/codex-kotlin/src/nativeMain/kotlin/ai/solace/coder/core/auth/Hashing.kt:64:16 Unresolved reference 'put'.
e: file:///Volumes/emberstuff/Projects/codex-kotlin/src/nativeMain/kotlin/ai/solace/coder/core/auth/Hashing.kt:67:16 Unresolved reference 'put'.
e: file:///Volumes/emberstuff/Projects/codex-kotlin/src/nativeMain/kotlin/ai/solace/coder/core/auth/Hashing.kt:69:16 Unresolved reference 'putLong'.
e: file:///Volumes/emberstuff/Projects/codex-kotlin/src/nativeMain/kotlin/ai/solace/coder/core/auth/Hashing.kt:71:23 Unresolved reference 'array'.
e: file:///Volumes/emberstuff/Projects/codex-kotlin/src/nativeMain/kotlin/ai/solace/coder/core/auth/Hashing.kt:85:13 Unresolved reference 'java'.
e: file:///Volumes/emberstuff/Projects/codex-kotlin/src/nativeMain/kotlin/ai/solace/coder/core/auth/Hashing.kt:99:49 Initializer type mismatch: expected 'Array<IntArray>', actual 'Array<IntArray?>'.
e: file:///Volumes/emberstuff/Projects/codex-kotlin/src/nativeMain/kotlin/ai/solace/coder/core/auth/Hashing.kt:107:23 Only safe (?.) or non-null asserted (!!.) calls are allowed on a nullable receiver of type 'ByteArray?'.
e: file:///Volumes/emberstuff/Projects/codex-kotlin/src/nativeMain/kotlin/ai/solace/coder/core/auth/Hashing.kt:108:31 Only safe (?.) or non-null asserted (!!.) calls are allowed on a nullable receiver of type 'ByteArray?'.
e: file:///Volumes/emberstuff/Projects/codex-kotlin/src/nativeMain/kotlin/ai/solace/coder/core/auth/Hashing.kt:109:31 Only safe (?.) or non-null asserted (!!.) calls are allowed on a nullable receiver of type 'ByteArray?'.
e: file:///Volumes/emberstuff/Projects/codex-kotlin/src/nativeMain/kotlin/ai/solace/coder/core/auth/Hashing.kt:110:30 Only safe (?.) or non-null asserted (!!.) calls are allowed on a nullable receiver of type 'ByteArray?'.
e: file:///Volumes/emberstuff/Projects/codex-kotlin/src/nativeMain/kotlin/ai/solace/coder/core/auth/Hashing.kt:144:16 Unresolved reference 'java'.
e: file:///Volumes/emberstuff/Projects/codex-kotlin/src/nativeMain/kotlin/ai/solace/coder/core/auth/Hashing.kt:145:17 Unresolved reference 'java'.
e: file:///Volumes/emberstuff/Projects/codex-kotlin/src/nativeMain/kotlin/ai/solace/coder/core/auth/Hashing.kt:157:16 Unresolved reference 'java'.
e: file:///Volumes/emberstuff/Projects/codex-kotlin/src/nativeMain/kotlin/ai/solace/coder/core/auth/Hashing.kt:158:17 Unresolved reference 'java'.
e: file:///Volumes/emberstuff/Projects/codex-kotlin/src/nativeMain/kotlin/ai/solace/coder/core/auth/Hashing.kt:206:25 Unresolved reference 'java'.
e: file:///Volumes/emberstuff/Projects/codex-kotlin/src/nativeMain/kotlin/ai/solace/coder/core/auth/Hashing.kt:206:47 Unresolved reference 'java'.
e: file:///Volumes/emberstuff/Projects/codex-kotlin/src/nativeMain/kotlin/ai/solace/coder/core/auth/Hashing.kt:207:37 Unresolved reference 'putInt'.
e: file:///Volumes/emberstuff/Projects/codex-kotlin/src/nativeMain/kotlin/ai/solace/coder/core/auth/Hashing.kt:209:27 Unresolved reference 'array'.
e: file:///Volumes/emberstuff/Projects/codex-kotlin/src/nativeMain/kotlin/ai/solace/coder/core/auth/Hashing.kt:220:16 Unresolved reference 'java'.
e: file:///Volumes/emberstuff/Projects/codex-kotlin/src/nativeMain/kotlin/ai/solace/coder/core/auth/Hashing.kt:221:17 Unresolved reference 'java'.
e: file:///Volumes/emberstuff/Projects/codex-kotlin/src/nativeMain/kotlin/ai/solace/coder/core/auth/Hashing.kt:222:17 Unresolved reference 'java'.
e: file:///Volumes/emberstuff/Projects/codex-kotlin/src/nativeMain/kotlin/ai/solace/coder/core/auth/Hashing.kt:233:16 Unresolved reference 'java'.
e: file:///Volumes/emberstuff/Projects/codex-kotlin/src/nativeMain/kotlin/ai/solace/coder/core/auth/Hashing.kt:234:17 Unresolved reference 'java'.
e: file:///Volumes/emberstuff/Projects/codex-kotlin/src/nativeMain/kotlin/ai/solace/coder/core/auth/Hashing.kt:235:17 Unresolved reference 'java'.
e: file:///Volumes/emberstuff/Projects/codex-kotlin/src/nativeMain/kotlin/ai/solace/coder/core/client/ModelClient.kt:23:29 Unresolved reference 'config'.
e: file:///Volumes/emberstuff/Projects/codex-kotlin/src/nativeMain/kotlin/ai/solace/coder/core/client/ModelClient.kt:24:35 Unresolved reference 'CodexErr'.
e: file:///Volumes/emberstuff/Projects/codex-kotlin/src/nativeMain/kotlin/ai/solace/coder/core/client/ModelClient.kt:25:29 Unresolved reference 'model'.
e: file:///Volumes/emberstuff/Projects/codex-kotlin/src/nativeMain/kotlin/ai/solace/coder/core/client/ModelClient.kt:26:29 Unresolved reference 'model'.
e: file:///Volumes/emberstuff/Projects/codex-kotlin/src/nativeMain/kotlin/ai/solace/coder/core/client/ModelClient.kt:27:29 Unresolved reference 'prompt'.
e: file:///Volumes/emberstuff/Projects/codex-kotlin/src/nativeMain/kotlin/ai/solace/coder/core/client/ModelClient.kt:49:25 Unresolved reference 'Config'.
e: file:///Volumes/emberstuff/Projects/codex-kotlin/src/nativeMain/kotlin/ai/solace/coder/core/client/ModelClient.kt:52:27 Unresolved reference 'ModelProviderInfo'.
e: file:///Volumes/emberstuff/Projects/codex-kotlin/src/nativeMain/kotlin/ai/solace/coder/core/client/ModelClient.kt:63:26 Unresolved reference 'modelFamily'.
e: file:///Volumes/emberstuff/Projects/codex-kotlin/src/nativeMain/kotlin/ai/solace/coder/core/client/ModelClient.kt:64:29 Unresolved reference 'modelContextWindow'.
e: file:///Volumes/emberstuff/Projects/codex-kotlin/src/nativeMain/kotlin/ai/solace/coder/core/client/ModelClient.kt:65:36 Unresolved reference 'modelFamily'.
e: file:///Volumes/emberstuff/Projects/codex-kotlin/src/nativeMain/kotlin/ai/solace/coder/core/client/ModelClient.kt:67:31 Unresolved reference 'div' for operator '/'.
e: file:///Volumes/emberstuff/Projects/codex-kotlin/src/nativeMain/kotlin/ai/solace/coder/core/client/ModelClient.kt:74:23 Unresolved reference 'modelAutoCompactTokenLimit'.
e: file:///Volumes/emberstuff/Projects/codex-kotlin/src/nativeMain/kotlin/ai/solace/coder/core/client/ModelClient.kt:75:36 Unresolved reference 'modelFamily'.
e: file:///Volumes/emberstuff/Projects/codex-kotlin/src/nativeMain/kotlin/ai/solace/coder/core/client/ModelClient.kt:78:19 Unresolved reference 'Config'.
e: file:///Volumes/emberstuff/Projects/codex-kotlin/src/nativeMain/kotlin/ai/solace/coder/core/client/ModelClient.kt:80:21 Unresolved reference 'ModelProviderInfo'.
e: file:///Volumes/emberstuff/Projects/codex-kotlin/src/nativeMain/kotlin/ai/solace/coder/core/client/ModelClient.kt:89:32 Unresolved reference 'Prompt'.
e: file:///Volumes/emberstuff/Projects/codex-kotlin/src/nativeMain/kotlin/ai/solace/coder/core/client/ModelClient.kt:90:31 Unresolved reference 'wireApi'.
e: file:///Volumes/emberstuff/Projects/codex-kotlin/src/nativeMain/kotlin/ai/solace/coder/core/client/ModelClient.kt:97:50 Unresolved reference 'showRawAgentReasoning'.
e: file:///Volumes/emberstuff/Projects/codex-kotlin/src/nativeMain/kotlin/ai/solace/coder/core/client/ModelClient.kt:103:50 Argument type mismatch: actual type is 'Any', but 'ResponseStream' was expected.
e: file:///Volumes/emberstuff/Projects/codex-kotlin/src/nativeMain/kotlin/ai/solace/coder/core/client/ModelClient.kt:105:80 Unresolved reference 'wireApi'.
e: file:///Volumes/emberstuff/Projects/codex-kotlin/src/nativeMain/kotlin/ai/solace/coder/core/client/ModelClient.kt:115:55 Unresolved reference 'Prompt'.
e: file:///Volumes/emberstuff/Projects/codex-kotlin/src/nativeMain/kotlin/ai/solace/coder/core/client/ModelClient.kt:116:20 Unresolved reference 'outputSchema'.
e: file:///Volumes/emberstuff/Projects/codex-kotlin/src/nativeMain/kotlin/ai/solace/coder/core/client/ModelClient.kt:118:17 Unresolved reference 'CodexErr'.
e: file:///Volumes/emberstuff/Projects/codex-kotlin/src/nativeMain/kotlin/ai/solace/coder/core/client/ModelClient.kt:124:35 Unresolved reference 'getFullInstructions'.
e: file:///Volumes/emberstuff/Projects/codex-kotlin/src/nativeMain/kotlin/ai/solace/coder/core/client/ModelClient.kt:124:62 Unresolved reference 'modelFamily'.
e: file:///Volumes/emberstuff/Projects/codex-kotlin/src/nativeMain/kotlin/ai/solace/coder/core/client/ModelClient.kt:125:69 Unresolved reference 'tools'.
e: file:///Volumes/emberstuff/Projects/codex-kotlin/src/nativeMain/kotlin/ai/solace/coder/core/client/ModelClient.kt:134:40 Unresolved reference 'toApiProvider'.
e: file:///Volumes/emberstuff/Projects/codex-kotlin/src/nativeMain/kotlin/ai/solace/coder/core/client/ModelClient.kt:145:32 Unresolved reference 'model'.
e: file:///Volumes/emberstuff/Projects/codex-kotlin/src/nativeMain/kotlin/ai/solace/coder/core/client/ModelClient.kt:176:52 Unresolved reference 'Prompt'.
e: file:///Volumes/emberstuff/Projects/codex-kotlin/src/nativeMain/kotlin/ai/solace/coder/core/client/ModelClient.kt:179:35 Unresolved reference 'getFullInstructions'.
e: file:///Volumes/emberstuff/Projects/codex-kotlin/src/nativeMain/kotlin/ai/solace/coder/core/client/ModelClient.kt:179:62 Unresolved reference 'modelFamily'.
e: file:///Volumes/emberstuff/Projects/codex-kotlin/src/nativeMain/kotlin/ai/solace/coder/core/client/ModelClient.kt:180:63 Unresolved reference 'tools'.
e: file:///Volumes/emberstuff/Projects/codex-kotlin/src/nativeMain/kotlin/ai/solace/coder/core/client/ModelClient.kt:183:36 Unresolved reference 'modelFamily'.
e: file:///Volumes/emberstuff/Projects/codex-kotlin/src/nativeMain/kotlin/ai/solace/coder/core/client/ModelClient.kt:185:43 Unresolved reference 'modelFamily'.
e: file:///Volumes/emberstuff/Projects/codex-kotlin/src/nativeMain/kotlin/ai/solace/coder/core/client/ModelClient.kt:198:36 Unresolved reference 'modelFamily'.
e: file:///Volumes/emberstuff/Projects/codex-kotlin/src/nativeMain/kotlin/ai/solace/coder/core/client/ModelClient.kt:199:20 Unresolved reference 'modelVerbosity'.
e: file:///Volumes/emberstuff/Projects/codex-kotlin/src/nativeMain/kotlin/ai/solace/coder/core/client/ModelClient.kt:199:45 Unresolved reference 'modelFamily'.
e: file:///Volumes/emberstuff/Projects/codex-kotlin/src/nativeMain/kotlin/ai/solace/coder/core/client/ModelClient.kt:201:24 Unresolved reference 'modelVerbosity'.
e: file:///Volumes/emberstuff/Projects/codex-kotlin/src/nativeMain/kotlin/ai/solace/coder/core/client/ModelClient.kt:207:64 Unresolved reference 'outputSchema'.
e: file:///Volumes/emberstuff/Projects/codex-kotlin/src/nativeMain/kotlin/ai/solace/coder/core/client/ModelClient.kt:215:40 Unresolved reference 'toApiProvider'.
e: file:///Volumes/emberstuff/Projects/codex-kotlin/src/nativeMain/kotlin/ai/solace/coder/core/client/ModelClient.kt:236:32 Unresolved reference 'model'.
e: file:///Volumes/emberstuff/Projects/codex-kotlin/src/nativeMain/kotlin/ai/solace/coder/core/client/ModelClient.kt:263:24 Unresolved reference 'ModelProviderInfo'.
e: file:///Volumes/emberstuff/Projects/codex-kotlin/src/nativeMain/kotlin/ai/solace/coder/core/client/ModelClient.kt:269:37 Unresolved reference 'model'.
e: file:///Volumes/emberstuff/Projects/codex-kotlin/src/nativeMain/kotlin/ai/solace/coder/core/client/ModelClient.kt:271:27 Unresolved reference 'ModelFamily'.
e: file:///Volumes/emberstuff/Projects/codex-kotlin/src/nativeMain/kotlin/ai/solace/coder/core/client/ModelClient.kt:271:48 Unresolved reference 'modelFamily'.
e: file:///Volumes/emberstuff/Projects/codex-kotlin/src/nativeMain/kotlin/ai/solace/coder/core/client/ModelClient.kt:285:52 Unresolved reference 'Prompt'.
e: file:///Volumes/emberstuff/Projects/codex-kotlin/src/nativeMain/kotlin/ai/solace/coder/core/client/ModelClient.kt:286:20 Unresolved reference 'input'.
e: file:///Volumes/emberstuff/Projects/codex-kotlin/src/nativeMain/kotlin/ai/solace/coder/core/client/ModelClient.kt:291:36 Unresolved reference 'toApiProvider'.
e: file:///Volumes/emberstuff/Projects/codex-kotlin/src/nativeMain/kotlin/ai/solace/coder/core/client/ModelClient.kt:301:35 Unresolved reference 'getFullInstructions'.
e: file:///Volumes/emberstuff/Projects/codex-kotlin/src/nativeMain/kotlin/ai/solace/coder/core/client/ModelClient.kt:301:62 Unresolved reference 'modelFamily'.
e: file:///Volumes/emberstuff/Projects/codex-kotlin/src/nativeMain/kotlin/ai/solace/coder/core/client/ModelClient.kt:303:28 Unresolved reference 'model'.
e: file:///Volumes/emberstuff/Projects/codex-kotlin/src/nativeMain/kotlin/ai/solace/coder/core/client/ModelClient.kt:304:28 Unresolved reference 'input'.
e: file:///Volumes/emberstuff/Projects/codex-kotlin/src/nativeMain/kotlin/ai/solace/coder/core/client/ModelClient.kt:310:34 'is' over enum entry is prohibited. Use comparison instead.
e: file:///Volumes/emberstuff/Projects/codex-kotlin/src/nativeMain/kotlin/ai/solace/coder/core/client/ModelClient.kt:339:36 Unresolved reference 'Prompt'.
e: file:///Volumes/emberstuff/Projects/codex-kotlin/src/nativeMain/kotlin/ai/solace/coder/core/client/ModelClient.kt:342:24 Unresolved reference 'getFormattedInput'.
e: file:///Volumes/emberstuff/Projects/codex-kotlin/src/nativeMain/kotlin/ai/solace/coder/core/client/ModelClient.kt:344:36 Unresolved reference 'parallelToolCalls'.
e: file:///Volumes/emberstuff/Projects/codex-kotlin/src/nativeMain/kotlin/ai/solace/coder/core/client/ModelClient.kt:345:31 Unresolved reference 'outputSchema'.
e: file:///Volumes/emberstuff/Projects/codex-kotlin/src/nativeMain/kotlin/ai/solace/coder/core/client/ModelClient.kt:405:48 Comparison of incompatible enums 'ai.solace.coder.core.AuthMode' and 'ai.solace.coder.core.client.AuthMode' is always unsuccessful.
e: file:///Volumes/emberstuff/Projects/codex-kotlin/src/nativeMain/kotlin/ai/solace/coder/core/client/ModelClient.kt:406:16 'when' expression must be exhaustive. Add an 'else' branch.
e: file:///Volumes/emberstuff/Projects/codex-kotlin/src/nativeMain/kotlin/ai/solace/coder/core/client/ModelClient.kt:407:23 Unresolved reference 'Success'.
e: file:///Volumes/emberstuff/Projects/codex-kotlin/src/nativeMain/kotlin/ai/solace/coder/core/client/ModelClient.kt:408:23 Cannot access 'class Failure : Serializable': it is internal in 'kotlin.Result'.
e: file:///Volumes/emberstuff/Projects/codex-kotlin/src/nativeMain/kotlin/ai/solace/coder/core/client/ModelClient.kt:409:17 Unresolved reference 'CodexErr'.
e: file:///Volumes/emberstuff/Projects/codex-kotlin/src/nativeMain/kotlin/ai/solace/coder/core/client/ModelClient.kt:409:59 Unresolved reference 'error'.
e: file:///Volumes/emberstuff/Projects/codex-kotlin/src/nativeMain/kotlin/ai/solace/coder/core/client/ModelClient.kt:418:31 Argument type mismatch: actual type is 'String', but 'TransportError' was expected.
e: file:///Volumes/emberstuff/Projects/codex-kotlin/src/nativeMain/kotlin/ai/solace/coder/core/client/ModelClient.kt:429:9 Class 'ApiTelemetry' is not abstract and does not implement abstract member:
fun onRequest(attempt: Int, status: HttpStatusCode?, error: Throwable?, duration: Duration): Unit
e: file:///Volumes/emberstuff/Projects/codex-kotlin/src/nativeMain/kotlin/ai/solace/coder/core/client/ModelClient.kt:433:5 'onRequest' overrides nothing. Potential signatures for overriding:
fun onRequest(attempt: Int, status: HttpStatusCode?, error: Throwable?, duration: Duration): Unit
e: file:///Volumes/emberstuff/Projects/codex-kotlin/src/nativeMain/kotlin/ai/solace/coder/core/client/ModelClient.kt:507:39 Unresolved reference 'ModelFamily'.
e: file:///Volumes/emberstuff/Projects/codex-kotlin/src/nativeMain/kotlin/ai/solace/coder/core/client/ModelClient.kt:522:62 Unresolved reference 'ModelProviderInfo'.
e: file:///Volumes/emberstuff/Projects/codex-kotlin/src/nativeMain/kotlin/ai/solace/coder/core/sandboxing/Assessment.kt:14:60 Unresolved reference 'Low'.
e: file:///Volumes/emberstuff/Projects/codex-kotlin/src/nativeMain/kotlin/ai/solace/coder/core/sandboxing/Assessment.kt:29:41 Unresolved reference 'High'.
e: file:///Volumes/emberstuff/Projects/codex-kotlin/src/nativeMain/kotlin/ai/solace/coder/core/sandboxing/Assessment.kt:33:41 Unresolved reference 'Medium'.
e: file:///Volumes/emberstuff/Projects/codex-kotlin/src/nativeMain/kotlin/ai/solace/coder/core/sandboxing/Assessment.kt:38:41 Unresolved reference 'Medium'.
e: file:///Volumes/emberstuff/Projects/codex-kotlin/src/nativeMain/kotlin/ai/solace/coder/core/sandboxing/Assessment.kt:41:37 Unresolved reference 'Low'.
e: file:///Volumes/emberstuff/Projects/codex-kotlin/src/nativeMain/kotlin/ai/solace/coder/core/sandboxing/Sandboxing.kt:113:17 Unresolved reference 'getPlatformSandbox'.
e: file:///Volumes/emberstuff/Projects/codex-kotlin/src/nativeMain/kotlin/ai/solace/coder/core/sandboxing/Sandboxing.kt:117:25 Unresolved reference 'getPlatformSandbox'.
e: file:///Volumes/emberstuff/Projects/codex-kotlin/src/nativeMain/kotlin/ai/solace/coder/core/sandboxing/Sandboxing.kt:125:75 Unresolved reference 'ExecToolCallOutput'.
e: file:///Volumes/emberstuff/Projects/codex-kotlin/src/nativeMain/kotlin/ai/solace/coder/core/sandboxing/Sandboxing.kt:252:46 Unresolved reference 'ExecToolCallOutput'.
e: file:///Volumes/emberstuff/Projects/codex-kotlin/src/nativeMain/kotlin/ai/solace/coder/core/sandboxing/Sandboxing.kt:254:51 Unresolved reference 'exitCode'.
e: file:///Volumes/emberstuff/Projects/codex-kotlin/src/nativeMain/kotlin/ai/solace/coder/core/sandboxing/Sandboxing.kt:259:50 Unresolved reference 'exitCode'.
e: file:///Volumes/emberstuff/Projects/codex-kotlin/src/nativeMain/kotlin/ai/solace/coder/core/sandboxing/Sandboxing.kt:273:33 Cannot infer type for type parameter 'T'. Specify it explicitly.
e: file:///Volumes/emberstuff/Projects/codex-kotlin/src/nativeMain/kotlin/ai/solace/coder/core/sandboxing/Sandboxing.kt:274:20 Unresolved reference 'stderr'.
e: file:///Volumes/emberstuff/Projects/codex-kotlin/src/nativeMain/kotlin/ai/solace/coder/core/sandboxing/Sandboxing.kt:275:20 Unresolved reference 'stdout'.
e: file:///Volumes/emberstuff/Projects/codex-kotlin/src/nativeMain/kotlin/ai/solace/coder/core/sandboxing/Sandboxing.kt:276:20 Unresolved reference 'aggregatedOutput'.
e: file:///Volumes/emberstuff/Projects/codex-kotlin/src/nativeMain/kotlin/ai/solace/coder/core/sandboxing/Sandboxing.kt:277:11 Cannot infer type for type parameter 'T'. Specify it explicitly.
e: file:///Volumes/emberstuff/Projects/codex-kotlin/src/nativeMain/kotlin/ai/solace/coder/core/sandboxing/Sandboxing.kt:277:17 Cannot infer type for type parameter 'T'. Specify it explicitly.
e: file:///Volumes/emberstuff/Projects/codex-kotlin/src/nativeMain/kotlin/ai/solace/coder/core/sandboxing/Sandboxing.kt:278:33 Cannot infer type for type parameter 'T'. Specify it explicitly.
e: file:///Volumes/emberstuff/Projects/codex-kotlin/src/nativeMain/kotlin/ai/solace/coder/core/sandboxing/Sandboxing.kt:278:33 Cannot infer type for type parameter 'R'. Specify it explicitly.
e: file:///Volumes/emberstuff/Projects/codex-kotlin/src/nativeMain/kotlin/ai/solace/coder/core/sandboxing/Sandboxing.kt:278:33 Unresolved reference. None of the following candidates is applicable because of a receiver type mismatch:
fun <T, R> T.let(block: (T) -> R): R
e: file:///Volumes/emberstuff/Projects/codex-kotlin/src/nativeMain/kotlin/ai/solace/coder/core/sandboxing/Sandboxing.kt:278:39 Cannot infer type for type parameter 'T'. Specify it explicitly.
e: file:///Volumes/emberstuff/Projects/codex-kotlin/src/nativeMain/kotlin/ai/solace/coder/core/session/Codex.kt:13:35 Unresolved reference 'ProcessedResponseItem'.
e: file:///Volumes/emberstuff/Projects/codex-kotlin/src/nativeMain/kotlin/ai/solace/coder/core/session/Codex.kt:15:35 Unresolved reference 'ToolCallProcessor'.
e: file:///Volumes/emberstuff/Projects/codex-kotlin/src/nativeMain/kotlin/ai/solace/coder/core/session/Codex.kt:19:35 Unresolved reference 'ApplyPatchToolType'.
e: file:///Volumes/emberstuff/Projects/codex-kotlin/src/nativeMain/kotlin/ai/solace/coder/core/session/Codex.kt:103:37 Unresolved reference 'ProcessExecutor'.
e: file:///Volumes/emberstuff/Projects/codex-kotlin/src/nativeMain/kotlin/ai/solace/coder/core/session/Codex.kt:104:37 Unresolved reference 'ExecParams'.
e: file:///Volumes/emberstuff/Projects/codex-kotlin/src/nativeMain/kotlin/ai/solace/coder/core/session/Codex.kt:105:37 Unresolved reference 'ExecExpiration'.
e: file:///Volumes/emberstuff/Projects/codex-kotlin/src/nativeMain/kotlin/ai/solace/coder/core/session/Codex.kt:1468:29 Unresolved reference 'ApplyPatchToolType'.
e: file:///Volumes/emberstuff/Projects/codex-kotlin/src/nativeMain/kotlin/ai/solace/coder/core/session/Codex.kt:1840:33 Unresolved reference 'ToolCallProcessor'.
e: file:///Volumes/emberstuff/Projects/codex-kotlin/src/nativeMain/kotlin/ai/solace/coder/core/session/Codex.kt:1867:33 Unresolved reference 'ToolCallProcessor'.
e: file:///Volumes/emberstuff/Projects/codex-kotlin/src/nativeMain/kotlin/ai/solace/coder/core/session/Codex.kt:1898:16 Unresolved reference 'ProcessedResponseItem'.
e: file:///Volumes/emberstuff/Projects/codex-kotlin/src/nativeMain/kotlin/ai/solace/coder/core/session/Codex.kt:1900:29 No value passed for parameter 'specs'.
e: file:///Volumes/emberstuff/Projects/codex-kotlin/src/nativeMain/kotlin/ai/solace/coder/core/session/Codex.kt:1900:41 No value passed for parameter 'handlers'.
e: file:///Volumes/emberstuff/Projects/codex-kotlin/src/nativeMain/kotlin/ai/solace/coder/core/session/Codex.kt:1980:16 Unresolved reference 'ProcessedResponseItem'.
e: file:///Volumes/emberstuff/Projects/codex-kotlin/src/nativeMain/kotlin/ai/solace/coder/core/session/Codex.kt:1997:19 Argument type mismatch: actual type is 'SharedTurnDiffTracker', but 'Mutex' was expected.
e: file:///Volumes/emberstuff/Projects/codex-kotlin/src/nativeMain/kotlin/ai/solace/coder/core/session/Codex.kt:2001:53 Unresolved reference 'ProcessedResponseItem'.
e: file:///Volumes/emberstuff/Projects/codex-kotlin/src/nativeMain/kotlin/ai/solace/coder/core/session/Codex.kt:2047:40 Cannot infer type for type parameter 'T'. Specify it explicitly.
e: file:///Volumes/emberstuff/Projects/codex-kotlin/src/nativeMain/kotlin/ai/solace/coder/core/session/Codex.kt:2047:40 Cannot infer type for type parameter 'R'. Specify it explicitly.
e: file:///Volumes/emberstuff/Projects/codex-kotlin/src/nativeMain/kotlin/ai/solace/coder/core/session/Codex.kt:2047:49 No value passed for parameter 'value'.
e: file:///Volumes/emberstuff/Projects/codex-kotlin/src/nativeMain/kotlin/ai/solace/coder/core/session/Codex.kt:2052:80 Cannot infer type for type parameter 'T'. Specify it explicitly.
e: file:///Volumes/emberstuff/Projects/codex-kotlin/src/nativeMain/kotlin/ai/solace/coder/core/session/Codex.kt:2052:86 Cannot infer type for type parameter 'T'. Specify it explicitly.
e: file:///Volumes/emberstuff/Projects/codex-kotlin/src/nativeMain/kotlin/ai/solace/coder/core/session/Codex.kt:2055:40 Cannot infer type for type parameter 'T'. Specify it explicitly.
e: file:///Volumes/emberstuff/Projects/codex-kotlin/src/nativeMain/kotlin/ai/solace/coder/core/session/Codex.kt:2055:48 Unresolved reference 'ProcessedResponseItem'.
e: file:///Volumes/emberstuff/Projects/codex-kotlin/src/nativeMain/kotlin/ai/solace/coder/core/session/Codex.kt:2063:40 Cannot infer type for type parameter 'T'. Specify it explicitly.
e: file:///Volumes/emberstuff/Projects/codex-kotlin/src/nativeMain/kotlin/ai/solace/coder/core/session/Codex.kt:2063:40 Cannot infer type for type parameter 'R'. Specify it explicitly.
e: file:///Volumes/emberstuff/Projects/codex-kotlin/src/nativeMain/kotlin/ai/solace/coder/core/session/Codex.kt:2063:49 No value passed for parameter 'value'.
e: file:///Volumes/emberstuff/Projects/codex-kotlin/src/nativeMain/kotlin/ai/solace/coder/core/session/Codex.kt:2073:80 Cannot infer type for type parameter 'T'. Specify it explicitly.
e: file:///Volumes/emberstuff/Projects/codex-kotlin/src/nativeMain/kotlin/ai/solace/coder/core/session/Codex.kt:2073:86 Cannot infer type for type parameter 'T'. Specify it explicitly.
e: file:///Volumes/emberstuff/Projects/codex-kotlin/src/nativeMain/kotlin/ai/solace/coder/core/session/Codex.kt:2074:40 Cannot infer type for type parameter 'T'. Specify it explicitly.
e: file:///Volumes/emberstuff/Projects/codex-kotlin/src/nativeMain/kotlin/ai/solace/coder/core/session/Codex.kt:2074:48 Unresolved reference 'ProcessedResponseItem'.
e: file:///Volumes/emberstuff/Projects/codex-kotlin/src/nativeMain/kotlin/ai/solace/coder/core/session/Codex.kt:2095:80 Cannot infer type for type parameter 'T'. Specify it explicitly.
e: file:///Volumes/emberstuff/Projects/codex-kotlin/src/nativeMain/kotlin/ai/solace/coder/core/session/Codex.kt:2095:86 Cannot infer type for type parameter 'T'. Specify it explicitly.
e: file:///Volumes/emberstuff/Projects/codex-kotlin/src/nativeMain/kotlin/ai/solace/coder/core/session/Codex.kt:2096:40 Cannot infer type for type parameter 'T'. Specify it explicitly.
e: file:///Volumes/emberstuff/Projects/codex-kotlin/src/nativeMain/kotlin/ai/solace/coder/core/session/Codex.kt:2096:48 Unresolved reference 'ProcessedResponseItem'.
e: file:///Volumes/emberstuff/Projects/codex-kotlin/src/nativeMain/kotlin/ai/solace/coder/core/session/Codex.kt:2902:56 Unresolved reference 'ProcessedResponseItem'.
e: file:///Volumes/emberstuff/Projects/codex-kotlin/src/nativeMain/kotlin/ai/solace/coder/core/session/Codex.kt:2981:35 Unresolved reference 'ProcessExecutor'.
e: file:///Volumes/emberstuff/Projects/codex-kotlin/src/nativeMain/kotlin/ai/solace/coder/core/session/Codex.kt:3028:26 Unresolved reference 'ExecParams'.
e: file:///Volumes/emberstuff/Projects/codex-kotlin/src/nativeMain/kotlin/ai/solace/coder/core/session/Codex.kt:3031:26 Unresolved reference 'ExecExpiration'.
e: file:///Volumes/emberstuff/Projects/codex-kotlin/src/nativeMain/kotlin/ai/solace/coder/core/session/Codex.kt:3032:19 Cannot infer type for type parameter 'K'. Specify it explicitly.
e: file:///Volumes/emberstuff/Projects/codex-kotlin/src/nativeMain/kotlin/ai/solace/coder/core/session/Codex.kt:3032:19 Cannot infer type for type parameter 'V'. Specify it explicitly.
e: file:///Volumes/emberstuff/Projects/codex-kotlin/src/nativeMain/kotlin/ai/solace/coder/core/session/Codex.kt:3047:20 Cannot infer type for type parameter 'T'. Specify it explicitly.
e: file:///Volumes/emberstuff/Projects/codex-kotlin/src/nativeMain/kotlin/ai/solace/coder/core/session/Codex.kt:3048:31 Cannot infer type for type parameter 'T'. Specify it explicitly.
e: file:///Volumes/emberstuff/Projects/codex-kotlin/src/nativeMain/kotlin/ai/solace/coder/core/session/Codex.kt:3049:37 Unresolved reference 'stdout'.
e: file:///Volumes/emberstuff/Projects/codex-kotlin/src/nativeMain/kotlin/ai/solace/coder/core/session/Codex.kt:3050:37 Unresolved reference 'stderr'.
e: file:///Volumes/emberstuff/Projects/codex-kotlin/src/nativeMain/kotlin/ai/solace/coder/core/session/Codex.kt:3051:39 Unresolved reference 'exitCode'.
e: file:///Volumes/emberstuff/Projects/codex-kotlin/src/nativeMain/kotlin/ai/solace/coder/core/session/UserShellCommand.kt:4:37 Unresolved reference 'ExecToolCallOutput'.
e: file:///Volumes/emberstuff/Projects/codex-kotlin/src/nativeMain/kotlin/ai/solace/coder/core/session/UserShellCommand.kt:43:17 Unresolved reference 'ExecToolCallOutput'.
e: file:///Volumes/emberstuff/Projects/codex-kotlin/src/nativeMain/kotlin/ai/solace/coder/core/session/UserShellCommand.kt:51:43 Unresolved reference 'exitCode'.
e: file:///Volumes/emberstuff/Projects/codex-kotlin/src/nativeMain/kotlin/ai/solace/coder/core/session/UserShellCommand.kt:52:48 Unresolved reference 'duration'.
e: file:///Volumes/emberstuff/Projects/codex-kotlin/src/nativeMain/kotlin/ai/solace/coder/core/session/UserShellCommand.kt:64:17 Unresolved reference 'ExecToolCallOutput'.
e: file:///Volumes/emberstuff/Projects/codex-kotlin/src/nativeMain/kotlin/ai/solace/coder/core/session/UserShellCommand.kt:76:17 Unresolved reference 'ExecToolCallOutput'.
e: file:///Volumes/emberstuff/Projects/codex-kotlin/src/nativeMain/kotlin/ai/solace/coder/core/session/UserShellCommand.kt:94:13 Unresolved reference 'ExecToolCallOutput'.
e: file:///Volumes/emberstuff/Projects/codex-kotlin/src/nativeMain/kotlin/ai/solace/coder/core/session/UserShellCommand.kt:98:30 Unresolved reference 'aggregatedOutput'.
e: file:///Volumes/emberstuff/Projects/codex-kotlin/src/nativeMain/kotlin/ai/solace/coder/core/session/UserShellCommand.kt:99:16 Unresolved reference 'aggregatedOutput'.
e: file:///Volumes/emberstuff/Projects/codex-kotlin/src/nativeMain/kotlin/ai/solace/coder/core/session/UserShellCommand.kt:102:24 Unresolved reference 'stdout'.
e: file:///Volumes/emberstuff/Projects/codex-kotlin/src/nativeMain/kotlin/ai/solace/coder/core/session/UserShellCommand.kt:103:31 Unresolved reference 'stdout'.
e: file:///Volumes/emberstuff/Projects/codex-kotlin/src/nativeMain/kotlin/ai/solace/coder/core/session/UserShellCommand.kt:105:24 Unresolved reference 'stderr'.
e: file:///Volumes/emberstuff/Projects/codex-kotlin/src/nativeMain/kotlin/ai/solace/coder/core/session/UserShellCommand.kt:107:31 Unresolved reference 'stderr'.
e: file:///Volumes/emberstuff/Projects/codex-kotlin/src/nativeMain/kotlin/ai/solace/coder/core/tools/Context.kt:6:29 Unresolved reference 'turn_diff_tracker'.
e: file:///Volumes/emberstuff/Projects/codex-kotlin/src/nativeMain/kotlin/ai/solace/coder/core/tools/Context.kt:93:26 Argument type mismatch: actual type is 'kotlin.Result<CallToolResult>', but 'ai.solace.coder.protocol.Result<CallToolResult, String>' was expected.
e: file:///Volumes/emberstuff/Projects/codex-kotlin/src/nativeMain/kotlin/ai/solace/coder/core/tools/Events.kt:5:35 Unresolved reference 'SandboxError'.
e: file:///Volumes/emberstuff/Projects/codex-kotlin/src/nativeMain/kotlin/ai/solace/coder/core/tools/Events.kt:6:29 Unresolved reference 'exec'.
e: file:///Volumes/emberstuff/Projects/codex-kotlin/src/nativeMain/kotlin/ai/solace/coder/core/tools/Events.kt:7:29 Unresolved reference 'function_tool'.
e: file:///Volumes/emberstuff/Projects/codex-kotlin/src/nativeMain/kotlin/ai/solace/coder/core/tools/Events.kt:10:35 Unresolved reference 'sandboxing'.
e: file:///Volumes/emberstuff/Projects/codex-kotlin/src/nativeMain/kotlin/ai/solace/coder/core/tools/Events.kt:20:33 Unresolved reference 'parseCommand'.
e: file:///Volumes/emberstuff/Projects/codex-kotlin/src/nativeMain/kotlin/ai/solace/coder/core/tools/Events.kt:33:36 Unresolved reference 'ExecToolCallOutput'.
e: file:///Volumes/emberstuff/Projects/codex-kotlin/src/nativeMain/kotlin/ai/solace/coder/core/tools/Events.kt:38:35 Unresolved reference 'ExecToolCallOutput'.
e: file:///Volumes/emberstuff/Projects/codex-kotlin/src/nativeMain/kotlin/ai/solace/coder/core/tools/Events.kt:98:29 Unresolved reference 'parseCommand'.
e: file:///Volumes/emberstuff/Projects/codex-kotlin/src/nativeMain/kotlin/ai/solace/coder/core/tools/Events.kt:119:29 Unresolved reference 'parseCommand'.
e: file:///Volumes/emberstuff/Projects/codex-kotlin/src/nativeMain/kotlin/ai/solace/coder/core/tools/Events.kt:150:46 Cannot infer type for type parameter 'T'. Specify it explicitly.
e: file:///Volumes/emberstuff/Projects/codex-kotlin/src/nativeMain/kotlin/ai/solace/coder/core/tools/Events.kt:151:29 Unresolved reference 'it'.
e: file:///Volumes/emberstuff/Projects/codex-kotlin/src/nativeMain/kotlin/ai/solace/coder/core/tools/Events.kt:169:42 Unresolved reference 'stdout'.
e: file:///Volumes/emberstuff/Projects/codex-kotlin/src/nativeMain/kotlin/ai/solace/coder/core/tools/Events.kt:170:42 Unresolved reference 'stderr'.
e: file:///Volumes/emberstuff/Projects/codex-kotlin/src/nativeMain/kotlin/ai/solace/coder/core/tools/Events.kt:171:42 Unresolved reference 'exitCode'.
e: file:///Volumes/emberstuff/Projects/codex-kotlin/src/nativeMain/kotlin/ai/solace/coder/core/tools/Events.kt:180:52 Unresolved reference 'stdout'.
e: file:///Volumes/emberstuff/Projects/codex-kotlin/src/nativeMain/kotlin/ai/solace/coder/core/tools/Events.kt:181:52 Unresolved reference 'stderr'.
e: file:///Volumes/emberstuff/Projects/codex-kotlin/src/nativeMain/kotlin/ai/solace/coder/core/tools/Events.kt:182:52 Unresolved reference 'exitCode'.
e: file:///Volumes/emberstuff/Projects/codex-kotlin/src/nativeMain/kotlin/ai/solace/coder/core/tools/Events.kt:220:17 Unresolved reference 'ExecToolCallOutput'.
e: file:///Volumes/emberstuff/Projects/codex-kotlin/src/nativeMain/kotlin/ai/solace/coder/core/tools/Events.kt:237:21 Unresolved reference 'ExecToolCallOutput'.
e: file:///Volumes/emberstuff/Projects/codex-kotlin/src/nativeMain/kotlin/ai/solace/coder/core/tools/Events.kt:239:31 Operator call 'component1()' is ambiguous for destructuring of type 'ERROR CLASS: Ambiguity: fold, [kotlin/fold, kotlin/collections/fold, kotlin/collections/fold, kotlin/collections/fold, kotlin/collections/fold, kotlin/collections/fold, kotlin/collections/fold, kotlin/collections/fold, kotlin/collections/fold, kotlin/collections/fold, kotlin/collections/fold, kotlin/collections/fold, kotlin/collections/fold, kotlin/collections/fold, kotlin/collections/fold, kotlin/collections/fold, kotlin/collections/fold, kotlin/sequences/fold, kotlin/text/fold]'. Applicable candidates:
fun <T> Array<out T>.component1(): T
fun ByteArray.component1(): Byte
fun ShortArray.component1(): Short
fun IntArray.component1(): Int
fun LongArray.component1(): Long
fun FloatArray.component1(): Float
fun DoubleArray.component1(): Double
fun BooleanArray.component1(): Boolean
fun CharArray.component1(): Char
fun <T> List<T>.component1(): T
fun UIntArray.component1(): UInt
fun ULongArray.component1(): ULong
fun UByteArray.component1(): UByte
fun UShortArray.component1(): UShort
fun <K, V> Map.Entry<K, V>.component1(): K
e: file:///Volumes/emberstuff/Projects/codex-kotlin/src/nativeMain/kotlin/ai/solace/coder/core/tools/Events.kt:239:31 Operator call 'component2()' is ambiguous for destructuring of type 'ERROR CLASS: Ambiguity: fold, [kotlin/fold, kotlin/collections/fold, kotlin/collections/fold, kotlin/collections/fold, kotlin/collections/fold, kotlin/collections/fold, kotlin/collections/fold, kotlin/collections/fold, kotlin/collections/fold, kotlin/collections/fold, kotlin/collections/fold, kotlin/collections/fold, kotlin/collections/fold, kotlin/collections/fold, kotlin/collections/fold, kotlin/collections/fold, kotlin/collections/fold, kotlin/sequences/fold, kotlin/text/fold]'. Applicable candidates:
fun <T> Array<out T>.component2(): T
fun ByteArray.component2(): Byte
fun ShortArray.component2(): Short
fun IntArray.component2(): Int
fun LongArray.component2(): Long
fun FloatArray.component2(): Float
fun DoubleArray.component2(): Double
fun BooleanArray.component2(): Boolean
fun CharArray.component2(): Char
fun <T> List<T>.component2(): T
fun UIntArray.component2(): UInt
fun ULongArray.component2(): ULong
fun UByteArray.component2(): UByte
fun UShortArray.component2(): UShort
fun <K, V> Map.Entry<K, V>.component2(): V
e: file:///Volumes/emberstuff/Projects/codex-kotlin/src/nativeMain/kotlin/ai/solace/coder/core/tools/Events.kt:240:27 Cannot infer type for value parameter 'output'. Specify it explicitly.
e: file:///Volumes/emberstuff/Projects/codex-kotlin/src/nativeMain/kotlin/ai/solace/coder/core/tools/Events.kt:242:39 Unresolved reference 'exitCode'.
e: file:///Volumes/emberstuff/Projects/codex-kotlin/src/nativeMain/kotlin/ai/solace/coder/core/tools/Events.kt:247:36 Unresolved reference 'FunctionCallError'.
e: file:///Volumes/emberstuff/Projects/codex-kotlin/src/nativeMain/kotlin/ai/solace/coder/core/tools/Events.kt:251:27 Cannot infer type for value parameter 'err'. Specify it explicitly.
e: file:///Volumes/emberstuff/Projects/codex-kotlin/src/nativeMain/kotlin/ai/solace/coder/core/tools/Events.kt:255:43 Unresolved reference 'Sandbox'.
e: file:///Volumes/emberstuff/Projects/codex-kotlin/src/nativeMain/kotlin/ai/solace/coder/core/tools/Events.kt:256:62 Unresolved reference 'error'.
e: file:///Volumes/emberstuff/Projects/codex-kotlin/src/nativeMain/kotlin/ai/solace/coder/core/tools/Events.kt:257:40 Unresolved reference 'SandboxError'.
e: file:///Volumes/emberstuff/Projects/codex-kotlin/src/nativeMain/kotlin/ai/solace/coder/core/tools/Events.kt:258:92 Unresolved reference 'output'.
e: file:///Volumes/emberstuff/Projects/codex-kotlin/src/nativeMain/kotlin/ai/solace/coder/core/tools/Events.kt:259:111 Unresolved reference 'output'.
e: file:///Volumes/emberstuff/Projects/codex-kotlin/src/nativeMain/kotlin/ai/solace/coder/core/tools/Events.kt:260:77 Unresolved reference 'FunctionCallError'.
e: file:///Volumes/emberstuff/Projects/codex-kotlin/src/nativeMain/kotlin/ai/solace/coder/core/tools/Events.kt:263:40 Unresolved reference 'SandboxError'.
e: file:///Volumes/emberstuff/Projects/codex-kotlin/src/nativeMain/kotlin/ai/solace/coder/core/tools/Events.kt:264:92 Unresolved reference 'output'.
e: file:///Volumes/emberstuff/Projects/codex-kotlin/src/nativeMain/kotlin/ai/solace/coder/core/tools/Events.kt:265:111 Unresolved reference 'output'.
e: file:///Volumes/emberstuff/Projects/codex-kotlin/src/nativeMain/kotlin/ai/solace/coder/core/tools/Events.kt:266:77 Unresolved reference 'FunctionCallError'.
e: file:///Volumes/emberstuff/Projects/codex-kotlin/src/nativeMain/kotlin/ai/solace/coder/core/tools/Events.kt:272:77 Unresolved reference 'FunctionCallError'.
e: file:///Volumes/emberstuff/Projects/codex-kotlin/src/nativeMain/kotlin/ai/solace/coder/core/tools/Events.kt:280:69 Unresolved reference 'FunctionCallError'.
e: file:///Volumes/emberstuff/Projects/codex-kotlin/src/nativeMain/kotlin/ai/solace/coder/core/tools/Events.kt:286:39 Unresolved reference 'message'.
e: file:///Volumes/emberstuff/Projects/codex-kotlin/src/nativeMain/kotlin/ai/solace/coder/core/tools/Events.kt:293:61 Unresolved reference 'FunctionCallError'.
e: file:///Volumes/emberstuff/Projects/codex-kotlin/src/nativeMain/kotlin/ai/solace/coder/core/tools/Events.kt:299:62 Unresolved reference 'FunctionCallError'.
e: file:///Volumes/emberstuff/Projects/codex-kotlin/src/nativeMain/kotlin/ai/solace/coder/core/tools/Events.kt:348:33 Unresolved reference 'stdout'.
e: file:///Volumes/emberstuff/Projects/codex-kotlin/src/nativeMain/kotlin/ai/solace/coder/core/tools/Events.kt:349:33 Unresolved reference 'stderr'.
e: file:///Volumes/emberstuff/Projects/codex-kotlin/src/nativeMain/kotlin/ai/solace/coder/core/tools/Events.kt:350:43 Unresolved reference 'aggregatedOutput'.
e: file:///Volumes/emberstuff/Projects/codex-kotlin/src/nativeMain/kotlin/ai/solace/coder/core/tools/Events.kt:351:35 Unresolved reference 'exitCode'.
e: file:///Volumes/emberstuff/Projects/codex-kotlin/src/nativeMain/kotlin/ai/solace/coder/core/tools/Events.kt:352:35 Unresolved reference 'duration'.
e: file:///Volumes/emberstuff/Projects/codex-kotlin/src/nativeMain/kotlin/ai/solace/coder/core/tools/Events.kt:362:41 Unresolved reference 'stdout'.
e: file:///Volumes/emberstuff/Projects/codex-kotlin/src/nativeMain/kotlin/ai/solace/coder/core/tools/Events.kt:363:41 Unresolved reference 'stderr'.
e: file:///Volumes/emberstuff/Projects/codex-kotlin/src/nativeMain/kotlin/ai/solace/coder/core/tools/Events.kt:364:51 Unresolved reference 'aggregatedOutput'.
e: file:///Volumes/emberstuff/Projects/codex-kotlin/src/nativeMain/kotlin/ai/solace/coder/core/tools/Events.kt:365:43 Unresolved reference 'exitCode'.
e: file:///Volumes/emberstuff/Projects/codex-kotlin/src/nativeMain/kotlin/ai/solace/coder/core/tools/Events.kt:366:43 Unresolved reference 'duration'.
e: file:///Volumes/emberstuff/Projects/codex-kotlin/src/nativeMain/kotlin/ai/solace/coder/core/tools/Events.kt:409:28 Argument type mismatch: actual type is 'Duration', but 'String' was expected.
e: file:///Volumes/emberstuff/Projects/codex-kotlin/src/nativeMain/kotlin/ai/solace/coder/core/tools/Events.kt:438:35 Cannot infer type for type parameter 'T'. Specify it explicitly.
e: file:///Volumes/emberstuff/Projects/codex-kotlin/src/nativeMain/kotlin/ai/solace/coder/core/tools/Events.kt:439:13 Unresolved reference 'it'.
e: file:///Volumes/emberstuff/Projects/codex-kotlin/src/nativeMain/kotlin/ai/solace/coder/core/tools/Events.kt:444:49 Argument type mismatch: actual type is 'Any', but 'String' was expected.
e: file:///Volumes/emberstuff/Projects/codex-kotlin/src/nativeMain/kotlin/ai/solace/coder/core/tools/Orchestrator.kt:5:35 Unresolved reference 'SandboxError'.
e: file:///Volumes/emberstuff/Projects/codex-kotlin/src/nativeMain/kotlin/ai/solace/coder/core/tools/Orchestrator.kt:6:35 Unresolved reference 'getErrorMessageUi'.
e: file:///Volumes/emberstuff/Projects/codex-kotlin/src/nativeMain/kotlin/ai/solace/coder/core/tools/Orchestrator.kt:7:29 Unresolved reference 'exec'.
e: file:///Volumes/emberstuff/Projects/codex-kotlin/src/nativeMain/kotlin/ai/solace/coder/core/tools/Orchestrator.kt:8:29 Unresolved reference 'exec'.
e: file:///Volumes/emberstuff/Projects/codex-kotlin/src/nativeMain/kotlin/ai/solace/coder/core/tools/Orchestrator.kt:25:28 Unresolved reference 'client'.
e: file:///Volumes/emberstuff/Projects/codex-kotlin/src/nativeMain/kotlin/ai/solace/coder/core/tools/Orchestrator.kt:78:58 Unresolved reference 'SandboxType'.
e: file:///Volumes/emberstuff/Projects/codex-kotlin/src/nativeMain/kotlin/ai/solace/coder/core/tools/Orchestrator.kt:79:51 Unresolved reference 'selectInitial'.
e: file:///Volumes/emberstuff/Projects/codex-kotlin/src/nativeMain/kotlin/ai/solace/coder/core/tools/Orchestrator.kt:97:112 Unresolved reference 'Sandbox'.
e: file:///Volumes/emberstuff/Projects/codex-kotlin/src/nativeMain/kotlin/ai/solace/coder/core/tools/Orchestrator.kt:97:139 Unresolved reference 'error'.
e: file:///Volumes/emberstuff/Projects/codex-kotlin/src/nativeMain/kotlin/ai/solace/coder/core/tools/Orchestrator.kt:97:148 Unresolved reference 'SandboxError'.
e: file:///Volumes/emberstuff/Projects/codex-kotlin/src/nativeMain/kotlin/ai/solace/coder/core/tools/Orchestrator.kt:98:55 Unresolved reference 'error'.
e: file:///Volumes/emberstuff/Projects/codex-kotlin/src/nativeMain/kotlin/ai/solace/coder/core/tools/Orchestrator.kt:98:64 Unresolved reference 'SandboxError'.
e: file:///Volumes/emberstuff/Projects/codex-kotlin/src/nativeMain/kotlin/ai/solace/coder/core/tools/Orchestrator.kt:99:46 Unresolved reference 'output'.
e: file:///Volumes/emberstuff/Projects/codex-kotlin/src/nativeMain/kotlin/ai/solace/coder/core/tools/Orchestrator.kt:113:44 Unresolved reference 'getErrorMessageUi'.
e: file:///Volumes/emberstuff/Projects/codex-kotlin/src/nativeMain/kotlin/ai/solace/coder/core/tools/Orchestrator.kt:145:35 Unresolved reference 'SandboxType'.
e: file:///Volumes/emberstuff/Projects/codex-kotlin/src/nativeMain/kotlin/ai/solace/coder/core/tools/Orchestrator.kt:161:41 Unresolved reference 'ExecToolCallOutput'.
e: file:///Volumes/emberstuff/Projects/codex-kotlin/src/nativeMain/kotlin/ai/solace/coder/core/tools/Parallel.kt:97:29 Suspension functions can only be called within coroutine body.
e: file:///Volumes/emberstuff/Projects/codex-kotlin/src/nativeMain/kotlin/ai/solace/coder/core/tools/Parallel.kt:103:42 Argument type mismatch: actual type is 'CodexError.Fatal', but 'Throwable' was expected.
e: file:///Volumes/emberstuff/Projects/codex-kotlin/src/nativeMain/kotlin/ai/solace/coder/core/tools/Parallel.kt:106:29 Argument type mismatch: actual type is 'CodexError.Fatal', but 'Throwable' was expected.
e: file:///Volumes/emberstuff/Projects/codex-kotlin/src/nativeMain/kotlin/ai/solace/coder/core/tools/Registry.kt:4:31 Unresolved reference 'common'.
e: file:///Volumes/emberstuff/Projects/codex-kotlin/src/nativeMain/kotlin/ai/solace/coder/core/tools/Registry.kt:5:29 Unresolved reference 'function_tool'.
e: file:///Volumes/emberstuff/Projects/codex-kotlin/src/nativeMain/kotlin/ai/solace/coder/core/tools/Registry.kt:45:36 Unresolved reference 'client'.
e: file:///Volumes/emberstuff/Projects/codex-kotlin/src/nativeMain/kotlin/ai/solace/coder/core/tools/Registry.kt:59:35 Unresolved reference 'FunctionCallError'.
e: file:///Volumes/emberstuff/Projects/codex-kotlin/src/nativeMain/kotlin/ai/solace/coder/core/tools/Registry.kt:72:35 Unresolved reference 'FunctionCallError'.
e: file:///Volumes/emberstuff/Projects/codex-kotlin/src/nativeMain/kotlin/ai/solace/coder/core/tools/Registry.kt:89:45 Only safe (?.) or non-null asserted (!!.) calls are allowed on a nullable receiver of type 'ReadinessFlag?'.
e: file:///Volumes/emberstuff/Projects/codex-kotlin/src/nativeMain/kotlin/ai/solace/coder/core/tools/Registry.kt:89:46 Suspension functions can only be called within coroutine body.
e: file:///Volumes/emberstuff/Projects/codex-kotlin/src/nativeMain/kotlin/ai/solace/coder/core/tools/Registry.kt:93:40 Suspension functions can only be called within coroutine body.
e: file:///Volumes/emberstuff/Projects/codex-kotlin/src/nativeMain/kotlin/ai/solace/coder/core/tools/Registry.kt:98:32 Suspension functions can only be called within coroutine body.
e: file:///Volumes/emberstuff/Projects/codex-kotlin/src/nativeMain/kotlin/ai/solace/coder/core/tools/Registry.kt:113:26 Unresolved reference 'FunctionCallError'.
e: file:///Volumes/emberstuff/Projects/codex-kotlin/src/nativeMain/kotlin/ai/solace/coder/core/tools/Registry.kt:113:26 Type mismatch: inferred type is 'ERROR CLASS: Unresolved name: Fatal', but 'Throwable' was expected.
e: file:///Volumes/emberstuff/Projects/codex-kotlin/src/nativeMain/kotlin/ai/solace/coder/core/tools/Registry.kt:117:37 Unresolved reference 'FunctionCallError'.
e: file:///Volumes/emberstuff/Projects/codex-kotlin/src/nativeMain/kotlin/ai/solace/coder/core/tools/Registry.kt:117:63 Unresolved reference 'FunctionCallError'.
e: file:///Volumes/emberstuff/Projects/codex-kotlin/src/nativeMain/kotlin/ai/solace/coder/core/tools/Registry.kt:123:15 Unresolved reference 'ToolSpec'.
e: file:///Volumes/emberstuff/Projects/codex-kotlin/src/nativeMain/kotlin/ai/solace/coder/core/tools/Registry.kt:131:24 Unresolved reference 'ToolSpec'.
e: file:///Volumes/emberstuff/Projects/codex-kotlin/src/nativeMain/kotlin/ai/solace/coder/core/tools/Registry.kt:136:15 Unresolved reference 'ToolSpec'.
e: file:///Volumes/emberstuff/Projects/codex-kotlin/src/nativeMain/kotlin/ai/solace/coder/core/tools/Router.kt:4:31 Unresolved reference 'common'.
e: file:///Volumes/emberstuff/Projects/codex-kotlin/src/nativeMain/kotlin/ai/solace/coder/core/tools/Router.kt:6:29 Unresolved reference 'function_tool'.
e: file:///Volumes/emberstuff/Projects/codex-kotlin/src/nativeMain/kotlin/ai/solace/coder/core/tools/Router.kt:28:35 Unresolved reference 'McpTool'.
e: file:///Volumes/emberstuff/Projects/codex-kotlin/src/nativeMain/kotlin/ai/solace/coder/core/tools/Router.kt:36:23 Unresolved reference 'ToolSpec'.
e: file:///Volumes/emberstuff/Projects/codex-kotlin/src/nativeMain/kotlin/ai/solace/coder/core/tools/Router.kt:37:22 Cannot infer type for type parameter 'R'. Specify it explicitly.
e: file:///Volumes/emberstuff/Projects/codex-kotlin/src/nativeMain/kotlin/ai/solace/coder/core/tools/Router.kt:43:28 Unresolved reference 'name'.
e: file:///Volumes/emberstuff/Projects/codex-kotlin/src/nativeMain/kotlin/ai/solace/coder/core/tools/Router.kt:89:78 Unresolved reference 'FunctionCallError'.
e: file:///Volumes/emberstuff/Projects/codex-kotlin/src/nativeMain/kotlin/ai/solace/coder/core/tools/Router.kt:138:30 Unresolved reference 'FunctionCallError'.
e: file:///Volumes/emberstuff/Projects/codex-kotlin/src/nativeMain/kotlin/ai/solace/coder/core/tools/Router.kt:142:44 Unresolved reference 'FunctionCallError'.
e: file:///Volumes/emberstuff/Projects/codex-kotlin/src/nativeMain/kotlin/ai/solace/coder/core/tools/Router.kt:142:70 Unresolved reference 'FunctionCallError'.
e: file:///Volumes/emberstuff/Projects/codex-kotlin/src/nativeMain/kotlin/ai/solace/coder/core/tools/Router.kt:149:32 Unresolved reference 'FunctionCallError'.
e: file:///Volumes/emberstuff/Projects/codex-kotlin/src/nativeMain/kotlin/ai/solace/coder/core/tools/Router.kt:149:58 Unresolved reference 'FunctionCallError'.
e: file:///Volumes/emberstuff/Projects/codex-kotlin/src/nativeMain/kotlin/ai/solace/coder/core/tools/Router.kt:157:14 Unresolved reference 'FunctionCallError'.
e: file:///Volumes/emberstuff/Projects/codex-kotlin/src/nativeMain/kotlin/ai/solace/coder/core/tools/Runtimes.kt:4:29 Unresolved reference 'exec'.
e: file:///Volumes/emberstuff/Projects/codex-kotlin/src/nativeMain/kotlin/ai/solace/coder/core/tools/Runtimes.kt:5:37 Unresolved reference 'CommandSpec'.
e: file:///Volumes/emberstuff/Projects/codex-kotlin/src/nativeMain/kotlin/ai/solace/coder/core/tools/Runtimes.kt:6:35 Unresolved reference 'sandboxing'.
e: file:///Volumes/emberstuff/Projects/codex-kotlin/src/nativeMain/kotlin/ai/solace/coder/core/tools/Runtimes.kt:18:17 Unresolved reference 'ExecExpiration'.
e: file:///Volumes/emberstuff/Projects/codex-kotlin/src/nativeMain/kotlin/ai/solace/coder/core/tools/Runtimes.kt:21:11 Unresolved reference 'CommandSpec'.
e: file:///Volumes/emberstuff/Projects/codex-kotlin/src/nativeMain/kotlin/ai/solace/coder/core/tools/Runtimes.kt:23:23 Cannot infer type for type parameter 'T'. Specify it explicitly.
e: file:///Volumes/emberstuff/Projects/codex-kotlin/src/nativeMain/kotlin/ai/solace/coder/core/tools/Runtimes.kt:29:19 Cannot infer type for type parameter 'T'. Specify it explicitly.
e: file:///Volumes/emberstuff/Projects/codex-kotlin/src/nativeMain/kotlin/ai/solace/coder/core/tools/Runtimes.kt:29:27 Unresolved reference 'CommandSpec'.
e: file:///Volumes/emberstuff/Projects/codex-kotlin/src/nativeMain/kotlin/ai/solace/coder/core/tools/Sandboxing.kt:7:37 Unresolved reference 'CommandSpec'.
e: file:///Volumes/emberstuff/Projects/codex-kotlin/src/nativeMain/kotlin/ai/solace/coder/core/tools/Sandboxing.kt:8:37 Unresolved reference 'ExecEnv'.
e: file:///Volumes/emberstuff/Projects/codex-kotlin/src/nativeMain/kotlin/ai/solace/coder/core/tools/Sandboxing.kt:10:37 Unresolved reference 'SandboxTransformError'.
e: file:///Volumes/emberstuff/Projects/codex-kotlin/src/nativeMain/kotlin/ai/solace/coder/core/tools/Sandboxing.kt:11:37 Unresolved reference 'SandboxType'.
e: file:///Volumes/emberstuff/Projects/codex-kotlin/src/nativeMain/kotlin/ai/solace/coder/core/tools/Sandboxing.kt:26:22 Unresolved reference 'withLock'.
e: file:///Volumes/emberstuff/Projects/codex-kotlin/src/nativeMain/kotlin/ai/solace/coder/core/tools/Sandboxing.kt:33:15 Unresolved reference 'withLock'.
e: file:///Volumes/emberstuff/Projects/codex-kotlin/src/nativeMain/kotlin/ai/solace/coder/core/tools/Sandboxing.kt:168:18 Unresolved reference 'SandboxType'.
e: file:///Volumes/emberstuff/Projects/codex-kotlin/src/nativeMain/kotlin/ai/solace/coder/core/tools/Sandboxing.kt:174:22 Unresolved reference 'CommandSpec'.
e: file:///Volumes/emberstuff/Projects/codex-kotlin/src/nativeMain/kotlin/ai/solace/coder/core/tools/Sandboxing.kt:174:43 Unresolved reference 'ExecEnv'.
e: file:///Volumes/emberstuff/Projects/codex-kotlin/src/nativeMain/kotlin/ai/solace/coder/core/tools/Sandboxing.kt:175:24 Unresolved reference 'transform'.
e: file:///Volumes/emberstuff/Projects/codex-kotlin/src/nativeMain/kotlin/ai/solace/coder/core/tools/Spec.kt:4:31 Unresolved reference 'common'.
e: file:///Volumes/emberstuff/Projects/codex-kotlin/src/nativeMain/kotlin/ai/solace/coder/core/tools/Spec.kt:5:31 Unresolved reference 'common'.
e: file:///Volumes/emberstuff/Projects/codex-kotlin/src/nativeMain/kotlin/ai/solace/coder/core/tools/Spec.kt:8:29 Unresolved reference 'model_family'.
e: file:///Volumes/emberstuff/Projects/codex-kotlin/src/nativeMain/kotlin/ai/solace/coder/core/tools/Spec.kt:9:44 Unresolved reference 'PLAN_TOOL'.
e: file:///Volumes/emberstuff/Projects/codex-kotlin/src/nativeMain/kotlin/ai/solace/coder/core/tools/Spec.kt:10:44 Unresolved reference 'apply_patch'.
e: file:///Volumes/emberstuff/Projects/codex-kotlin/src/nativeMain/kotlin/ai/solace/coder/core/tools/Spec.kt:11:44 Unresolved reference 'apply_patch'.
e: file:///Volumes/emberstuff/Projects/codex-kotlin/src/nativeMain/kotlin/ai/solace/coder/core/tools/Spec.kt:12:44 Unresolved reference 'apply_patch'.
e: file:///Volumes/emberstuff/Projects/codex-kotlin/src/nativeMain/kotlin/ai/solace/coder/core/tools/Spec.kt:13:44 Unresolved reference 'ApplyPatchHandler'.
e: file:///Volumes/emberstuff/Projects/codex-kotlin/src/nativeMain/kotlin/ai/solace/coder/core/tools/Spec.kt:14:44 Unresolved reference 'GrepFilesHandler'.
e: file:///Volumes/emberstuff/Projects/codex-kotlin/src/nativeMain/kotlin/ai/solace/coder/core/tools/Spec.kt:15:44 Unresolved reference 'ListDirHandler'.
e: file:///Volumes/emberstuff/Projects/codex-kotlin/src/nativeMain/kotlin/ai/solace/coder/core/tools/Spec.kt:18:44 Unresolved reference 'PlanHandler'.
e: file:///Volumes/emberstuff/Projects/codex-kotlin/src/nativeMain/kotlin/ai/solace/coder/core/tools/Spec.kt:19:44 Unresolved reference 'ReadFileHandler'.
e: file:///Volumes/emberstuff/Projects/codex-kotlin/src/nativeMain/kotlin/ai/solace/coder/core/tools/Spec.kt:24:44 Unresolved reference 'ViewImageHandler'.
e: file:///Volumes/emberstuff/Projects/codex-kotlin/src/nativeMain/kotlin/ai/solace/coder/core/tools/Spec.kt:48:29 Unresolved reference 'ApplyPatchToolType'.
e: file:///Volumes/emberstuff/Projects/codex-kotlin/src/nativeMain/kotlin/ai/solace/coder/core/tools/Spec.kt:67:29 Unresolved reference 'shellType'.
e: file:///Volumes/emberstuff/Projects/codex-kotlin/src/nativeMain/kotlin/ai/solace/coder/core/tools/Spec.kt:70:38 'when' expression must be exhaustive. Add an 'else' branch.
e: file:///Volumes/emberstuff/Projects/codex-kotlin/src/nativeMain/kotlin/ai/solace/coder/core/tools/Spec.kt:70:56 Unresolved reference 'applyPatchToolType'.
e: file:///Volumes/emberstuff/Projects/codex-kotlin/src/nativeMain/kotlin/ai/solace/coder/core/tools/Spec.kt:71:17 Unresolved reference 'ApplyPatchToolType'.
e: file:///Volumes/emberstuff/Projects/codex-kotlin/src/nativeMain/kotlin/ai/solace/coder/core/tools/Spec.kt:71:48 Unresolved reference 'ApplyPatchToolType'.
e: file:///Volumes/emberstuff/Projects/codex-kotlin/src/nativeMain/kotlin/ai/solace/coder/core/tools/Spec.kt:72:17 Unresolved reference 'ApplyPatchToolType'.
e: file:///Volumes/emberstuff/Projects/codex-kotlin/src/nativeMain/kotlin/ai/solace/coder/core/tools/Spec.kt:72:48 Unresolved reference 'ApplyPatchToolType'.
e: file:///Volumes/emberstuff/Projects/codex-kotlin/src/nativeMain/kotlin/ai/solace/coder/core/tools/Spec.kt:73:52 Unresolved reference 'ApplyPatchToolType'.
e: file:///Volumes/emberstuff/Projects/codex-kotlin/src/nativeMain/kotlin/ai/solace/coder/core/tools/Spec.kt:81:58 Unresolved reference 'experimentalSupportedTools'.
e: file:///Volumes/emberstuff/Projects/codex-kotlin/src/nativeMain/kotlin/ai/solace/coder/core/tools/Spec.kt:88:22 Unresolved reference 'ModelFamily'.
e: file:///Volumes/emberstuff/Projects/codex-kotlin/src/nativeMain/kotlin/ai/solace/coder/core/tools/Spec.kt:131:30 Unresolved reference 'ToolSpec'.
e: file:///Volumes/emberstuff/Projects/codex-kotlin/src/nativeMain/kotlin/ai/solace/coder/core/tools/Spec.kt:133:57 Argument type mismatch: actual type is 'String', but 'JsonSchema.String?' was expected.
e: file:///Volumes/emberstuff/Projects/codex-kotlin/src/nativeMain/kotlin/ai/solace/coder/core/tools/Spec.kt:134:61 Argument type mismatch: actual type is 'String', but 'JsonSchema.String?' was expected.
e: file:///Volumes/emberstuff/Projects/codex-kotlin/src/nativeMain/kotlin/ai/solace/coder/core/tools/Spec.kt:135:59 Argument type mismatch: actual type is 'String', but 'JsonSchema.String?' was expected.
e: file:///Volumes/emberstuff/Projects/codex-kotlin/src/nativeMain/kotlin/ai/solace/coder/core/tools/Spec.kt:136:60 Argument type mismatch: actual type is 'String', but 'JsonSchema.String?' was expected.
e: file:///Volumes/emberstuff/Projects/codex-kotlin/src/nativeMain/kotlin/ai/solace/coder/core/tools/Spec.kt:137:67 Argument type mismatch: actual type is 'String', but 'JsonSchema.String?' was expected.
e: file:///Volumes/emberstuff/Projects/codex-kotlin/src/nativeMain/kotlin/ai/solace/coder/core/tools/Spec.kt:138:71 Argument type mismatch: actual type is 'String', but 'JsonSchema.String?' was expected.
e: file:///Volumes/emberstuff/Projects/codex-kotlin/src/nativeMain/kotlin/ai/solace/coder/core/tools/Spec.kt:139:81 Argument type mismatch: actual type is 'String', but 'JsonSchema.String?' was expected.
e: file:///Volumes/emberstuff/Projects/codex-kotlin/src/nativeMain/kotlin/ai/solace/coder/core/tools/Spec.kt:140:67 Argument type mismatch: actual type is 'String', but 'JsonSchema.String?' was expected.
e: file:///Volumes/emberstuff/Projects/codex-kotlin/src/nativeMain/kotlin/ai/solace/coder/core/tools/Spec.kt:142:12 Unresolved reference 'ToolSpec'.
e: file:///Volumes/emberstuff/Projects/codex-kotlin/src/nativeMain/kotlin/ai/solace/coder/core/tools/Spec.kt:142:30 Unresolved reference 'ResponsesApiTool'.
e: file:///Volumes/emberstuff/Projects/codex-kotlin/src/nativeMain/kotlin/ai/solace/coder/core/tools/Spec.kt:154:29 Unresolved reference 'ToolSpec'.
e: file:///Volumes/emberstuff/Projects/codex-kotlin/src/nativeMain/kotlin/ai/solace/coder/core/tools/Spec.kt:156:64 Argument type mismatch: actual type is 'String', but 'JsonSchema.String?' was expected.
e: file:///Volumes/emberstuff/Projects/codex-kotlin/src/nativeMain/kotlin/ai/solace/coder/core/tools/Spec.kt:157:59 Argument type mismatch: actual type is 'String', but 'JsonSchema.String?' was expected.
e: file:///Volumes/emberstuff/Projects/codex-kotlin/src/nativeMain/kotlin/ai/solace/coder/core/tools/Spec.kt:158:67 Argument type mismatch: actual type is 'String', but 'JsonSchema.String?' was expected.
e: file:///Volumes/emberstuff/Projects/codex-kotlin/src/nativeMain/kotlin/ai/solace/coder/core/tools/Spec.kt:159:71 Argument type mismatch: actual type is 'String', but 'JsonSchema.String?' was expected.
e: file:///Volumes/emberstuff/Projects/codex-kotlin/src/nativeMain/kotlin/ai/solace/coder/core/tools/Spec.kt:161:12 Unresolved reference 'ToolSpec'.
e: file:///Volumes/emberstuff/Projects/codex-kotlin/src/nativeMain/kotlin/ai/solace/coder/core/tools/Spec.kt:161:30 Unresolved reference 'ResponsesApiTool'.
e: file:///Volumes/emberstuff/Projects/codex-kotlin/src/nativeMain/kotlin/ai/solace/coder/core/tools/Spec.kt:173:24 Unresolved reference 'ToolSpec'.
e: file:///Volumes/emberstuff/Projects/codex-kotlin/src/nativeMain/kotlin/ai/solace/coder/core/tools/Spec.kt:179:61 Argument type mismatch: actual type is 'String', but 'JsonSchema.String?' was expected.
e: file:///Volumes/emberstuff/Projects/codex-kotlin/src/nativeMain/kotlin/ai/solace/coder/core/tools/Spec.kt:180:64 Argument type mismatch: actual type is 'String', but 'JsonSchema.String?' was expected.
e: file:///Volumes/emberstuff/Projects/codex-kotlin/src/nativeMain/kotlin/ai/solace/coder/core/tools/Spec.kt:181:81 Argument type mismatch: actual type is 'String', but 'JsonSchema.String?' was expected.
e: file:///Volumes/emberstuff/Projects/codex-kotlin/src/nativeMain/kotlin/ai/solace/coder/core/tools/Spec.kt:182:67 Argument type mismatch: actual type is 'String', but 'JsonSchema.String?' was expected.
e: file:///Volumes/emberstuff/Projects/codex-kotlin/src/nativeMain/kotlin/ai/solace/coder/core/tools/Spec.kt:189:12 Unresolved reference 'ToolSpec'.
e: file:///Volumes/emberstuff/Projects/codex-kotlin/src/nativeMain/kotlin/ai/solace/coder/core/tools/Spec.kt:189:30 Unresolved reference 'ResponsesApiTool'.
e: file:///Volumes/emberstuff/Projects/codex-kotlin/src/nativeMain/kotlin/ai/solace/coder/core/tools/Spec.kt:201:31 Unresolved reference 'ToolSpec'.
e: file:///Volumes/emberstuff/Projects/codex-kotlin/src/nativeMain/kotlin/ai/solace/coder/core/tools/Spec.kt:203:61 Argument type mismatch: actual type is 'String', but 'JsonSchema.String?' was expected.
e: file:///Volumes/emberstuff/Projects/codex-kotlin/src/nativeMain/kotlin/ai/solace/coder/core/tools/Spec.kt:204:61 Argument type mismatch: actual type is 'String', but 'JsonSchema.String?' was expected.
e: file:///Volumes/emberstuff/Projects/codex-kotlin/src/nativeMain/kotlin/ai/solace/coder/core/tools/Spec.kt:205:64 Argument type mismatch: actual type is 'String', but 'JsonSchema.String?' was expected.
e: file:///Volumes/emberstuff/Projects/codex-kotlin/src/nativeMain/kotlin/ai/solace/coder/core/tools/Spec.kt:206:81 Argument type mismatch: actual type is 'String', but 'JsonSchema.String?' was expected.
e: file:///Volumes/emberstuff/Projects/codex-kotlin/src/nativeMain/kotlin/ai/solace/coder/core/tools/Spec.kt:207:67 Argument type mismatch: actual type is 'String', but 'JsonSchema.String?' was expected.
e: file:///Volumes/emberstuff/Projects/codex-kotlin/src/nativeMain/kotlin/ai/solace/coder/core/tools/Spec.kt:212:12 Unresolved reference 'ToolSpec'.
e: file:///Volumes/emberstuff/Projects/codex-kotlin/src/nativeMain/kotlin/ai/solace/coder/core/tools/Spec.kt:212:30 Unresolved reference 'ResponsesApiTool'.
e: file:///Volumes/emberstuff/Projects/codex-kotlin/src/nativeMain/kotlin/ai/solace/coder/core/tools/Spec.kt:224:28 Unresolved reference 'ToolSpec'.
e: file:///Volumes/emberstuff/Projects/codex-kotlin/src/nativeMain/kotlin/ai/solace/coder/core/tools/Spec.kt:226:58 Argument type mismatch: actual type is 'String', but 'JsonSchema.String?' was expected.
e: file:///Volumes/emberstuff/Projects/codex-kotlin/src/nativeMain/kotlin/ai/solace/coder/core/tools/Spec.kt:228:12 Unresolved reference 'ToolSpec'.
e: file:///Volumes/emberstuff/Projects/codex-kotlin/src/nativeMain/kotlin/ai/solace/coder/core/tools/Spec.kt:228:30 Unresolved reference 'ResponsesApiTool'.
e: file:///Volumes/emberstuff/Projects/codex-kotlin/src/nativeMain/kotlin/ai/solace/coder/core/tools/Spec.kt:240:27 Unresolved reference 'ToolSpec'.
e: file:///Volumes/emberstuff/Projects/codex-kotlin/src/nativeMain/kotlin/ai/solace/coder/core/tools/Spec.kt:242:69 Argument type mismatch: actual type is 'String', but 'JsonSchema.String?' was expected.
e: file:///Volumes/emberstuff/Projects/codex-kotlin/src/nativeMain/kotlin/ai/solace/coder/core/tools/Spec.kt:243:68 Argument type mismatch: actual type is 'String', but 'JsonSchema.String?' was expected.
e: file:///Volumes/emberstuff/Projects/codex-kotlin/src/nativeMain/kotlin/ai/solace/coder/core/tools/Spec.kt:246:63 Argument type mismatch: actual type is 'String', but 'JsonSchema.String?' was expected.
e: file:///Volumes/emberstuff/Projects/codex-kotlin/src/nativeMain/kotlin/ai/solace/coder/core/tools/Spec.kt:247:73 Argument type mismatch: actual type is 'String', but 'JsonSchema.String?' was expected.
e: file:///Volumes/emberstuff/Projects/codex-kotlin/src/nativeMain/kotlin/ai/solace/coder/core/tools/Spec.kt:248:71 Argument type mismatch: actual type is 'String', but 'JsonSchema.String?' was expected.
e: file:///Volumes/emberstuff/Projects/codex-kotlin/src/nativeMain/kotlin/ai/solace/coder/core/tools/Spec.kt:256:12 Unresolved reference 'ToolSpec'.
e: file:///Volumes/emberstuff/Projects/codex-kotlin/src/nativeMain/kotlin/ai/solace/coder/core/tools/Spec.kt:256:30 Unresolved reference 'ResponsesApiTool'.
e: file:///Volumes/emberstuff/Projects/codex-kotlin/src/nativeMain/kotlin/ai/solace/coder/core/tools/Spec.kt:268:28 Unresolved reference 'ToolSpec'.
e: file:///Volumes/emberstuff/Projects/codex-kotlin/src/nativeMain/kotlin/ai/solace/coder/core/tools/Spec.kt:270:61 Argument type mismatch: actual type is 'String', but 'JsonSchema.String?' was expected.
e: file:///Volumes/emberstuff/Projects/codex-kotlin/src/nativeMain/kotlin/ai/solace/coder/core/tools/Spec.kt:271:61 Argument type mismatch: actual type is 'String', but 'JsonSchema.String?' was expected.
e: file:///Volumes/emberstuff/Projects/codex-kotlin/src/nativeMain/kotlin/ai/solace/coder/core/tools/Spec.kt:272:58 Argument type mismatch: actual type is 'String', but 'JsonSchema.String?' was expected.
e: file:///Volumes/emberstuff/Projects/codex-kotlin/src/nativeMain/kotlin/ai/solace/coder/core/tools/Spec.kt:273:59 Argument type mismatch: actual type is 'String', but 'JsonSchema.String?' was expected.
e: file:///Volumes/emberstuff/Projects/codex-kotlin/src/nativeMain/kotlin/ai/solace/coder/core/tools/Spec.kt:275:12 Unresolved reference 'ToolSpec'.
e: file:///Volumes/emberstuff/Projects/codex-kotlin/src/nativeMain/kotlin/ai/solace/coder/core/tools/Spec.kt:275:30 Unresolved reference 'ResponsesApiTool'.
e: file:///Volumes/emberstuff/Projects/codex-kotlin/src/nativeMain/kotlin/ai/solace/coder/core/tools/Spec.kt:287:27 Unresolved reference 'ToolSpec'.
e: file:///Volumes/emberstuff/Projects/codex-kotlin/src/nativeMain/kotlin/ai/solace/coder/core/tools/Spec.kt:289:63 Argument type mismatch: actual type is 'String', but 'JsonSchema.String?' was expected.
e: file:///Volumes/emberstuff/Projects/codex-kotlin/src/nativeMain/kotlin/ai/solace/coder/core/tools/Spec.kt:290:60 Argument type mismatch: actual type is 'String', but 'JsonSchema.String?' was expected.
e: file:///Volumes/emberstuff/Projects/codex-kotlin/src/nativeMain/kotlin/ai/solace/coder/core/tools/Spec.kt:291:59 Argument type mismatch: actual type is 'String', but 'JsonSchema.String?' was expected.
e: file:///Volumes/emberstuff/Projects/codex-kotlin/src/nativeMain/kotlin/ai/solace/coder/core/tools/Spec.kt:292:58 Argument type mismatch: actual type is 'String', but 'JsonSchema.String?' was expected.
e: file:///Volumes/emberstuff/Projects/codex-kotlin/src/nativeMain/kotlin/ai/solace/coder/core/tools/Spec.kt:295:76 Argument type mismatch: actual type is 'String', but 'JsonSchema.String?' was expected.
e: file:///Volumes/emberstuff/Projects/codex-kotlin/src/nativeMain/kotlin/ai/solace/coder/core/tools/Spec.kt:296:75 Argument type mismatch: actual type is 'String', but 'JsonSchema.String?' was expected.
e: file:///Volumes/emberstuff/Projects/codex-kotlin/src/nativeMain/kotlin/ai/solace/coder/core/tools/Spec.kt:297:82 Argument type mismatch: actual type is 'String', but 'JsonSchema.String?' was expected.
e: file:///Volumes/emberstuff/Projects/codex-kotlin/src/nativeMain/kotlin/ai/solace/coder/core/tools/Spec.kt:298:80 Argument type mismatch: actual type is 'String', but 'JsonSchema.String?' was expected.
e: file:///Volumes/emberstuff/Projects/codex-kotlin/src/nativeMain/kotlin/ai/solace/coder/core/tools/Spec.kt:299:74 Argument type mismatch: actual type is 'String', but 'JsonSchema.String?' was expected.
e: file:///Volumes/emberstuff/Projects/codex-kotlin/src/nativeMain/kotlin/ai/solace/coder/core/tools/Spec.kt:307:12 Unresolved reference 'ToolSpec'.
e: file:///Volumes/emberstuff/Projects/codex-kotlin/src/nativeMain/kotlin/ai/solace/coder/core/tools/Spec.kt:307:30 Unresolved reference 'ResponsesApiTool'.
e: file:///Volumes/emberstuff/Projects/codex-kotlin/src/nativeMain/kotlin/ai/solace/coder/core/tools/Spec.kt:319:26 Unresolved reference 'ToolSpec'.
e: file:///Volumes/emberstuff/Projects/codex-kotlin/src/nativeMain/kotlin/ai/solace/coder/core/tools/Spec.kt:321:62 Argument type mismatch: actual type is 'String', but 'JsonSchema.String?' was expected.
e: file:///Volumes/emberstuff/Projects/codex-kotlin/src/nativeMain/kotlin/ai/solace/coder/core/tools/Spec.kt:322:60 Argument type mismatch: actual type is 'String', but 'JsonSchema.String?' was expected.
e: file:///Volumes/emberstuff/Projects/codex-kotlin/src/nativeMain/kotlin/ai/solace/coder/core/tools/Spec.kt:323:59 Argument type mismatch: actual type is 'String', but 'JsonSchema.String?' was expected.
e: file:///Volumes/emberstuff/Projects/codex-kotlin/src/nativeMain/kotlin/ai/solace/coder/core/tools/Spec.kt:324:59 Argument type mismatch: actual type is 'String', but 'JsonSchema.String?' was expected.
e: file:///Volumes/emberstuff/Projects/codex-kotlin/src/nativeMain/kotlin/ai/solace/coder/core/tools/Spec.kt:326:12 Unresolved reference 'ToolSpec'.
e: file:///Volumes/emberstuff/Projects/codex-kotlin/src/nativeMain/kotlin/ai/solace/coder/core/tools/Spec.kt:326:30 Unresolved reference 'ResponsesApiTool'.
e: file:///Volumes/emberstuff/Projects/codex-kotlin/src/nativeMain/kotlin/ai/solace/coder/core/tools/Spec.kt:338:35 Unresolved reference 'ToolSpec'.
e: file:///Volumes/emberstuff/Projects/codex-kotlin/src/nativeMain/kotlin/ai/solace/coder/core/tools/Spec.kt:340:60 Argument type mismatch: actual type is 'String', but 'JsonSchema.String?' was expected.
e: file:///Volumes/emberstuff/Projects/codex-kotlin/src/nativeMain/kotlin/ai/solace/coder/core/tools/Spec.kt:341:60 Argument type mismatch: actual type is 'String', but 'JsonSchema.String?' was expected.
e: file:///Volumes/emberstuff/Projects/codex-kotlin/src/nativeMain/kotlin/ai/solace/coder/core/tools/Spec.kt:343:12 Unresolved reference 'ToolSpec'.
e: file:///Volumes/emberstuff/Projects/codex-kotlin/src/nativeMain/kotlin/ai/solace/coder/core/tools/Spec.kt:343:30 Unresolved reference 'ResponsesApiTool'.
e: file:///Volumes/emberstuff/Projects/codex-kotlin/src/nativeMain/kotlin/ai/solace/coder/core/tools/Spec.kt:355:43 Unresolved reference 'ToolSpec'.
e: file:///Volumes/emberstuff/Projects/codex-kotlin/src/nativeMain/kotlin/ai/solace/coder/core/tools/Spec.kt:357:60 Argument type mismatch: actual type is 'String', but 'JsonSchema.String?' was expected.
e: file:///Volumes/emberstuff/Projects/codex-kotlin/src/nativeMain/kotlin/ai/solace/coder/core/tools/Spec.kt:358:60 Argument type mismatch: actual type is 'String', but 'JsonSchema.String?' was expected.
e: file:///Volumes/emberstuff/Projects/codex-kotlin/src/nativeMain/kotlin/ai/solace/coder/core/tools/Spec.kt:360:12 Unresolved reference 'ToolSpec'.
e: file:///Volumes/emberstuff/Projects/codex-kotlin/src/nativeMain/kotlin/ai/solace/coder/core/tools/Spec.kt:360:30 Unresolved reference 'ResponsesApiTool'.
e: file:///Volumes/emberstuff/Projects/codex-kotlin/src/nativeMain/kotlin/ai/solace/coder/core/tools/Spec.kt:372:34 Unresolved reference 'ToolSpec'.
e: file:///Volumes/emberstuff/Projects/codex-kotlin/src/nativeMain/kotlin/ai/solace/coder/core/tools/Spec.kt:374:60 Argument type mismatch: actual type is 'String', but 'JsonSchema.String?' was expected.
e: file:///Volumes/emberstuff/Projects/codex-kotlin/src/nativeMain/kotlin/ai/solace/coder/core/tools/Spec.kt:375:57 Argument type mismatch: actual type is 'String', but 'JsonSchema.String?' was expected.
e: file:///Volumes/emberstuff/Projects/codex-kotlin/src/nativeMain/kotlin/ai/solace/coder/core/tools/Spec.kt:377:12 Unresolved reference 'ToolSpec'.
e: file:///Volumes/emberstuff/Projects/codex-kotlin/src/nativeMain/kotlin/ai/solace/coder/core/tools/Spec.kt:377:30 Unresolved reference 'ResponsesApiTool'.
e: file:///Volumes/emberstuff/Projects/codex-kotlin/src/nativeMain/kotlin/ai/solace/coder/core/tools/Spec.kt:409:30 Unresolved reference 'ToolSpec'.
e: file:///Volumes/emberstuff/Projects/codex-kotlin/src/nativeMain/kotlin/ai/solace/coder/core/tools/Spec.kt:440:22 Unresolved reference 'PLAN_TOOL'.
e: file:///Volumes/emberstuff/Projects/codex-kotlin/src/nativeMain/kotlin/ai/solace/coder/core/tools/Spec.kt:445:13 Unresolved reference 'ApplyPatchToolType'.
e: file:///Volumes/emberstuff/Projects/codex-kotlin/src/nativeMain/kotlin/ai/solace/coder/core/tools/Spec.kt:446:34 Unresolved reference 'createApplyPatchFreeformTool'.
e: file:///Volumes/emberstuff/Projects/codex-kotlin/src/nativeMain/kotlin/ai/solace/coder/core/tools/Spec.kt:448:13 Unresolved reference 'ApplyPatchToolType'.
e: file:///Volumes/emberstuff/Projects/codex-kotlin/src/nativeMain/kotlin/ai/solace/coder/core/tools/Spec.kt:449:34 Unresolved reference 'createApplyPatchJsonTool'.
e: file:///Volumes/emberstuff/Projects/codex-kotlin/src/nativeMain/kotlin/ai/solace/coder/core/tools/Spec.kt:456:48 No value passed for parameter 'processExecutor'.
e: file:///Volumes/emberstuff/Projects/codex-kotlin/src/nativeMain/kotlin/ai/solace/coder/core/tools/Spec.kt:480:26 Unresolved reference 'ToolSpec'.
e: file:///Volumes/emberstuff/Projects/codex-kotlin/src/nativeMain/kotlin/ai/solace/coder/core/tools/Spec.kt:493:34 Unresolved reference 'ToolSpec'.
e: file:///Volumes/emberstuff/Projects/codex-kotlin/src/nativeMain/kotlin/ai/solace/coder/core/tools/Spec.kt:508:4 Unresolved reference 'ResponsesApiTool'.
e: file:///Volumes/emberstuff/Projects/codex-kotlin/src/nativeMain/kotlin/ai/solace/coder/core/tools/Spec.kt:510:28 Unresolved reference 'inputSchema'.
e: file:///Volumes/emberstuff/Projects/codex-kotlin/src/nativeMain/kotlin/ai/solace/coder/core/tools/Spec.kt:527:12 Unresolved reference 'ResponsesApiTool'.
e: file:///Volumes/emberstuff/Projects/codex-kotlin/src/nativeMain/kotlin/ai/solace/coder/core/tools/Spec.kt:580:39 Argument type mismatch: actual type is 'String?', but 'JsonSchema.String?' was expected.
e: file:///Volumes/emberstuff/Projects/codex-kotlin/src/nativeMain/kotlin/ai/solace/coder/core/tools/Spec.kt:581:50 Argument type mismatch: actual type is 'String?', but 'JsonSchema.String?' was expected.
e: file:///Volumes/emberstuff/Projects/codex-kotlin/src/nativeMain/kotlin/ai/solace/coder/core/tools/Spec.kt:582:41 Argument type mismatch: actual type is 'String?', but 'JsonSchema.String?' was expected.
e: file:///Volumes/emberstuff/Projects/codex-kotlin/src/nativeMain/kotlin/ai/solace/coder/core/tools/Spec.kt:593:35 Argument type mismatch: actual type is 'String?', but 'JsonSchema.String?' was expected.
e: file:///Volumes/emberstuff/Projects/codex-kotlin/src/nativeMain/kotlin/ai/solace/coder/core/tools/Tools.kt:4:29 Unresolved reference 'exec'.
e: file:///Volumes/emberstuff/Projects/codex-kotlin/src/nativeMain/kotlin/ai/solace/coder/core/tools/Tools.kt:5:29 Unresolved reference 'truncate'.
e: file:///Volumes/emberstuff/Projects/codex-kotlin/src/nativeMain/kotlin/ai/solace/coder/core/tools/Tools.kt:6:29 Unresolved reference 'truncate'.
e: file:///Volumes/emberstuff/Projects/codex-kotlin/src/nativeMain/kotlin/ai/solace/coder/core/tools/Tools.kt:7:29 Unresolved reference 'truncate'.
e: file:///Volumes/emberstuff/Projects/codex-kotlin/src/nativeMain/kotlin/ai/solace/coder/core/tools/Tools.kt:23:17 Unresolved reference 'ExecToolCallOutput'.
e: file:///Volumes/emberstuff/Projects/codex-kotlin/src/nativeMain/kotlin/ai/solace/coder/core/tools/Tools.kt:24:23 Unresolved reference 'TruncationPolicy'.
e: file:///Volumes/emberstuff/Projects/codex-kotlin/src/nativeMain/kotlin/ai/solace/coder/core/tools/Tools.kt:26:31 Unresolved reference 'exitCode'.
e: file:///Volumes/emberstuff/Projects/codex-kotlin/src/nativeMain/kotlin/ai/solace/coder/core/tools/Tools.kt:27:31 Unresolved reference 'duration'.
e: file:///Volumes/emberstuff/Projects/codex-kotlin/src/nativeMain/kotlin/ai/solace/coder/core/tools/Tools.kt:58:17 Unresolved reference 'ExecToolCallOutput'.
e: file:///Volumes/emberstuff/Projects/codex-kotlin/src/nativeMain/kotlin/ai/solace/coder/core/tools/Tools.kt:59:23 Unresolved reference 'TruncationPolicy'.
e: file:///Volumes/emberstuff/Projects/codex-kotlin/src/nativeMain/kotlin/ai/solace/coder/core/tools/Tools.kt:62:39 Unresolved reference 'duration'.
e: file:///Volumes/emberstuff/Projects/codex-kotlin/src/nativeMain/kotlin/ai/solace/coder/core/tools/Tools.kt:64:33 Unresolved reference 'aggregatedOutput'.
e: file:///Volumes/emberstuff/Projects/codex-kotlin/src/nativeMain/kotlin/ai/solace/coder/core/tools/Tools.kt:66:27 Unresolved reference 'truncateText'.
e: file:///Volumes/emberstuff/Projects/codex-kotlin/src/nativeMain/kotlin/ai/solace/coder/core/tools/Tools.kt:66:51 Unresolved reference 'aggregatedOutput'.
e: file:///Volumes/emberstuff/Projects/codex-kotlin/src/nativeMain/kotlin/ai/solace/coder/core/tools/Tools.kt:70:43 Unresolved reference 'exitCode'.
e: file:///Volumes/emberstuff/Projects/codex-kotlin/src/nativeMain/kotlin/ai/solace/coder/core/tools/Tools.kt:83:17 Unresolved reference 'ExecToolCallOutput'.
e: file:///Volumes/emberstuff/Projects/codex-kotlin/src/nativeMain/kotlin/ai/solace/coder/core/tools/Tools.kt:84:23 Unresolved reference 'TruncationPolicy'.
e: file:///Volumes/emberstuff/Projects/codex-kotlin/src/nativeMain/kotlin/ai/solace/coder/core/tools/Tools.kt:86:30 Unresolved reference 'aggregatedOutput'.
e: file:///Volumes/emberstuff/Projects/codex-kotlin/src/nativeMain/kotlin/ai/solace/coder/core/tools/Tools.kt:88:31 Unresolved reference 'timedOut'.
e: file:///Volumes/emberstuff/Projects/codex-kotlin/src/nativeMain/kotlin/ai/solace/coder/core/tools/Tools.kt:89:47 Unresolved reference 'duration'.
e: file:///Volumes/emberstuff/Projects/codex-kotlin/src/nativeMain/kotlin/ai/solace/coder/core/tools/Tools.kt:95:12 Unresolved reference 'formattedTruncateText'.
e: file:///Volumes/emberstuff/Projects/codex-kotlin/src/nativeMain/kotlin/ai/solace/coder/core/tools/handlers/ApplyPatch.kt:29:1 Class 'ApplyPatchHandler' is not abstract and does not implement abstract member:
fun kind(): ToolKind
e: file:///Volumes/emberstuff/Projects/codex-kotlin/src/nativeMain/kotlin/ai/solace/coder/core/tools/handlers/ApplyPatch.kt:31:5 'kind' overrides nothing.
e: file:///Volumes/emberstuff/Projects/codex-kotlin/src/nativeMain/kotlin/ai/solace/coder/core/tools/handlers/ApplyPatch.kt:39:62 Return type of 'handle' is not a subtype of the return type of the overridden member 'suspend fun handle(invocation: ToolInvocation): Result<ToolOutput>' defined in 'ai.solace.coder.core.tools.ToolHandler'.
e: file:///Volumes/emberstuff/Projects/codex-kotlin/src/nativeMain/kotlin/ai/solace/coder/core/tools/handlers/GrepFiles.kt:6:37 Unresolved reference 'ExecExpiration'.
e: file:///Volumes/emberstuff/Projects/codex-kotlin/src/nativeMain/kotlin/ai/solace/coder/core/tools/handlers/GrepFiles.kt:7:37 Unresolved reference 'ExecParams'.
e: file:///Volumes/emberstuff/Projects/codex-kotlin/src/nativeMain/kotlin/ai/solace/coder/core/tools/handlers/GrepFiles.kt:8:37 Unresolved reference 'ProcessExecutor'.
e: file:///Volumes/emberstuff/Projects/codex-kotlin/src/nativeMain/kotlin/ai/solace/coder/core/tools/handlers/GrepFiles.kt:22:1 Class 'GrepFilesHandler' is not abstract and does not implement abstract member:
fun kind(): ToolKind
e: file:///Volumes/emberstuff/Projects/codex-kotlin/src/nativeMain/kotlin/ai/solace/coder/core/tools/handlers/GrepFiles.kt:23:34 Unresolved reference 'ProcessExecutor'.
e: file:///Volumes/emberstuff/Projects/codex-kotlin/src/nativeMain/kotlin/ai/solace/coder/core/tools/handlers/GrepFiles.kt:26:5 'kind' overrides nothing.
e: file:///Volumes/emberstuff/Projects/codex-kotlin/src/nativeMain/kotlin/ai/solace/coder/core/tools/handlers/GrepFiles.kt:28:62 Return type of 'handle' is not a subtype of the return type of the overridden member 'suspend fun handle(invocation: ToolInvocation): Result<ToolOutput>' defined in 'ai.solace.coder.core.tools.ToolHandler'.
e: file:///Volumes/emberstuff/Projects/codex-kotlin/src/nativeMain/kotlin/ai/solace/coder/core/tools/handlers/GrepFiles.kt:104:22 Unresolved reference 'ExecParams'.
e: file:///Volumes/emberstuff/Projects/codex-kotlin/src/nativeMain/kotlin/ai/solace/coder/core/tools/handlers/GrepFiles.kt:107:26 Unresolved reference 'ExecExpiration'.
e: file:///Volumes/emberstuff/Projects/codex-kotlin/src/nativeMain/kotlin/ai/solace/coder/core/tools/handlers/GrepFiles.kt:114:42 Unresolved reference 'execute'.
e: file:///Volumes/emberstuff/Projects/codex-kotlin/src/nativeMain/kotlin/ai/solace/coder/core/tools/handlers/GrepFiles.kt:120:33 Cannot infer type for value parameter 'output'. Specify it explicitly.
e: file:///Volumes/emberstuff/Projects/codex-kotlin/src/nativeMain/kotlin/ai/solace/coder/core/tools/handlers/GrepFiles.kt:121:28 Unresolved reference 'timedOut'.
e: file:///Volumes/emberstuff/Projects/codex-kotlin/src/nativeMain/kotlin/ai/solace/coder/core/tools/handlers/GrepFiles.kt:122:21 'return' is prohibited here.
e: file:///Volumes/emberstuff/Projects/codex-kotlin/src/nativeMain/kotlin/ai/solace/coder/core/tools/handlers/GrepFiles.kt:127:30 Unresolved reference 'exitCode'.
e: file:///Volumes/emberstuff/Projects/codex-kotlin/src/nativeMain/kotlin/ai/solace/coder/core/tools/handlers/GrepFiles.kt:129:59 Unresolved reference 'stdout'.
e: file:///Volumes/emberstuff/Projects/codex-kotlin/src/nativeMain/kotlin/ai/solace/coder/core/tools/handlers/GrepFiles.kt:150:25 'return' is prohibited here.
e: file:///Volumes/emberstuff/Projects/codex-kotlin/src/nativeMain/kotlin/ai/solace/coder/core/tools/handlers/GrepFiles.kt:151:67 Unresolved reference 'stderr'.
e: file:///Volumes/emberstuff/Projects/codex-kotlin/src/nativeMain/kotlin/ai/solace/coder/core/tools/handlers/ListDir.kt:18:1 Class 'ListDirHandler' is not abstract and does not implement abstract member:
fun kind(): ToolKind
e: file:///Volumes/emberstuff/Projects/codex-kotlin/src/nativeMain/kotlin/ai/solace/coder/core/tools/handlers/ListDir.kt:20:5 'kind' overrides nothing.
e: file:///Volumes/emberstuff/Projects/codex-kotlin/src/nativeMain/kotlin/ai/solace/coder/core/tools/handlers/ListDir.kt:22:62 Return type of 'handle' is not a subtype of the return type of the overridden member 'suspend fun handle(invocation: ToolInvocation): Result<ToolOutput>' defined in 'ai.solace.coder.core.tools.ToolHandler'.
e: file:///Volumes/emberstuff/Projects/codex-kotlin/src/nativeMain/kotlin/ai/solace/coder/core/tools/handlers/Mcp.kt:4:29 Unresolved reference 'function_tool'.
e: file:///Volumes/emberstuff/Projects/codex-kotlin/src/nativeMain/kotlin/ai/solace/coder/core/tools/handlers/Mcp.kt:18:62 Return type of 'handle' is not a subtype of the return type of the overridden member 'suspend fun handle(invocation: ToolInvocation): Result<ToolOutput>' defined in 'ai.solace.coder.core.tools.ToolHandler'.
e: file:///Volumes/emberstuff/Projects/codex-kotlin/src/nativeMain/kotlin/ai/solace/coder/core/tools/handlers/Mcp.kt:20:13 Argument type mismatch: actual type is 'ai.solace.coder.protocol.Result<Nothing, String>', but 'kotlin.Result<CallToolResult>' was expected.
e: file:///Volumes/emberstuff/Projects/codex-kotlin/src/nativeMain/kotlin/ai/solace/coder/core/tools/handlers/Mcp.kt:26:41 Unresolved reference 'callMcpTool'.
e: file:///Volumes/emberstuff/Projects/codex-kotlin/src/nativeMain/kotlin/ai/solace/coder/core/tools/handlers/McpResource.kt:4:29 Unresolved reference 'function_tool'.
e: file:///Volumes/emberstuff/Projects/codex-kotlin/src/nativeMain/kotlin/ai/solace/coder/core/tools/handlers/McpResource.kt:15:33 Unresolved reference 'ListResourceTemplatesRequestParams'.
e: file:///Volumes/emberstuff/Projects/codex-kotlin/src/nativeMain/kotlin/ai/solace/coder/core/tools/handlers/McpResource.kt:16:33 Unresolved reference 'ListResourcesRequestParams'.
e: file:///Volumes/emberstuff/Projects/codex-kotlin/src/nativeMain/kotlin/ai/solace/coder/core/tools/handlers/McpResource.kt:20:33 Unresolved reference 'ReadResourceRequestParams'.
e: file:///Volumes/emberstuff/Projects/codex-kotlin/src/nativeMain/kotlin/ai/solace/coder/core/tools/handlers/McpResource.kt:21:33 Unresolved reference 'ReadResourceResult'.
e: file:///Volumes/emberstuff/Projects/codex-kotlin/src/nativeMain/kotlin/ai/solace/coder/core/tools/handlers/McpResource.kt:22:33 Unresolved reference 'Resource'.
e: file:///Volumes/emberstuff/Projects/codex-kotlin/src/nativeMain/kotlin/ai/solace/coder/core/tools/handlers/McpResource.kt:23:33 Unresolved reference 'ResourceTemplate'.
e: file:///Volumes/emberstuff/Projects/codex-kotlin/src/nativeMain/kotlin/ai/solace/coder/core/tools/handlers/McpResource.kt:24:33 Unresolved reference 'TextContent'.
e: file:///Volumes/emberstuff/Projects/codex-kotlin/src/nativeMain/kotlin/ai/solace/coder/core/tools/handlers/McpResource.kt:44:43 Unresolved reference 'FunctionCallError'.
e: file:///Volumes/emberstuff/Projects/codex-kotlin/src/nativeMain/kotlin/ai/solace/coder/core/tools/handlers/McpResource.kt:53:36 Unresolved reference 'FunctionCallError'.
e: file:///Volumes/emberstuff/Projects/codex-kotlin/src/nativeMain/kotlin/ai/solace/coder/core/tools/handlers/McpResource.kt:84:43 Unresolved reference 'Resource'.
e: file:///Volumes/emberstuff/Projects/codex-kotlin/src/nativeMain/kotlin/ai/solace/coder/core/tools/handlers/McpResource.kt:86:24 Unresolved reference 'uri'.
e: file:///Volumes/emberstuff/Projects/codex-kotlin/src/nativeMain/kotlin/ai/solace/coder/core/tools/handlers/McpResource.kt:87:25 Unresolved reference 'name'.
e: file:///Volumes/emberstuff/Projects/codex-kotlin/src/nativeMain/kotlin/ai/solace/coder/core/tools/handlers/McpResource.kt:88:32 Unresolved reference 'description'.
e: file:///Volumes/emberstuff/Projects/codex-kotlin/src/nativeMain/kotlin/ai/solace/coder/core/tools/handlers/McpResource.kt:89:29 Unresolved reference 'mimeType'.
e: file:///Volumes/emberstuff/Projects/codex-kotlin/src/nativeMain/kotlin/ai/solace/coder/core/tools/handlers/McpResource.kt:101:43 Unresolved reference 'ResourceTemplate'.
e: file:///Volumes/emberstuff/Projects/codex-kotlin/src/nativeMain/kotlin/ai/solace/coder/core/tools/handlers/McpResource.kt:103:32 Unresolved reference 'uriTemplate'.
e: file:///Volumes/emberstuff/Projects/codex-kotlin/src/nativeMain/kotlin/ai/solace/coder/core/tools/handlers/McpResource.kt:104:25 Unresolved reference 'name'.
e: file:///Volumes/emberstuff/Projects/codex-kotlin/src/nativeMain/kotlin/ai/solace/coder/core/tools/handlers/McpResource.kt:105:32 Unresolved reference 'description'.
e: file:///Volumes/emberstuff/Projects/codex-kotlin/src/nativeMain/kotlin/ai/solace/coder/core/tools/handlers/McpResource.kt:106:29 Unresolved reference 'mimeType'.
e: file:///Volumes/emberstuff/Projects/codex-kotlin/src/nativeMain/kotlin/ai/solace/coder/core/tools/handlers/McpResource.kt:128:24 Serializer has not been found for type 'ERROR CLASS: Symbol not found for ai.solace.coder.protocol.ResourceContent'. To use context serializer as fallback, explicitly annotate type or property with @Contextual
e: file:///Volumes/emberstuff/Projects/codex-kotlin/src/nativeMain/kotlin/ai/solace/coder/core/tools/handlers/McpResource.kt:128:49 Unresolved reference 'ResourceContent'.
e: file:///Volumes/emberstuff/Projects/codex-kotlin/src/nativeMain/kotlin/ai/solace/coder/core/tools/handlers/McpResource.kt:131:54 Unresolved reference 'ReadResourceResult'.
e: file:///Volumes/emberstuff/Projects/codex-kotlin/src/nativeMain/kotlin/ai/solace/coder/core/tools/handlers/McpResource.kt:134:27 Unresolved reference 'contents'.
e: file:///Volumes/emberstuff/Projects/codex-kotlin/src/nativeMain/kotlin/ai/solace/coder/core/tools/handlers/McpResource.kt:135:27 Unresolved reference 'mimeType'.
e: file:///Volumes/emberstuff/Projects/codex-kotlin/src/nativeMain/kotlin/ai/solace/coder/core/tools/handlers/McpResource.kt:152:21 Argument type mismatch: actual type is 'String', but 'JsonElement?' was expected.
e: file:///Volumes/emberstuff/Projects/codex-kotlin/src/nativeMain/kotlin/ai/solace/coder/core/tools/handlers/McpResource.kt:160:34 Cannot infer type for type parameter 'R'. Specify it explicitly.
e: file:///Volumes/emberstuff/Projects/codex-kotlin/src/nativeMain/kotlin/ai/solace/coder/core/tools/handlers/McpResource.kt:160:40 Unresolved reference 'ListResourcesRequestParams'.
e: file:///Volumes/emberstuff/Projects/codex-kotlin/src/nativeMain/kotlin/ai/solace/coder/core/tools/handlers/McpResource.kt:161:34 Unresolved reference 'listResources'.
e: file:///Volumes/emberstuff/Projects/codex-kotlin/src/nativeMain/kotlin/ai/solace/coder/core/tools/handlers/McpResource.kt:163:79 Unresolved reference 'it'.
e: file:///Volumes/emberstuff/Projects/codex-kotlin/src/nativeMain/kotlin/ai/solace/coder/core/tools/handlers/McpResource.kt:167:23 Unresolved reference 'FunctionCallError'.
e: file:///Volumes/emberstuff/Projects/codex-kotlin/src/nativeMain/kotlin/ai/solace/coder/core/tools/handlers/McpResource.kt:167:23 Type mismatch: inferred type is 'ERROR CLASS: Unresolved name: RespondToModel', but 'Throwable' was expected.
e: file:///Volumes/emberstuff/Projects/codex-kotlin/src/nativeMain/kotlin/ai/solace/coder/core/tools/handlers/McpResource.kt:169:75 Unresolved reference 'listAllResources'.
e: file:///Volumes/emberstuff/Projects/codex-kotlin/src/nativeMain/kotlin/ai/solace/coder/core/tools/handlers/McpResource.kt:170:60 Cannot infer type for implicit value parameter 'it'. Specify it explicitly.
e: file:///Volumes/emberstuff/Projects/codex-kotlin/src/nativeMain/kotlin/ai/solace/coder/core/tools/handlers/McpResource.kt:170:60 Operator call 'component1()' is ambiguous for destructuring of type 'ERROR CLASS: Cannot infer type for parameter <destruct>'. Applicable candidates:
fun <T> Array<out T>.component1(): T
fun ByteArray.component1(): Byte
fun ShortArray.component1(): Short
fun IntArray.component1(): Int
fun LongArray.component1(): Long
fun FloatArray.component1(): Float
fun DoubleArray.component1(): Double
fun BooleanArray.component1(): Boolean
fun CharArray.component1(): Char
fun <T> List<T>.component1(): T
fun UIntArray.component1(): UInt
fun ULongArray.component1(): ULong
fun UByteArray.component1(): UByte
fun UShortArray.component1(): UShort
fun <K, V> Map.Entry<K, V>.component1(): K
e: file:///Volumes/emberstuff/Projects/codex-kotlin/src/nativeMain/kotlin/ai/solace/coder/core/tools/handlers/McpResource.kt:170:60 Operator call 'component2()' is ambiguous for destructuring of type 'ERROR CLASS: Cannot infer type for parameter <destruct>'. Applicable candidates:
fun <T> Array<out T>.component2(): T
fun ByteArray.component2(): Byte
fun ShortArray.component2(): Short
fun IntArray.component2(): Int
fun LongArray.component2(): Long
fun FloatArray.component2(): Float
fun DoubleArray.component2(): Double
fun BooleanArray.component2(): Boolean
fun CharArray.component2(): Char
fun <T> List<T>.component2(): T
fun UIntArray.component2(): UInt
fun ULongArray.component2(): ULong
fun UByteArray.component2(): UByte
fun UShortArray.component2(): UShort
fun <K, V> Map.Entry<K, V>.component2(): V
e: file:///Volumes/emberstuff/Projects/codex-kotlin/src/nativeMain/kotlin/ai/solace/coder/core/tools/handlers/McpResource.kt:171:55 Unresolved reference 'it'.
e: file:///Volumes/emberstuff/Projects/codex-kotlin/src/nativeMain/kotlin/ai/solace/coder/core/tools/handlers/McpResource.kt:172:26 Unresolved reference 'it'.
e: file:///Volumes/emberstuff/Projects/codex-kotlin/src/nativeMain/kotlin/ai/solace/coder/core/tools/handlers/McpResource.kt:179:40 Unresolved reference 'FunctionCallError'.
e: file:///Volumes/emberstuff/Projects/codex-kotlin/src/nativeMain/kotlin/ai/solace/coder/core/tools/handlers/McpResource.kt:179:66 Unresolved reference 'FunctionCallError'.
e: file:///Volumes/emberstuff/Projects/codex-kotlin/src/nativeMain/kotlin/ai/solace/coder/core/tools/handlers/McpResource.kt:206:21 Argument type mismatch: actual type is 'String', but 'JsonElement?' was expected.
e: file:///Volumes/emberstuff/Projects/codex-kotlin/src/nativeMain/kotlin/ai/solace/coder/core/tools/handlers/McpResource.kt:214:34 Cannot infer type for type parameter 'R'. Specify it explicitly.
e: file:///Volumes/emberstuff/Projects/codex-kotlin/src/nativeMain/kotlin/ai/solace/coder/core/tools/handlers/McpResource.kt:214:40 Unresolved reference 'ListResourceTemplatesRequestParams'.
e: file:///Volumes/emberstuff/Projects/codex-kotlin/src/nativeMain/kotlin/ai/solace/coder/core/tools/handlers/McpResource.kt:215:34 Unresolved reference 'listResourceTemplates'.
e: file:///Volumes/emberstuff/Projects/codex-kotlin/src/nativeMain/kotlin/ai/solace/coder/core/tools/handlers/McpResource.kt:217:95 Unresolved reference 'it'.
e: file:///Volumes/emberstuff/Projects/codex-kotlin/src/nativeMain/kotlin/ai/solace/coder/core/tools/handlers/McpResource.kt:221:23 Unresolved reference 'FunctionCallError'.
e: file:///Volumes/emberstuff/Projects/codex-kotlin/src/nativeMain/kotlin/ai/solace/coder/core/tools/handlers/McpResource.kt:221:23 Type mismatch: inferred type is 'ERROR CLASS: Unresolved name: RespondToModel', but 'Throwable' was expected.
e: file:///Volumes/emberstuff/Projects/codex-kotlin/src/nativeMain/kotlin/ai/solace/coder/core/tools/handlers/McpResource.kt:223:75 Unresolved reference 'listAllResourceTemplates'.
e: file:///Volumes/emberstuff/Projects/codex-kotlin/src/nativeMain/kotlin/ai/solace/coder/core/tools/handlers/McpResource.kt:224:60 Cannot infer type for implicit value parameter 'it'. Specify it explicitly.
e: file:///Volumes/emberstuff/Projects/codex-kotlin/src/nativeMain/kotlin/ai/solace/coder/core/tools/handlers/McpResource.kt:224:60 Operator call 'component1()' is ambiguous for destructuring of type 'ERROR CLASS: Cannot infer type for parameter <destruct>'. Applicable candidates:
fun <T> Array<out T>.component1(): T
fun ByteArray.component1(): Byte
fun ShortArray.component1(): Short
fun IntArray.component1(): Int
fun LongArray.component1(): Long
fun FloatArray.component1(): Float
fun DoubleArray.component1(): Double
fun BooleanArray.component1(): Boolean
fun CharArray.component1(): Char
fun <T> List<T>.component1(): T
fun UIntArray.component1(): UInt
fun ULongArray.component1(): ULong
fun UByteArray.component1(): UByte
fun UShortArray.component1(): UShort
fun <K, V> Map.Entry<K, V>.component1(): K
e: file:///Volumes/emberstuff/Projects/codex-kotlin/src/nativeMain/kotlin/ai/solace/coder/core/tools/handlers/McpResource.kt:224:60 Operator call 'component2()' is ambiguous for destructuring of type 'ERROR CLASS: Cannot infer type for parameter <destruct>'. Applicable candidates:
fun <T> Array<out T>.component2(): T
fun ByteArray.component2(): Byte
fun ShortArray.component2(): Short
fun IntArray.component2(): Int
fun LongArray.component2(): Long
fun FloatArray.component2(): Float
fun DoubleArray.component2(): Double
fun BooleanArray.component2(): Boolean
fun CharArray.component2(): Char
fun <T> List<T>.component2(): T
fun UIntArray.component2(): UInt
fun ULongArray.component2(): ULong
fun UByteArray.component2(): UByte
fun UShortArray.component2(): UShort
fun <K, V> Map.Entry<K, V>.component2(): V
e: file:///Volumes/emberstuff/Projects/codex-kotlin/src/nativeMain/kotlin/ai/solace/coder/core/tools/handlers/McpResource.kt:225:64 Unresolved reference 'it'.
e: file:///Volumes/emberstuff/Projects/codex-kotlin/src/nativeMain/kotlin/ai/solace/coder/core/tools/handlers/McpResource.kt:226:26 Unresolved reference 'it'.
e: file:///Volumes/emberstuff/Projects/codex-kotlin/src/nativeMain/kotlin/ai/solace/coder/core/tools/handlers/McpResource.kt:233:40 Unresolved reference 'FunctionCallError'.
e: file:///Volumes/emberstuff/Projects/codex-kotlin/src/nativeMain/kotlin/ai/solace/coder/core/tools/handlers/McpResource.kt:233:66 Unresolved reference 'FunctionCallError'.
e: file:///Volumes/emberstuff/Projects/codex-kotlin/src/nativeMain/kotlin/ai/solace/coder/core/tools/handlers/McpResource.kt:253:34 Cannot infer type for type parameter 'T'. Specify it explicitly.
e: file:///Volumes/emberstuff/Projects/codex-kotlin/src/nativeMain/kotlin/ai/solace/coder/core/tools/handlers/McpResource.kt:260:21 Argument type mismatch: actual type is 'String', but 'JsonElement?' was expected.
e: file:///Volumes/emberstuff/Projects/codex-kotlin/src/nativeMain/kotlin/ai/solace/coder/core/tools/handlers/McpResource.kt:267:30 Unresolved reference 'readResource'.
e: file:///Volumes/emberstuff/Projects/codex-kotlin/src/nativeMain/kotlin/ai/solace/coder/core/tools/handlers/McpResource.kt:267:51 Unresolved reference 'ReadResourceRequestParams'.
e: file:///Volumes/emberstuff/Projects/codex-kotlin/src/nativeMain/kotlin/ai/solace/coder/core/tools/handlers/McpResource.kt:272:40 Unresolved reference 'FunctionCallError'.
e: file:///Volumes/emberstuff/Projects/codex-kotlin/src/nativeMain/kotlin/ai/solace/coder/core/tools/handlers/McpResource.kt:272:66 Unresolved reference 'FunctionCallError'.
e: file:///Volumes/emberstuff/Projects/codex-kotlin/src/nativeMain/kotlin/ai/solace/coder/core/tools/handlers/McpResource.kt:288:39 Unresolved reference 'Text'.
e: file:///Volumes/emberstuff/Projects/codex-kotlin/src/nativeMain/kotlin/ai/solace/coder/core/tools/handlers/McpResource.kt:288:44 Unresolved reference 'TextContent'.
e: file:///Volumes/emberstuff/Projects/codex-kotlin/src/nativeMain/kotlin/ai/solace/coder/core/tools/handlers/McpResource.kt:313:28 Cannot infer type for type parameter 'R'. Specify it explicitly.
e: file:///Volumes/emberstuff/Projects/codex-kotlin/src/nativeMain/kotlin/ai/solace/coder/core/tools/handlers/McpResource.kt:314:55 Unresolved reference 'success'.
e: file:///Volumes/emberstuff/Projects/codex-kotlin/src/nativeMain/kotlin/ai/solace/coder/core/tools/handlers/McpResource.kt:315:55 Unresolved reference 'failure'.
e: file:///Volumes/emberstuff/Projects/codex-kotlin/src/nativeMain/kotlin/ai/solace/coder/core/tools/handlers/McpResource.kt:320:73 Argument type mismatch: actual type is 'Duration', but 'String' was expected.
e: file:///Volumes/emberstuff/Projects/codex-kotlin/src/nativeMain/kotlin/ai/solace/coder/core/tools/handlers/McpResource.kt:330:52 Unresolved reference 'FunctionCallError'.
e: file:///Volumes/emberstuff/Projects/codex-kotlin/src/nativeMain/kotlin/ai/solace/coder/core/tools/handlers/McpResource.kt:330:52 Type mismatch: inferred type is 'ERROR CLASS: Unresolved name: RespondToModel', but 'Throwable' was expected.
e: file:///Volumes/emberstuff/Projects/codex-kotlin/src/nativeMain/kotlin/ai/solace/coder/core/tools/handlers/McpResource.kt:342:24 Unresolved reference 'FunctionCallError'.
e: file:///Volumes/emberstuff/Projects/codex-kotlin/src/nativeMain/kotlin/ai/solace/coder/core/tools/handlers/McpResource.kt:351:24 Unresolved reference 'FunctionCallError'.
e: file:///Volumes/emberstuff/Projects/codex-kotlin/src/nativeMain/kotlin/ai/solace/coder/core/tools/handlers/McpResource.kt:356:50 Unresolved reference 'FunctionCallError'.
e: file:///Volumes/emberstuff/Projects/codex-kotlin/src/nativeMain/kotlin/ai/solace/coder/core/tools/handlers/McpResource.kt:360:24 Unresolved reference 'FunctionCallError'.
e: file:///Volumes/emberstuff/Projects/codex-kotlin/src/nativeMain/kotlin/ai/solace/coder/core/tools/handlers/McpResource.kt:372:20 Unresolved reference 'FunctionCallError'.
e: file:///Volumes/emberstuff/Projects/codex-kotlin/src/nativeMain/kotlin/ai/solace/coder/core/tools/handlers/McpResource.kt:372:20 Type mismatch: inferred type is 'ERROR CLASS: Unresolved name: RespondToModel', but 'Throwable' was expected.
e: file:///Volumes/emberstuff/Projects/codex-kotlin/src/nativeMain/kotlin/ai/solace/coder/core/tools/handlers/Plan.kt:19:1 Class 'PlanHandler' is not abstract and does not implement abstract member:
fun kind(): ToolKind
e: file:///Volumes/emberstuff/Projects/codex-kotlin/src/nativeMain/kotlin/ai/solace/coder/core/tools/handlers/Plan.kt:21:5 'kind' overrides nothing.
e: file:///Volumes/emberstuff/Projects/codex-kotlin/src/nativeMain/kotlin/ai/solace/coder/core/tools/handlers/Plan.kt:23:62 Return type of 'handle' is not a subtype of the return type of the overridden member 'suspend fun handle(invocation: ToolInvocation): Result<ToolOutput>' defined in 'ai.solace.coder.core.tools.ToolHandler'.
e: file:///Volumes/emberstuff/Projects/codex-kotlin/src/nativeMain/kotlin/ai/solace/coder/core/tools/handlers/ReadFile.kt:20:1 Class 'ReadFileHandler' is not abstract and does not implement abstract member:
fun kind(): ToolKind
e: file:///Volumes/emberstuff/Projects/codex-kotlin/src/nativeMain/kotlin/ai/solace/coder/core/tools/handlers/ReadFile.kt:22:5 'kind' overrides nothing.
e: file:///Volumes/emberstuff/Projects/codex-kotlin/src/nativeMain/kotlin/ai/solace/coder/core/tools/handlers/ReadFile.kt:24:62 Return type of 'handle' is not a subtype of the return type of the overridden member 'suspend fun handle(invocation: ToolInvocation): Result<ToolOutput>' defined in 'ai.solace.coder.core.tools.ToolHandler'.
e: file:///Volumes/emberstuff/Projects/codex-kotlin/src/nativeMain/kotlin/ai/solace/coder/core/tools/handlers/Shell.kt:4:29 Unresolved reference 'exec'.
e: file:///Volumes/emberstuff/Projects/codex-kotlin/src/nativeMain/kotlin/ai/solace/coder/core/tools/handlers/Shell.kt:5:29 Unresolved reference 'exec'.
e: file:///Volumes/emberstuff/Projects/codex-kotlin/src/nativeMain/kotlin/ai/solace/coder/core/tools/handlers/Shell.kt:23:1 Class 'ShellHandler' is not abstract and does not implement abstract member:
fun kind(): ToolKind
e: file:///Volumes/emberstuff/Projects/codex-kotlin/src/nativeMain/kotlin/ai/solace/coder/core/tools/handlers/Shell.kt:24:5 'kind' overrides nothing.
e: file:///Volumes/emberstuff/Projects/codex-kotlin/src/nativeMain/kotlin/ai/solace/coder/core/tools/handlers/Shell.kt:45:62 Return type of 'handle' is not a subtype of the return type of the overridden member 'suspend fun handle(invocation: ToolInvocation): Result<ToolOutput>' defined in 'ai.solace.coder.core.tools.ToolHandler'.
e: file:///Volumes/emberstuff/Projects/codex-kotlin/src/nativeMain/kotlin/ai/solace/coder/core/tools/handlers/Shell.kt:63:52 Unresolved reference 'RespondToModel'.
e: file:///Volumes/emberstuff/Projects/codex-kotlin/src/nativeMain/kotlin/ai/solace/coder/core/tools/handlers/Shell.kt:78:52 Unresolved reference 'RespondToModel'.
e: file:///Volumes/emberstuff/Projects/codex-kotlin/src/nativeMain/kotlin/ai/solace/coder/core/tools/handlers/Shell.kt:83:82 Unresolved reference 'ExecParams'.
e: file:///Volumes/emberstuff/Projects/codex-kotlin/src/nativeMain/kotlin/ai/solace/coder/core/tools/handlers/Shell.kt:84:20 Unresolved reference 'ExecParams'.
e: file:///Volumes/emberstuff/Projects/codex-kotlin/src/nativeMain/kotlin/ai/solace/coder/core/tools/handlers/Shell.kt:87:30 Unresolved reference 'ExecExpiration'.
e: file:///Volumes/emberstuff/Projects/codex-kotlin/src/nativeMain/kotlin/ai/solace/coder/core/tools/handlers/Shell.kt:97:25 Unresolved reference 'ExecParams'.
e: file:///Volumes/emberstuff/Projects/codex-kotlin/src/nativeMain/kotlin/ai/solace/coder/core/tools/handlers/Shell.kt:113:63 Inapplicable candidate(s): constructor(command: List<String>, cwd: String, timeoutMs: Long?, env: Map<String, String>, withEscalatedPermissions: Boolean?, justification: String?, approvalRequirement: ApprovalRequirement): ShellRequest
e: file:///Volumes/emberstuff/Projects/codex-kotlin/src/nativeMain/kotlin/ai/solace/coder/core/tools/handlers/Shell.kt:114:38 Unresolved reference 'command'.
e: file:///Volumes/emberstuff/Projects/codex-kotlin/src/nativeMain/kotlin/ai/solace/coder/core/tools/handlers/Shell.kt:115:34 Unresolved reference 'cwd'.
e: file:///Volumes/emberstuff/Projects/codex-kotlin/src/nativeMain/kotlin/ai/solace/coder/core/tools/handlers/Shell.kt:116:40 Unresolved reference 'expiration'.
e: file:///Volumes/emberstuff/Projects/codex-kotlin/src/nativeMain/kotlin/ai/solace/coder/core/tools/handlers/Shell.kt:116:51 Cannot infer type for type parameter 'T'. Specify it explicitly.
e: file:///Volumes/emberstuff/Projects/codex-kotlin/src/nativeMain/kotlin/ai/solace/coder/core/tools/handlers/Shell.kt:116:51 Cannot infer type for type parameter 'R'. Specify it explicitly.
e: file:///Volumes/emberstuff/Projects/codex-kotlin/src/nativeMain/kotlin/ai/solace/coder/core/tools/handlers/Shell.kt:116:55 Cannot infer type for type parameter 'T'. Specify it explicitly.
e: file:///Volumes/emberstuff/Projects/codex-kotlin/src/nativeMain/kotlin/ai/solace/coder/core/tools/handlers/Shell.kt:117:31 Unresolved reference 'ExecExpiration'.
e: file:///Volumes/emberstuff/Projects/codex-kotlin/src/nativeMain/kotlin/ai/solace/coder/core/tools/handlers/Shell.kt:117:58 Unresolved reference 'duration'.
e: file:///Volumes/emberstuff/Projects/codex-kotlin/src/nativeMain/kotlin/ai/solace/coder/core/tools/handlers/Shell.kt:119:34 Unresolved reference 'env'.
e: file:///Volumes/emberstuff/Projects/codex-kotlin/src/nativeMain/kotlin/ai/solace/coder/core/tools/handlers/Shell.kt:120:55 Unresolved reference 'withEscalatedPermissions'.
e: file:///Volumes/emberstuff/Projects/codex-kotlin/src/nativeMain/kotlin/ai/solace/coder/core/tools/handlers/Shell.kt:121:44 Unresolved reference 'justification'.
e: file:///Volumes/emberstuff/Projects/codex-kotlin/src/nativeMain/kotlin/ai/solace/coder/core/tools/handlers/Shell.kt:142:52 Unresolved reference 'Exec'.
e: file:///Volumes/emberstuff/Projects/codex-kotlin/src/nativeMain/kotlin/ai/solace/coder/core/tools/handlers/Shell.kt:146:52 Unresolved reference 'ToolError'.
e: file:///Volumes/emberstuff/Projects/codex-kotlin/src/nativeMain/kotlin/ai/solace/coder/core/tools/handlers/Shell.kt:153:1 Class 'ShellCommandHandler' is not abstract and does not implement abstract member:
fun kind(): ToolKind
e: file:///Volumes/emberstuff/Projects/codex-kotlin/src/nativeMain/kotlin/ai/solace/coder/core/tools/handlers/Shell.kt:154:5 'kind' overrides nothing.
e: file:///Volumes/emberstuff/Projects/codex-kotlin/src/nativeMain/kotlin/ai/solace/coder/core/tools/handlers/Shell.kt:160:62 Return type of 'handle' is not a subtype of the return type of the overridden member 'suspend fun handle(invocation: ToolInvocation): Result<ToolOutput>' defined in 'ai.solace.coder.core.tools.ToolHandler'.
e: file:///Volumes/emberstuff/Projects/codex-kotlin/src/nativeMain/kotlin/ai/solace/coder/core/tools/handlers/Shell.kt:162:24 Unresolved reference 'RespondToModel'.
e: file:///Volumes/emberstuff/Projects/codex-kotlin/src/nativeMain/kotlin/ai/solace/coder/core/tools/handlers/Shell.kt:178:44 Unresolved reference 'RespondToModel'.
e: file:///Volumes/emberstuff/Projects/codex-kotlin/src/nativeMain/kotlin/ai/solace/coder/core/tools/handlers/Shell.kt:187:12 Unresolved reference 'ExecParams'.
e: file:///Volumes/emberstuff/Projects/codex-kotlin/src/nativeMain/kotlin/ai/solace/coder/core/tools/handlers/Shell.kt:192:20 Unresolved reference 'ExecParams'.
e: file:///Volumes/emberstuff/Projects/codex-kotlin/src/nativeMain/kotlin/ai/solace/coder/core/tools/handlers/Shell.kt:195:30 Unresolved reference 'ExecExpiration'.
e: file:///Volumes/emberstuff/Projects/codex-kotlin/src/nativeMain/kotlin/ai/solace/coder/core/tools/handlers/Shell.kt:208:51 Unresolved reference 'Low'.
e: file:///Volumes/emberstuff/Projects/codex-kotlin/src/nativeMain/kotlin/ai/solace/coder/core/tools/handlers/TestSync.kt:15:62 Return type of 'handle' is not a subtype of the return type of the overridden member 'suspend fun handle(invocation: ToolInvocation): Result<ToolOutput>' defined in 'ai.solace.coder.core.tools.ToolHandler'.
e: file:///Volumes/emberstuff/Projects/codex-kotlin/src/nativeMain/kotlin/ai/solace/coder/core/tools/handlers/UnifiedExec.kt:16:35 Unresolved reference 'Sandboxing'.
e: file:///Volumes/emberstuff/Projects/codex-kotlin/src/nativeMain/kotlin/ai/solace/coder/core/tools/handlers/UnifiedExec.kt:18:35 Unresolved reference 'SandboxPermissions'.
e: file:///Volumes/emberstuff/Projects/codex-kotlin/src/nativeMain/kotlin/ai/solace/coder/core/tools/handlers/UnifiedExec.kt:26:1 Class 'UnifiedExecHandler' is not abstract and does not implement abstract member:
fun kind(): ToolKind
e: file:///Volumes/emberstuff/Projects/codex-kotlin/src/nativeMain/kotlin/ai/solace/coder/core/tools/handlers/UnifiedExec.kt:27:5 'kind' overrides nothing.
e: file:///Volumes/emberstuff/Projects/codex-kotlin/src/nativeMain/kotlin/ai/solace/coder/core/tools/handlers/UnifiedExec.kt:44:52 Unresolved reference 'Low'.
e: file:///Volumes/emberstuff/Projects/codex-kotlin/src/nativeMain/kotlin/ai/solace/coder/core/tools/handlers/UnifiedExec.kt:50:62 Return type of 'handle' is not a subtype of the return type of the overridden member 'suspend fun handle(invocation: ToolInvocation): Result<ToolOutput>' defined in 'ai.solace.coder.core.tools.ToolHandler'.
e: file:///Volumes/emberstuff/Projects/codex-kotlin/src/nativeMain/kotlin/ai/solace/coder/core/tools/handlers/UnifiedExec.kt:76:41 Unresolved reference 'allocateProcessId'.
e: file:///Volumes/emberstuff/Projects/codex-kotlin/src/nativeMain/kotlin/ai/solace/coder/core/tools/handlers/UnifiedExec.kt:82:64 Unresolved reference 'Low'.
e: file:///Volumes/emberstuff/Projects/codex-kotlin/src/nativeMain/kotlin/ai/solace/coder/core/tools/handlers/UnifiedExec.kt:83:64 Unresolved reference 'Sandbox'.
e: file:///Volumes/emberstuff/Projects/codex-kotlin/src/nativeMain/kotlin/ai/solace/coder/core/tools/handlers/UnifiedExec.kt:87:25 Unresolved reference 'execCommand'.
e: file:///Volumes/emberstuff/Projects/codex-kotlin/src/nativeMain/kotlin/ai/solace/coder/core/tools/handlers/UnifiedExec.kt:107:25 Unresolved reference 'writeStdin'.
e: file:///Volumes/emberstuff/Projects/codex-kotlin/src/nativeMain/kotlin/ai/solace/coder/core/tools/handlers/UnifiedExec.kt:107:57 Unresolved reference 'data'.
e: file:///Volumes/emberstuff/Projects/codex-kotlin/src/nativeMain/kotlin/ai/solace/coder/core/tools/handlers/UnifiedExec.kt:109:17 Unresolved reference 'UnifiedExecResponse'.
e: file:///Volumes/emberstuff/Projects/codex-kotlin/src/nativeMain/kotlin/ai/solace/coder/core/tools/handlers/UnifiedExec.kt:117:38 Cannot infer type for type parameter 'T'. Specify it explicitly.
e: file:///Volumes/emberstuff/Projects/codex-kotlin/src/nativeMain/kotlin/ai/solace/coder/core/tools/handlers/UnifiedExec.kt:133:5 'getTimeoutMs' overrides nothing.
e: file:///Volumes/emberstuff/Projects/codex-kotlin/src/nativeMain/kotlin/ai/solace/coder/core/tools/handlers/UnifiedExec.kt:157:30 Unresolved reference 'UnifiedExecResponse'.
e: file:///Volumes/emberstuff/Projects/codex-kotlin/src/nativeMain/kotlin/ai/solace/coder/core/tools/handlers/UnifiedExec.kt:159:18 Unresolved reference 'chunkId'.
e: file:///Volumes/emberstuff/Projects/codex-kotlin/src/nativeMain/kotlin/ai/solace/coder/core/tools/handlers/UnifiedExec.kt:160:44 Unresolved reference 'chunkId'.
e: file:///Volumes/emberstuff/Projects/codex-kotlin/src/nativeMain/kotlin/ai/solace/coder/core/tools/handlers/UnifiedExec.kt:162:41 Unresolved reference 'wallTime'.
e: file:///Volumes/emberstuff/Projects/codex-kotlin/src/nativeMain/kotlin/ai/solace/coder/core/tools/handlers/UnifiedExec.kt:163:18 Unresolved reference 'exitCode'.
e: file:///Volumes/emberstuff/Projects/codex-kotlin/src/nativeMain/kotlin/ai/solace/coder/core/tools/handlers/UnifiedExec.kt:164:59 Unresolved reference 'exitCode'.
e: file:///Volumes/emberstuff/Projects/codex-kotlin/src/nativeMain/kotlin/ai/solace/coder/core/tools/handlers/UnifiedExec.kt:166:18 Unresolved reference 'processId'.
e: file:///Volumes/emberstuff/Projects/codex-kotlin/src/nativeMain/kotlin/ai/solace/coder/core/tools/handlers/UnifiedExec.kt:167:66 Unresolved reference 'processId'.
e: file:///Volumes/emberstuff/Projects/codex-kotlin/src/nativeMain/kotlin/ai/solace/coder/core/tools/handlers/UnifiedExec.kt:169:18 Unresolved reference 'originalTokenCount'.
e: file:///Volumes/emberstuff/Projects/codex-kotlin/src/nativeMain/kotlin/ai/solace/coder/core/tools/handlers/UnifiedExec.kt:170:56 Unresolved reference 'originalTokenCount'.
e: file:///Volumes/emberstuff/Projects/codex-kotlin/src/nativeMain/kotlin/ai/solace/coder/core/tools/handlers/UnifiedExec.kt:173:27 Unresolved reference 'output'.
e: file:///Volumes/emberstuff/Projects/codex-kotlin/src/nativeMain/kotlin/ai/solace/coder/core/tools/handlers/ViewImage.kt:17:1 Class 'ViewImageHandler' is not abstract and does not implement abstract member:
fun kind(): ToolKind
e: file:///Volumes/emberstuff/Projects/codex-kotlin/src/nativeMain/kotlin/ai/solace/coder/core/tools/handlers/ViewImage.kt:19:5 'kind' overrides nothing.
e: file:///Volumes/emberstuff/Projects/codex-kotlin/src/nativeMain/kotlin/ai/solace/coder/core/tools/handlers/ViewImage.kt:21:62 Return type of 'handle' is not a subtype of the return type of the overridden member 'suspend fun handle(invocation: ToolInvocation): Result<ToolOutput>' defined in 'ai.solace.coder.core.tools.ToolHandler'.
e: file:///Volumes/emberstuff/Projects/codex-kotlin/src/nativeMain/kotlin/ai/solace/coder/core/tools/handlers/ViewImage.kt:67:24 Unresolved reference 'ImageAttachment'.
e: file:///Volumes/emberstuff/Projects/codex-kotlin/src/nativeMain/kotlin/ai/solace/coder/core/tools/runtimes/ApplyPatch.kt:56:5 'approvalKey' overrides nothing.
e: file:///Volumes/emberstuff/Projects/codex-kotlin/src/nativeMain/kotlin/ai/solace/coder/core/tools/runtimes/ApplyPatch.kt:70:35 Argument type mismatch: actual type is 'ai.solace.coder.core.session.SessionServices', but 'ai.solace.coder.core.tools.SessionServices' was expected.
e: file:///Volumes/emberstuff/Projects/codex-kotlin/src/nativeMain/kotlin/ai/solace/coder/core/tools/runtimes/ApplyPatch.kt:100:26 'return' is prohibited here.
e: file:///Volumes/emberstuff/Projects/codex-kotlin/src/nativeMain/kotlin/ai/solace/coder/core/tools/runtimes/ApplyPatch.kt:100:48 Argument type mismatch: actual type is 'ToolError.Codex', but 'Throwable' was expected.
e: file:///Volumes/emberstuff/Projects/codex-kotlin/src/nativeMain/kotlin/ai/solace/coder/core/tools/runtimes/ApplyPatch.kt:100:64 Unresolved reference 'it'.
e: file:///Volumes/emberstuff/Projects/codex-kotlin/src/nativeMain/kotlin/ai/solace/coder/core/tools/runtimes/ApplyPatch.kt:100:64 Argument type mismatch: actual type is 'String', but 'CodexError' was expected.
e: file:///Volumes/emberstuff/Projects/codex-kotlin/src/nativeMain/kotlin/ai/solace/coder/core/tools/runtimes/ApplyPatch.kt:104:38 Type mismatch: inferred type is 'ToolError.Codex', but 'Throwable' was expected.
e: file:///Volumes/emberstuff/Projects/codex-kotlin/src/nativeMain/kotlin/ai/solace/coder/core/tools/runtimes/ApplyPatch.kt:104:54 Argument type mismatch: actual type is 'String', but 'CodexError' was expected.
e: file:///Volumes/emberstuff/Projects/codex-kotlin/src/nativeMain/kotlin/ai/solace/coder/core/tools/runtimes/ApplyPatch.kt:109:48 Argument type mismatch: actual type is 'ToolError.Rejected', but 'Throwable' was expected.
e: file:///Volumes/emberstuff/Projects/codex-kotlin/src/nativeMain/kotlin/ai/solace/coder/core/tools/runtimes/Shell.kt:61:5 'approvalKey' overrides nothing.
e: file:///Volumes/emberstuff/Projects/codex-kotlin/src/nativeMain/kotlin/ai/solace/coder/core/tools/runtimes/Shell.kt:79:35 Argument type mismatch: actual type is 'ai.solace.coder.core.session.SessionServices', but 'ai.solace.coder.core.tools.SessionServices' was expected.
e: file:///Volumes/emberstuff/Projects/codex-kotlin/src/nativeMain/kotlin/ai/solace/coder/core/tools/runtimes/Shell.kt:118:23 'return' is prohibited here.
e: file:///Volumes/emberstuff/Projects/codex-kotlin/src/nativeMain/kotlin/ai/solace/coder/core/tools/runtimes/Shell.kt:118:45 Argument type mismatch: actual type is 'ToolError.Rejected', but 'Throwable' was expected.
e: file:///Volumes/emberstuff/Projects/codex-kotlin/src/nativeMain/kotlin/ai/solace/coder/core/tools/runtimes/Shell.kt:118:64 Unresolved reference 'it'.
e: file:///Volumes/emberstuff/Projects/codex-kotlin/src/nativeMain/kotlin/ai/solace/coder/core/tools/runtimes/Shell.kt:121:26 'return' is prohibited here.
e: file:///Volumes/emberstuff/Projects/codex-kotlin/src/nativeMain/kotlin/ai/solace/coder/core/tools/runtimes/Shell.kt:121:48 Argument type mismatch: actual type is 'ToolError.Codex', but 'Throwable' was expected.
e: file:///Volumes/emberstuff/Projects/codex-kotlin/src/nativeMain/kotlin/ai/solace/coder/core/tools/runtimes/Shell.kt:121:64 Unresolved reference 'it'.
e: file:///Volumes/emberstuff/Projects/codex-kotlin/src/nativeMain/kotlin/ai/solace/coder/core/tools/runtimes/Shell.kt:121:64 Argument type mismatch: actual type is 'String', but 'CodexError' was expected.
e: file:///Volumes/emberstuff/Projects/codex-kotlin/src/nativeMain/kotlin/ai/solace/coder/core/tools/runtimes/Shell.kt:125:38 Type mismatch: inferred type is 'ToolError.Codex', but 'Throwable' was expected.
e: file:///Volumes/emberstuff/Projects/codex-kotlin/src/nativeMain/kotlin/ai/solace/coder/core/tools/runtimes/Shell.kt:125:54 Argument type mismatch: actual type is 'String', but 'CodexError' was expected.
e: file:///Volumes/emberstuff/Projects/codex-kotlin/src/nativeMain/kotlin/ai/solace/coder/core/tools/runtimes/UnifiedExec.kt:21:37 Unresolved reference 'ExecExpiration'.
e: file:///Volumes/emberstuff/Projects/codex-kotlin/src/nativeMain/kotlin/ai/solace/coder/core/tools/runtimes/UnifiedExec.kt:23:35 Unresolved reference 'SandboxErr'.
e: file:///Volumes/emberstuff/Projects/codex-kotlin/src/nativeMain/kotlin/ai/solace/coder/core/tools/runtimes/UnifiedExec.kt:60:5 'approvalKey' overrides nothing.
e: file:///Volumes/emberstuff/Projects/codex-kotlin/src/nativeMain/kotlin/ai/solace/coder/core/tools/runtimes/UnifiedExec.kt:78:35 Argument type mismatch: actual type is 'ai.solace.coder.core.session.SessionServices', but 'ai.solace.coder.core.tools.SessionServices' was expected.
e: file:///Volumes/emberstuff/Projects/codex-kotlin/src/nativeMain/kotlin/ai/solace/coder/core/tools/runtimes/UnifiedExec.kt:114:13 Unresolved reference 'ExecExpiration'.
e: file:///Volumes/emberstuff/Projects/codex-kotlin/src/nativeMain/kotlin/ai/solace/coder/core/tools/runtimes/UnifiedExec.kt:117:23 'return' is prohibited here.
e: file:///Volumes/emberstuff/Projects/codex-kotlin/src/nativeMain/kotlin/ai/solace/coder/core/tools/runtimes/UnifiedExec.kt:117:45 Argument type mismatch: actual type is 'ToolError.Rejected', but 'Throwable' was expected.
e: file:///Volumes/emberstuff/Projects/codex-kotlin/src/nativeMain/kotlin/ai/solace/coder/core/tools/runtimes/UnifiedExec.kt:120:26 'return' is prohibited here.
e: file:///Volumes/emberstuff/Projects/codex-kotlin/src/nativeMain/kotlin/ai/solace/coder/core/tools/runtimes/UnifiedExec.kt:120:48 Argument type mismatch: actual type is 'ToolError.Codex', but 'Throwable' was expected.
e: file:///Volumes/emberstuff/Projects/codex-kotlin/src/nativeMain/kotlin/ai/solace/coder/core/tools/runtimes/UnifiedExec.kt:120:64 Unresolved reference 'it'.
e: file:///Volumes/emberstuff/Projects/codex-kotlin/src/nativeMain/kotlin/ai/solace/coder/core/tools/runtimes/UnifiedExec.kt:120:64 Argument type mismatch: actual type is 'String', but 'CodexError' was expected.
e: file:///Volumes/emberstuff/Projects/codex-kotlin/src/nativeMain/kotlin/ai/solace/coder/core/tools/runtimes/UnifiedExec.kt:130:32 Argument type mismatch: actual type is 'ToolError.Codex', but 'Throwable' was expected.
e: file:///Volumes/emberstuff/Projects/codex-kotlin/src/nativeMain/kotlin/ai/solace/coder/core/tools/runtimes/UnifiedExec.kt:130:48 Argument type mismatch: actual type is 'String', but 'CodexError' was expected.
e: file:///Volumes/emberstuff/Projects/codex-kotlin/src/nativeMain/kotlin/ai/solace/coder/core/tools/runtimes/UnifiedExec.kt:132:32 Argument type mismatch: actual type is 'ToolError.Rejected', but 'Throwable' was expected.
e: file:///Volumes/emberstuff/Projects/codex-kotlin/src/nativeMain/kotlin/ai/solace/coder/core/unified_exec/Errors.kt:4:37 Unresolved reference 'ExecToolCallOutput'.
e: file:///Volumes/emberstuff/Projects/codex-kotlin/src/nativeMain/kotlin/ai/solace/coder/core/unified_exec/Errors.kt:24:21 Unresolved reference 'ExecToolCallOutput'.
e: file:///Volumes/emberstuff/Projects/codex-kotlin/src/nativeMain/kotlin/ai/solace/coder/core/unified_exec/Errors.kt:29:52 Unresolved reference 'ExecToolCallOutput'.
e: file:///Volumes/emberstuff/Projects/codex-kotlin/src/nativeMain/kotlin/ai/solace/coder/core/unified_exec/Session.kt:4:37 Unresolved reference 'ExecToolCallOutput'.
e: file:///Volumes/emberstuff/Projects/codex-kotlin/src/nativeMain/kotlin/ai/solace/coder/core/unified_exec/Session.kt:6:37 Unresolved reference 'StreamOutput'.
e: file:///Volumes/emberstuff/Projects/codex-kotlin/src/nativeMain/kotlin/ai/solace/coder/core/unified_exec/Session.kt:101:32 Unresolved reference 'Object'.
e: file:///Volumes/emberstuff/Projects/codex-kotlin/src/nativeMain/kotlin/ai/solace/coder/core/unified_exec/Session.kt:185:1 Syntax error: Expecting member declaration.
e: file:///Volumes/emberstuff/Projects/codex-kotlin/src/nativeMain/kotlin/ai/solace/coder/core/unified_exec/Session.kt:185:8 Syntax error: Expecting member declaration.
e: file:///Volumes/emberstuff/Projects/codex-kotlin/src/nativeMain/kotlin/ai/solace/coder/core/unified_exec/Session.kt:185:10 Syntax error: Expecting member declaration.
e: file:///Volumes/emberstuff/Projects/codex-kotlin/src/nativeMain/kotlin/ai/solace/coder/core/unified_exec/Session.kt:185:11 Syntax error: Expecting member declaration.
e: file:///Volumes/emberstuff/Projects/codex-kotlin/src/nativeMain/kotlin/ai/solace/coder/core/unified_exec/Session.kt:185:17 Syntax error: Expecting member declaration.
e: file:///Volumes/emberstuff/Projects/codex-kotlin/src/nativeMain/kotlin/ai/solace/coder/core/unified_exec/Session.kt:185:18 Syntax error: Expecting member declaration.
e: file:///Volumes/emberstuff/Projects/codex-kotlin/src/nativeMain/kotlin/ai/solace/coder/core/unified_exec/Session.kt:185:23 Syntax error: Expecting member declaration.
e: file:///Volumes/emberstuff/Projects/codex-kotlin/src/nativeMain/kotlin/ai/solace/coder/core/unified_exec/Session.kt:185:24 Syntax error: Expecting member declaration.
e: file:///Volumes/emberstuff/Projects/codex-kotlin/src/nativeMain/kotlin/ai/solace/coder/core/unified_exec/Session.kt:185:28 Syntax error: Expecting member declaration.
e: file:///Volumes/emberstuff/Projects/codex-kotlin/src/nativeMain/kotlin/ai/solace/coder/core/unified_exec/Session.kt:185:29 Syntax error: Expecting member declaration.
e: file:///Volumes/emberstuff/Projects/codex-kotlin/src/nativeMain/kotlin/ai/solace/coder/core/unified_exec/Session.kt:186:1 Syntax error: Expecting member declaration.
e: file:///Volumes/emberstuff/Projects/codex-kotlin/src/nativeMain/kotlin/ai/solace/coder/core/unified_exec/Session.kt:186:8 Syntax error: Expecting member declaration.
e: file:///Volumes/emberstuff/Projects/codex-kotlin/src/nativeMain/kotlin/ai/solace/coder/core/unified_exec/Session.kt:186:10 Syntax error: Expecting member declaration.
e: file:///Volumes/emberstuff/Projects/codex-kotlin/src/nativeMain/kotlin/ai/solace/coder/core/unified_exec/Session.kt:186:11 Syntax error: Expecting member declaration.
e: file:///Volumes/emberstuff/Projects/codex-kotlin/src/nativeMain/kotlin/ai/solace/coder/core/unified_exec/Session.kt:186:17 Syntax error: Expecting member declaration.
e: file:///Volumes/emberstuff/Projects/codex-kotlin/src/nativeMain/kotlin/ai/solace/coder/core/unified_exec/Session.kt:186:18 Syntax error: Expecting member declaration.
e: file:///Volumes/emberstuff/Projects/codex-kotlin/src/nativeMain/kotlin/ai/solace/coder/core/unified_exec/Session.kt:186:23 Syntax error: Expecting member declaration.
e: file:///Volumes/emberstuff/Projects/codex-kotlin/src/nativeMain/kotlin/ai/solace/coder/core/unified_exec/Session.kt:186:24 Syntax error: Expecting member declaration.
e: file:///Volumes/emberstuff/Projects/codex-kotlin/src/nativeMain/kotlin/ai/solace/coder/core/unified_exec/Session.kt:186:28 Syntax error: Expecting member declaration.
e: file:///Volumes/emberstuff/Projects/codex-kotlin/src/nativeMain/kotlin/ai/solace/coder/core/unified_exec/Session.kt:186:29 Syntax error: Expecting member declaration.
e: file:///Volumes/emberstuff/Projects/codex-kotlin/src/nativeMain/kotlin/ai/solace/coder/core/unified_exec/Session.kt:186:41 Syntax error: Expecting member declaration.
e: file:///Volumes/emberstuff/Projects/codex-kotlin/src/nativeMain/kotlin/ai/solace/coder/core/unified_exec/Session.kt:186:42 Syntax error: Expecting member declaration.
e: file:///Volumes/emberstuff/Projects/codex-kotlin/src/nativeMain/kotlin/ai/solace/coder/core/unified_exec/Session.kt:204:26 Unresolved reference 'ExecToolCallOutput'.
e: file:///Volumes/emberstuff/Projects/codex-kotlin/src/nativeMain/kotlin/ai/solace/coder/core/unified_exec/Session.kt:206:22 Unresolved reference 'StreamOutput'.
e: file:///Volumes/emberstuff/Projects/codex-kotlin/src/nativeMain/kotlin/ai/solace/coder/core/unified_exec/Session.kt:207:22 Unresolved reference 'StreamOutput'.
e: file:///Volumes/emberstuff/Projects/codex-kotlin/src/nativeMain/kotlin/ai/solace/coder/core/unified_exec/Session.kt:208:32 Unresolved reference 'StreamOutput'.
e: file:///Volumes/emberstuff/Projects/codex-kotlin/src/nativeMain/kotlin/ai/solace/coder/core/unified_exec/Session.kt:213:24 Unresolved reference 'isLikelySandboxDenied'.
e: file:///Volumes/emberstuff/Projects/codex-kotlin/src/nativeMain/kotlin/ai/solace/coder/core/unified_exec/SessionManager.kt:4:29 Unresolved reference 'CodexSession'.
e: file:///Volumes/emberstuff/Projects/codex-kotlin/src/nativeMain/kotlin/ai/solace/coder/core/unified_exec/SessionManager.kt:5:29 Unresolved reference 'TurnContext'.
e: file:///Volumes/emberstuff/Projects/codex-kotlin/src/nativeMain/kotlin/ai/solace/coder/core/unified_exec/SessionManager.kt:6:37 Unresolved reference 'ExecToolCallOutput'.
e: file:///Volumes/emberstuff/Projects/codex-kotlin/src/nativeMain/kotlin/ai/solace/coder/core/unified_exec/SessionManager.kt:7:37 Unresolved reference 'StreamOutput'.
e: file:///Volumes/emberstuff/Projects/codex-kotlin/src/nativeMain/kotlin/ai/solace/coder/core/unified_exec/SessionManager.kt:11:37 Unresolved reference 'approxTokenCount'.
e: file:///Volumes/emberstuff/Projects/codex-kotlin/src/nativeMain/kotlin/ai/solace/coder/core/unified_exec/SessionManager.kt:12:35 Unresolved reference 'events'.
e: file:///Volumes/emberstuff/Projects/codex-kotlin/src/nativeMain/kotlin/ai/solace/coder/core/unified_exec/SessionManager.kt:13:35 Unresolved reference 'events'.
e: file:///Volumes/emberstuff/Projects/codex-kotlin/src/nativeMain/kotlin/ai/solace/coder/core/unified_exec/SessionManager.kt:14:35 Unresolved reference 'events'.
e: file:///Volumes/emberstuff/Projects/codex-kotlin/src/nativeMain/kotlin/ai/solace/coder/core/unified_exec/SessionManager.kt:15:35 Unresolved reference 'events'.
e: file:///Volumes/emberstuff/Projects/codex-kotlin/src/nativeMain/kotlin/ai/solace/coder/core/unified_exec/SessionManager.kt:16:35 Unresolved reference 'events'.
e: file:///Volumes/emberstuff/Projects/codex-kotlin/src/nativeMain/kotlin/ai/solace/coder/core/unified_exec/SessionManager.kt:17:35 Unresolved reference 'orchestrator'.
e: file:///Volumes/emberstuff/Projects/codex-kotlin/src/nativeMain/kotlin/ai/solace/coder/core/unified_exec/SessionManager.kt:20:35 Unresolved reference 'Sandboxing'.
e: file:///Volumes/emberstuff/Projects/codex-kotlin/src/nativeMain/kotlin/ai/solace/coder/core/unified_exec/SessionManager.kt:22:35 Unresolved reference 'SandboxPermissions'.
e: file:///Volumes/emberstuff/Projects/codex-kotlin/src/nativeMain/kotlin/ai/solace/coder/core/unified_exec/SessionManager.kt:23:35 Unresolved reference 'createApprovalRequirementForCommand'.
e: file:///Volumes/emberstuff/Projects/codex-kotlin/src/nativeMain/kotlin/ai/solace/coder/core/unified_exec/SessionManager.kt:40:21 Unresolved reference 'CodexSession'.
e: file:///Volumes/emberstuff/Projects/codex-kotlin/src/nativeMain/kotlin/ai/solace/coder/core/unified_exec/SessionManager.kt:41:18 Unresolved reference 'TurnContext'.
e: file:///Volumes/emberstuff/Projects/codex-kotlin/src/nativeMain/kotlin/ai/solace/coder/core/unified_exec/SessionManager.kt:46:20 This declaration needs opt-in. Its usage must be marked with '@kotlin.time.ExperimentalTime' or '@OptIn(kotlin.time.ExperimentalTime::class)'
e: file:///Volumes/emberstuff/Projects/codex-kotlin/src/nativeMain/kotlin/ai/solace/coder/core/unified_exec/SessionManager.kt:47:19 This declaration needs opt-in. Its usage must be marked with '@kotlin.time.ExperimentalTime' or '@OptIn(kotlin.time.ExperimentalTime::class)'
e: file:///Volumes/emberstuff/Projects/codex-kotlin/src/nativeMain/kotlin/ai/solace/coder/core/unified_exec/SessionManager.kt:91:51 Unresolved reference 'cwd'.
e: file:///Volumes/emberstuff/Projects/codex-kotlin/src/nativeMain/kotlin/ai/solace/coder/core/unified_exec/SessionManager.kt:104:27 Unresolved reference 'System'.
e: file:///Volumes/emberstuff/Projects/codex-kotlin/src/nativeMain/kotlin/ai/solace/coder/core/unified_exec/SessionManager.kt:112:13 Argument type mismatch: actual type is 'String', but 'Instant' was expected.
e: file:///Volumes/emberstuff/Projects/codex-kotlin/src/nativeMain/kotlin/ai/solace/coder/core/unified_exec/SessionManager.kt:115:30 Unresolved reference 'System'.
e: file:///Volumes/emberstuff/Projects/codex-kotlin/src/nativeMain/kotlin/ai/solace/coder/core/unified_exec/SessionManager.kt:137:34 Unresolved reference 'approxTokenCount'.
e: file:///Volumes/emberstuff/Projects/codex-kotlin/src/nativeMain/kotlin/ai/solace/coder/core/unified_exec/SessionManager.kt:175:32 Unresolved reference 'System'.
e: file:///Volumes/emberstuff/Projects/codex-kotlin/src/nativeMain/kotlin/ai/solace/coder/core/unified_exec/SessionManager.kt:197:56 Argument type mismatch: actual type is 'ai.solace.coder.core.SandboxType', but 'ai.solace.coder.exec.process.SandboxType' was expected.
e: file:///Volumes/emberstuff/Projects/codex-kotlin/src/nativeMain/kotlin/ai/solace/coder/core/unified_exec/SessionManager.kt:230:13 Argument type mismatch: actual type is 'SandboxType', but 'String' was expected.
e: file:///Volumes/emberstuff/Projects/codex-kotlin/src/nativeMain/kotlin/ai/solace/coder/core/unified_exec/SessionManager.kt:231:13 Too many arguments for 'fun transform(spec: CommandSpec, policy: SandboxPolicy, sandboxPolicyCwd: String): CodexResult<ExecEnv>'.
e: file:///Volumes/emberstuff/Projects/codex-kotlin/src/nativeMain/kotlin/ai/solace/coder/core/unified_exec/SessionManager.kt:232:13 Too many arguments for 'fun transform(spec: CommandSpec, policy: SandboxPolicy, sandboxPolicyCwd: String): CodexResult<ExecEnv>'.
e: file:///Volumes/emberstuff/Projects/codex-kotlin/src/nativeMain/kotlin/ai/solace/coder/core/unified_exec/SessionManager.kt:236:19 Type mismatch: inferred type is 'ERROR CLASS: Unresolved name: SandboxError', but 'Throwable' was expected.
e: file:///Volumes/emberstuff/Projects/codex-kotlin/src/nativeMain/kotlin/ai/solace/coder/core/unified_exec/SessionManager.kt:236:36 Unresolved reference 'SandboxError'.
e: file:///Volumes/emberstuff/Projects/codex-kotlin/src/nativeMain/kotlin/ai/solace/coder/core/unified_exec/SessionManager.kt:236:65 Unresolved reference 'exceptionOrNull'.
e: file:///Volumes/emberstuff/Projects/codex-kotlin/src/nativeMain/kotlin/ai/solace/coder/core/unified_exec/SessionManager.kt:247:19 This declaration needs opt-in. Its usage must be marked with '@kotlin.time.ExperimentalTime' or '@OptIn(kotlin.time.ExperimentalTime::class)'
e: file:///Volumes/emberstuff/Projects/codex-kotlin/src/nativeMain/kotlin/ai/solace/coder/core/unified_exec/SessionManager.kt:253:22 Unresolved reference 'System'.
e: file:///Volumes/emberstuff/Projects/codex-kotlin/src/nativeMain/kotlin/ai/solace/coder/core/unified_exec/SessionManager.kt:253:35 This declaration needs opt-in. Its usage must be marked with '@kotlin.time.ExperimentalTime' or '@OptIn(kotlin.time.ExperimentalTime::class)'
e: file:///Volumes/emberstuff/Projects/codex-kotlin/src/nativeMain/kotlin/ai/solace/coder/core/unified_exec/SessionManager.kt:273:20 This declaration needs opt-in. Its usage must be marked with '@kotlin.time.ExperimentalTime' or '@OptIn(kotlin.time.ExperimentalTime::class)'
e: file:///Volumes/emberstuff/Projects/codex-kotlin/src/nativeMain/kotlin/ai/solace/coder/core/unified_exec/SessionManager.kt:293:18 Unresolved reference 'CodexSession'.
e: file:///Volumes/emberstuff/Projects/codex-kotlin/src/nativeMain/kotlin/ai/solace/coder/core/unified_exec/SessionManager.kt:294:15 Unresolved reference 'TurnContext'.
e: file:///Volumes/emberstuff/Projects/codex-kotlin/src/nativeMain/kotlin/ai/solace/coder/core/unified_exec/UnifiedExec.kt:4:29 Unresolved reference 'CodexSession'.
e: file:///Volumes/emberstuff/Projects/codex-kotlin/src/nativeMain/kotlin/ai/solace/coder/core/unified_exec/UnifiedExec.kt:5:29 Unresolved reference 'TurnContext'.
e: file:///Volumes/emberstuff/Projects/codex-kotlin/src/nativeMain/kotlin/ai/solace/coder/core/unified_exec/UnifiedExec.kt:16:18 Unresolved reference 'CodexSession'.
e: file:///Volumes/emberstuff/Projects/codex-kotlin/src/nativeMain/kotlin/ai/solace/coder/core/unified_exec/UnifiedExec.kt:17:15 Unresolved reference 'TurnContext'.
e: file:///Volumes/emberstuff/Projects/codex-kotlin/src/nativeMain/kotlin/ai/solace/coder/exec/shell/ShellDetector.kt:4:37 Unresolved reference 'platformGetUserShellPath'.
e: file:///Volumes/emberstuff/Projects/codex-kotlin/src/nativeMain/kotlin/ai/solace/coder/exec/shell/ShellDetector.kt:5:37 Unresolved reference 'platformFileExists'.
e: file:///Volumes/emberstuff/Projects/codex-kotlin/src/nativeMain/kotlin/ai/solace/coder/exec/shell/ShellDetector.kt:6:37 Unresolved reference 'platformFindInPath'.
e: file:///Volumes/emberstuff/Projects/codex-kotlin/src/nativeMain/kotlin/ai/solace/coder/exec/shell/ShellDetector.kt:7:37 Unresolved reference 'platformIsWindows'.
e: file:///Volumes/emberstuff/Projects/codex-kotlin/src/nativeMain/kotlin/ai/solace/coder/exec/shell/ShellDetector.kt:8:37 Unresolved reference 'platformIsMacOS'.
e: file:///Volumes/emberstuff/Projects/codex-kotlin/src/nativeMain/kotlin/ai/solace/coder/exec/shell/ShellDetector.kt:129:16 Unresolved reference 'platformGetUserShellPath'.
e: file:///Volumes/emberstuff/Projects/codex-kotlin/src/nativeMain/kotlin/ai/solace/coder/exec/shell/ShellDetector.kt:263:16 Unresolved reference 'platformFileExists'.
e: file:///Volumes/emberstuff/Projects/codex-kotlin/src/nativeMain/kotlin/ai/solace/coder/exec/shell/ShellDetector.kt:270:16 Unresolved reference 'platformFindInPath'.
e: file:///Volumes/emberstuff/Projects/codex-kotlin/src/nativeMain/kotlin/ai/solace/coder/exec/shell/ShellDetector.kt:277:16 Unresolved reference 'platformIsWindows'.
e: file:///Volumes/emberstuff/Projects/codex-kotlin/src/nativeMain/kotlin/ai/solace/coder/exec/shell/ShellDetector.kt:284:16 Unresolved reference 'platformIsMacOS'.
e: file:///Volumes/emberstuff/Projects/codex-kotlin/src/nativeMain/kotlin/ai/solace/coder/utils/pty/Lib.kt:5:36 Conflicting import: imported name 'Channel' is ambiguous.
e: file:///Volumes/emberstuff/Projects/codex-kotlin/src/nativeMain/kotlin/ai/solace/coder/utils/pty/Lib.kt:6:36 Conflicting import: imported name 'ReceiveChannel' is ambiguous.
e: file:///Volumes/emberstuff/Projects/codex-kotlin/src/nativeMain/kotlin/ai/solace/coder/utils/pty/Lib.kt:7:36 Conflicting import: imported name 'SendChannel' is ambiguous.
e: file:///Volumes/emberstuff/Projects/codex-kotlin/src/nativeMain/kotlin/ai/solace/coder/utils/pty/Lib.kt:8:32 Conflicting import: imported name 'Flow' is ambiguous.
e: file:///Volumes/emberstuff/Projects/codex-kotlin/src/nativeMain/kotlin/ai/solace/coder/utils/pty/Lib.kt:11:27 Conflicting import: imported name 'Job' is ambiguous.
e: file:///Volumes/emberstuff/Projects/codex-kotlin/src/nativeMain/kotlin/ai/solace/coder/utils/pty/Lib.kt:13:27 Conflicting import: imported name 'CoroutineScope' is ambiguous.
e: file:///Volumes/emberstuff/Projects/codex-kotlin/src/nativeMain/kotlin/ai/solace/coder/utils/pty/Lib.kt:14:27 Conflicting import: imported name 'Dispatchers' is ambiguous.
e: file:///Volumes/emberstuff/Projects/codex-kotlin/src/nativeMain/kotlin/ai/solace/coder/utils/pty/Lib.kt:20:36 Conflicting import: imported name 'Channel' is ambiguous.
e: file:///Volumes/emberstuff/Projects/codex-kotlin/src/nativeMain/kotlin/ai/solace/coder/utils/pty/Lib.kt:21:36 Conflicting import: imported name 'ReceiveChannel' is ambiguous.
e: file:///Volumes/emberstuff/Projects/codex-kotlin/src/nativeMain/kotlin/ai/solace/coder/utils/pty/Lib.kt:22:36 Conflicting import: imported name 'SendChannel' is ambiguous.
e: file:///Volumes/emberstuff/Projects/codex-kotlin/src/nativeMain/kotlin/ai/solace/coder/utils/pty/Lib.kt:23:32 Conflicting import: imported name 'Flow' is ambiguous.
e: file:///Volumes/emberstuff/Projects/codex-kotlin/src/nativeMain/kotlin/ai/solace/coder/utils/pty/Lib.kt:26:27 Conflicting import: imported name 'Job' is ambiguous.
e: file:///Volumes/emberstuff/Projects/codex-kotlin/src/nativeMain/kotlin/ai/solace/coder/utils/pty/Lib.kt:28:27 Conflicting import: imported name 'CoroutineScope' is ambiguous.
e: file:///Volumes/emberstuff/Projects/codex-kotlin/src/nativeMain/kotlin/ai/solace/coder/utils/pty/Lib.kt:29:27 Conflicting import: imported name 'Dispatchers' is ambiguous.
e: file:///Volumes/emberstuff/Projects/codex-kotlin/src/nativeMain/kotlin/com/auth0/jwt/JWT.kt:24:5 This annotation is not applicable to target 'companion object'. Applicable targets: function, constructor
e: file:///Volumes/emberstuff/Projects/codex-kotlin/src/nativeMain/kotlin/com/auth0/jwt/JWT.kt:25:5 Modifier 'companion' is not applicable inside 'standalone object'.
e: file:///Volumes/emberstuff/Projects/codex-kotlin/src/nativeMain/kotlin/com/auth0/jwt/JWT.kt:40:20 Return type mismatch: expected 'DecodedJWT', actual 'JWTDecoder'.
e: file:///Volumes/emberstuff/Projects/codex-kotlin/src/nativeMain/kotlin/com/auth0/jwt/JWT.kt:40:31 Argument type mismatch: actual type is 'String?', but 'JWTParser' was expected.
e: file:///Volumes/emberstuff/Projects/codex-kotlin/src/nativeMain/kotlin/com/auth0/jwt/JWT.kt:51:32 Unresolved reference 'init'.
e: file:///Volumes/emberstuff/Projects/codex-kotlin/src/nativeMain/kotlin/com/auth0/jwt/JWTCreator.kt:50:16 This declaration needs opt-in. Its usage must be marked with '@kotlin.time.ExperimentalTime' or '@OptIn(kotlin.time.ExperimentalTime::class)'
e: file:///Volumes/emberstuff/Projects/codex-kotlin/src/nativeMain/kotlin/com/auth0/jwt/JWTCreator.kt:50:47 This declaration needs opt-in. Its usage must be marked with '@kotlin.time.ExperimentalTime' or '@OptIn(kotlin.time.ExperimentalTime::class)'
e: file:///Volumes/emberstuff/Projects/codex-kotlin/src/nativeMain/kotlin/com/auth0/jwt/JWTCreator.kt:186:38 This declaration needs opt-in. Its usage must be marked with '@kotlin.time.ExperimentalTime' or '@OptIn(kotlin.time.ExperimentalTime::class)'
e: file:///Volumes/emberstuff/Projects/codex-kotlin/src/nativeMain/kotlin/com/auth0/jwt/JWTCreator.kt:198:38 This declaration needs opt-in. Its usage must be marked with '@kotlin.time.ExperimentalTime' or '@OptIn(kotlin.time.ExperimentalTime::class)'
e: file:///Volumes/emberstuff/Projects/codex-kotlin/src/nativeMain/kotlin/com/auth0/jwt/JWTCreator.kt:210:36 This declaration needs opt-in. Its usage must be marked with '@kotlin.time.ExperimentalTime' or '@OptIn(kotlin.time.ExperimentalTime::class)'
e: file:///Volumes/emberstuff/Projects/codex-kotlin/src/nativeMain/kotlin/com/auth0/jwt/JWTCreator.kt:306:44 This declaration needs opt-in. Its usage must be marked with '@kotlin.time.ExperimentalTime' or '@OptIn(kotlin.time.ExperimentalTime::class)'
e: file:///Volumes/emberstuff/Projects/codex-kotlin/src/nativeMain/kotlin/com/auth0/jwt/JWTCreator.kt:430:40 Unresolved reference. None of the following candidates is applicable because of a receiver type mismatch:
fun ByteString.toByteString(): ByteString
e: file:///Volumes/emberstuff/Projects/codex-kotlin/src/nativeMain/kotlin/com/auth0/jwt/JWTDecoder.kt:34:16 Unresolved reference 'payload'.
e: file:///Volumes/emberstuff/Projects/codex-kotlin/src/nativeMain/kotlin/com/auth0/jwt/JWTDecoder.kt:37:10 Unresolved reference 'Override'.
e: file:///Volumes/emberstuff/Projects/codex-kotlin/src/nativeMain/kotlin/com/auth0/jwt/JWTDecoder.kt:39:9 Unresolved reference. None of the following candidates is applicable because of a receiver type mismatch:
fun MatchGroupCollection.get(name: String): MatchGroup?
e: file:///Volumes/emberstuff/Projects/codex-kotlin/src/nativeMain/kotlin/com/auth0/jwt/JWTDecoder.kt:39:9 Variable expected.
e: file:///Volumes/emberstuff/Projects/codex-kotlin/src/nativeMain/kotlin/com/auth0/jwt/JWTDecoder.kt:39:17 Unresolved reference 'payload'.
e: file:///Volumes/emberstuff/Projects/codex-kotlin/src/nativeMain/kotlin/com/auth0/jwt/JWTDecoder.kt:41:6 Unresolved reference 'Override'.
e: file:///Volumes/emberstuff/Projects/codex-kotlin/src/nativeMain/kotlin/com/auth0/jwt/JWTDecoder.kt:46:6 Unresolved reference 'Override'.
e: file:///Volumes/emberstuff/Projects/codex-kotlin/src/nativeMain/kotlin/com/auth0/jwt/JWTDecoder.kt:51:10 Unresolved reference 'Override'.
e: file:///Volumes/emberstuff/Projects/codex-kotlin/src/nativeMain/kotlin/com/auth0/jwt/JWTDecoder.kt:53:9 Unresolved reference. None of the following candidates is applicable because of a receiver type mismatch:
fun MatchGroupCollection.get(name: String): MatchGroup?
e: file:///Volumes/emberstuff/Projects/codex-kotlin/src/nativeMain/kotlin/com/auth0/jwt/JWTDecoder.kt:53:9 Variable expected.
e: file:///Volumes/emberstuff/Projects/codex-kotlin/src/nativeMain/kotlin/com/auth0/jwt/JWTDecoder.kt:53:17 Assignment type mismatch: actual type is 'String', but 'MatchGroup?' was expected.
e: file:///Volumes/emberstuff/Projects/codex-kotlin/src/nativeMain/kotlin/com/auth0/jwt/JWTDecoder.kt:55:10 Unresolved reference 'Override'.
e: file:///Volumes/emberstuff/Projects/codex-kotlin/src/nativeMain/kotlin/com/auth0/jwt/JWTDecoder.kt:57:9 Unresolved reference. None of the following candidates is applicable because of a receiver type mismatch:
fun MatchGroupCollection.get(name: String): MatchGroup?
e: file:///Volumes/emberstuff/Projects/codex-kotlin/src/nativeMain/kotlin/com/auth0/jwt/JWTDecoder.kt:57:9 Variable expected.
e: file:///Volumes/emberstuff/Projects/codex-kotlin/src/nativeMain/kotlin/com/auth0/jwt/JWTDecoder.kt:57:24 Unresolved reference 'format'.
e: file:///Volumes/emberstuff/Projects/codex-kotlin/src/nativeMain/kotlin/com/auth0/jwt/JWTDecoder.kt:59:5 Unresolved reference 'companion'.
e: file:///Volumes/emberstuff/Projects/codex-kotlin/src/nativeMain/kotlin/com/auth0/jwt/JWTDecoder.kt:59:14 Syntax error: Unexpected tokens (use ';' to separate expressions on the same line).
e: file:///Volumes/emberstuff/Projects/codex-kotlin/src/nativeMain/kotlin/com/auth0/jwt/JWTDecoder.kt:60:17 Const 'val' is only allowed on top level, in named objects, or in companion objects.
e: file:///Volumes/emberstuff/Projects/codex-kotlin/src/nativeMain/kotlin/com/auth0/jwt/JWTDecoder.kt:62:1 Missing return statement.
e: file:///Volumes/emberstuff/Projects/codex-kotlin/src/nativeMain/kotlin/com/auth0/jwt/JWTDecoder.kt:62:2 Syntax error: Missing '}.
e: file:///Volumes/emberstuff/Projects/codex-kotlin/src/nativeMain/kotlin/com/auth0/jwt/JWTVerifier.kt:39:5 Class 'JWTVerifier.BaseVerification' is not abstract and does not implement abstract members:
fun withClaim(name: String?, value: <ERROR TYPE REF: Symbol not found for Integer>): Verification?
fun withClaim(name: String?, value: <ERROR TYPE REF: Symbol not found for Date>): Verification?
fun withClaim(name: String?, predicate: <ERROR TYPE REF: Symbol not found for BiPredicate>): Verification?
fun withArrayClaim(name: String?, vararg items: ERROR CLASS: Symbol not found for Integer?): Verification?
e: file:///Volumes/emberstuff/Projects/codex-kotlin/src/nativeMain/kotlin/com/auth0/jwt/JWTVerifier.kt:44:28 This declaration needs opt-in. Its usage must be marked with '@kotlin.time.ExperimentalTime' or '@OptIn(kotlin.time.ExperimentalTime::class)'
e: file:///Volumes/emberstuff/Projects/codex-kotlin/src/nativeMain/kotlin/com/auth0/jwt/JWTVerifier.kt:44:42 Unresolved reference 'System'.
e: file:///Volumes/emberstuff/Projects/codex-kotlin/src/nativeMain/kotlin/com/auth0/jwt/JWTVerifier.kt:144:13 Overload resolution ambiguity between candidates:
fun withClaim(name: String?, predicate: (Claim, DecodedJWT) -> Boolean): Verification
fun withClaim(name: String?, value: <ERROR TYPE REF: Symbol not found for Integer>): Verification?
fun withClaim(name: String?, value: <ERROR TYPE REF: Symbol not found for Date>): Verification?
fun withClaim(name: String?, value: <ERROR TYPE REF: Symbol not found for Instant>): Verification?
fun withClaim(name: String?, predicate: <ERROR TYPE REF: Symbol not found for BiPredicate>): Verification?
e: file:///Volumes/emberstuff/Projects/codex-kotlin/src/nativeMain/kotlin/com/auth0/jwt/JWTVerifier.kt:144:31 Cannot infer type for implicit value parameter 'it'. Specify it explicitly.
e: file:///Volumes/emberstuff/Projects/codex-kotlin/src/nativeMain/kotlin/com/auth0/jwt/JWTVerifier.kt:144:34 Cannot infer type for implicit value parameter 'it'. Specify it explicitly.
e: file:///Volumes/emberstuff/Projects/codex-kotlin/src/nativeMain/kotlin/com/auth0/jwt/JWTVerifier.kt:150:13 Overload resolution ambiguity between candidates:
fun withClaim(name: String?, predicate: (Claim, DecodedJWT) -> Boolean): Verification
fun withClaim(name: String?, value: <ERROR TYPE REF: Symbol not found for Integer>): Verification?
fun withClaim(name: String?, value: <ERROR TYPE REF: Symbol not found for Date>): Verification?
fun withClaim(name: String?, value: <ERROR TYPE REF: Symbol not found for Instant>): Verification?
fun withClaim(name: String?, predicate: <ERROR TYPE REF: Symbol not found for BiPredicate>): Verification?
e: file:///Volumes/emberstuff/Projects/codex-kotlin/src/nativeMain/kotlin/com/auth0/jwt/JWTVerifier.kt:150:31 Cannot infer type for value parameter 'claim'. Specify it explicitly.
e: file:///Volumes/emberstuff/Projects/codex-kotlin/src/nativeMain/kotlin/com/auth0/jwt/JWTVerifier.kt:150:38 Cannot infer type for implicit value parameter 'it'. Specify it explicitly.
e: file:///Volumes/emberstuff/Projects/codex-kotlin/src/nativeMain/kotlin/com/auth0/jwt/JWTVerifier.kt:150:49 Unresolved reference 'isNull'.
e: file:///Volumes/emberstuff/Projects/codex-kotlin/src/nativeMain/kotlin/com/auth0/jwt/JWTVerifier.kt:163:9 'withClaim' overrides nothing. Potential signatures for overriding:
fun withClaim(name: String?, value: <ERROR TYPE REF: Symbol not found for Integer>): Verification?
fun withClaim(name: String?, value: <ERROR TYPE REF: Symbol not found for Date>): Verification?
fun withClaim(name: String?, value: <ERROR TYPE REF: Symbol not found for Instant>): Verification?
fun withClaim(name: String?, predicate: <ERROR TYPE REF: Symbol not found for BiPredicate>): Verification?
e: file:///Volumes/emberstuff/Projects/codex-kotlin/src/nativeMain/kotlin/com/auth0/jwt/JWTVerifier.kt:199:9 'withClaim' overrides nothing. Potential signatures for overriding:
fun withClaim(name: String?, value: <ERROR TYPE REF: Symbol not found for Integer>): Verification?
fun withClaim(name: String?, value: <ERROR TYPE REF: Symbol not found for Date>): Verification?
fun withClaim(name: String?, value: <ERROR TYPE REF: Symbol not found for Instant>): Verification?
fun withClaim(name: String?, predicate: <ERROR TYPE REF: Symbol not found for BiPredicate>): Verification?
e: file:///Volumes/emberstuff/Projects/codex-kotlin/src/nativeMain/kotlin/com/auth0/jwt/JWTVerifier.kt:199:54 This declaration needs opt-in. Its usage must be marked with '@kotlin.time.ExperimentalTime' or '@OptIn(kotlin.time.ExperimentalTime::class)'
e: file:///Volumes/emberstuff/Projects/codex-kotlin/src/nativeMain/kotlin/com/auth0/jwt/JWTVerifier.kt:201:13 This declaration needs opt-in. Its usage must be marked with '@kotlin.time.ExperimentalTime' or '@OptIn(kotlin.time.ExperimentalTime::class)'
e: file:///Volumes/emberstuff/Projects/codex-kotlin/src/nativeMain/kotlin/com/auth0/jwt/JWTVerifier.kt:203:51 This declaration needs opt-in. Its usage must be marked with '@kotlin.time.ExperimentalTime' or '@OptIn(kotlin.time.ExperimentalTime::class)'
e: file:///Volumes/emberstuff/Projects/codex-kotlin/src/nativeMain/kotlin/com/auth0/jwt/JWTVerifier.kt:203:83 This declaration needs opt-in. Its usage must be marked with '@kotlin.time.ExperimentalTime' or '@OptIn(kotlin.time.ExperimentalTime::class)'
e: file:///Volumes/emberstuff/Projects/codex-kotlin/src/nativeMain/kotlin/com/auth0/jwt/JWTVerifier.kt:226:9 'withArrayClaim' overrides nothing. Potential signatures for overriding:
fun withArrayClaim(name: String?, vararg items: ERROR CLASS: Symbol not found for Integer?): Verification?
e: file:///Volumes/emberstuff/Projects/codex-kotlin/src/nativeMain/kotlin/com/auth0/jwt/JWTVerifier.kt:245:32 Unresolved reference 'System'.
e: file:///Volumes/emberstuff/Projects/codex-kotlin/src/nativeMain/kotlin/com/auth0/jwt/JWTVerifier.kt:248:26 This declaration needs opt-in. Its usage must be marked with '@kotlin.time.ExperimentalTime' or '@OptIn(kotlin.time.ExperimentalTime::class)'
e: file:///Volumes/emberstuff/Projects/codex-kotlin/src/nativeMain/kotlin/com/auth0/jwt/JWTVerifier.kt:296:29 This declaration needs opt-in. Its usage must be marked with '@kotlin.time.ExperimentalTime' or '@OptIn(kotlin.time.ExperimentalTime::class)'
e: file:///Volumes/emberstuff/Projects/codex-kotlin/src/nativeMain/kotlin/com/auth0/jwt/JWTVerifier.kt:299:62 This declaration needs opt-in. Its usage must be marked with '@kotlin.time.ExperimentalTime' or '@OptIn(kotlin.time.ExperimentalTime::class)'
e: file:///Volumes/emberstuff/Projects/codex-kotlin/src/nativeMain/kotlin/com/auth0/jwt/JWTVerifier.kt:303:76 This declaration needs opt-in. Its usage must be marked with '@kotlin.time.ExperimentalTime' or '@OptIn(kotlin.time.ExperimentalTime::class)'
e: file:///Volumes/emberstuff/Projects/codex-kotlin/src/nativeMain/kotlin/com/auth0/jwt/JWTVerifier.kt:312:53 This declaration needs opt-in. Its usage must be marked with '@kotlin.time.ExperimentalTime' or '@OptIn(kotlin.time.ExperimentalTime::class)'
e: file:///Volumes/emberstuff/Projects/codex-kotlin/src/nativeMain/kotlin/com/auth0/jwt/JWTVerifier.kt:312:82 This declaration needs opt-in. Its usage must be marked with '@kotlin.time.ExperimentalTime' or '@OptIn(kotlin.time.ExperimentalTime::class)'
e: file:///Volumes/emberstuff/Projects/codex-kotlin/src/nativeMain/kotlin/com/auth0/jwt/JWTVerifier.kt:313:45 This declaration needs opt-in. Its usage must be marked with '@kotlin.time.ExperimentalTime' or '@OptIn(kotlin.time.ExperimentalTime::class)'
e: file:///Volumes/emberstuff/Projects/codex-kotlin/src/nativeMain/kotlin/com/auth0/jwt/JWTVerifier.kt:313:63 This declaration needs opt-in. Its usage must be marked with '@kotlin.time.ExperimentalTime' or '@OptIn(kotlin.time.ExperimentalTime::class)'
e: file:///Volumes/emberstuff/Projects/codex-kotlin/src/nativeMain/kotlin/com/auth0/jwt/JWTVerifier.kt:316:67 This declaration needs opt-in. Its usage must be marked with '@kotlin.time.ExperimentalTime' or '@OptIn(kotlin.time.ExperimentalTime::class)'
e: file:///Volumes/emberstuff/Projects/codex-kotlin/src/nativeMain/kotlin/com/auth0/jwt/JWTVerifier.kt:316:96 This declaration needs opt-in. Its usage must be marked with '@kotlin.time.ExperimentalTime' or '@OptIn(kotlin.time.ExperimentalTime::class)'
e: file:///Volumes/emberstuff/Projects/codex-kotlin/src/nativeMain/kotlin/com/auth0/jwt/JWTVerifier.kt:317:47 This declaration needs opt-in. Its usage must be marked with '@kotlin.time.ExperimentalTime' or '@OptIn(kotlin.time.ExperimentalTime::class)'
e: file:///Volumes/emberstuff/Projects/codex-kotlin/src/nativeMain/kotlin/com/auth0/jwt/JWTVerifier.kt:317:65 This declaration needs opt-in. Its usage must be marked with '@kotlin.time.ExperimentalTime' or '@OptIn(kotlin.time.ExperimentalTime::class)'
e: file:///Volumes/emberstuff/Projects/codex-kotlin/src/nativeMain/kotlin/com/auth0/jwt/algorithms/ECDSAAlgorithm.kt:7:8 Unresolved reference 'java'.
e: file:///Volumes/emberstuff/Projects/codex-kotlin/src/nativeMain/kotlin/com/auth0/jwt/algorithms/ECDSAAlgorithm.kt:8:8 Unresolved reference 'java'.
e: file:///Volumes/emberstuff/Projects/codex-kotlin/src/nativeMain/kotlin/com/auth0/jwt/algorithms/ECDSAAlgorithm.kt:9:8 Unresolved reference 'java'.
e: file:///Volumes/emberstuff/Projects/codex-kotlin/src/nativeMain/kotlin/com/auth0/jwt/algorithms/ECDSAAlgorithm.kt:10:8 Unresolved reference 'java'.
e: file:///Volumes/emberstuff/Projects/codex-kotlin/src/nativeMain/kotlin/com/auth0/jwt/algorithms/ECDSAAlgorithm.kt:11:8 Unresolved reference 'java'.
e: file:///Volumes/emberstuff/Projects/codex-kotlin/src/nativeMain/kotlin/com/auth0/jwt/algorithms/ECDSAAlgorithm.kt:12:8 Unresolved reference 'java'.
e: file:///Volumes/emberstuff/Projects/codex-kotlin/src/nativeMain/kotlin/com/auth0/jwt/algorithms/ECDSAAlgorithm.kt:13:8 Unresolved reference 'java'.
e: file:///Volumes/emberstuff/Projects/codex-kotlin/src/nativeMain/kotlin/com/auth0/jwt/algorithms/ECDSAAlgorithm.kt:21:10 Class 'ECDSAAlgorithm' is not abstract and does not implement abstract base class member:
fun verify(jwt: DecodedJWT?): Unit
e: file:///Volumes/emberstuff/Projects/codex-kotlin/src/nativeMain/kotlin/com/auth0/jwt/algorithms/ECDSAAlgorithm.kt:27:15 Argument type mismatch: actual type is 'String?', but 'String' was expected.
e: file:///Volumes/emberstuff/Projects/codex-kotlin/src/nativeMain/kotlin/com/auth0/jwt/algorithms/ECDSAAlgorithm.kt:27:19 Argument type mismatch: actual type is 'String?', but 'String' was expected.
e: file:///Volumes/emberstuff/Projects/codex-kotlin/src/nativeMain/kotlin/com/auth0/jwt/algorithms/ECDSAAlgorithm.kt:47:6 Unresolved reference 'Override'.
e: file:///Volumes/emberstuff/Projects/codex-kotlin/src/nativeMain/kotlin/com/auth0/jwt/algorithms/ECDSAAlgorithm.kt:51:45 Unresolved reference 'Base64'.
e: file:///Volumes/emberstuff/Projects/codex-kotlin/src/nativeMain/kotlin/com/auth0/jwt/algorithms/ECDSAAlgorithm.kt:51:79 Unresolved reference 'getSignature'.
e: file:///Volumes/emberstuff/Projects/codex-kotlin/src/nativeMain/kotlin/com/auth0/jwt/algorithms/ECDSAAlgorithm.kt:52:28 Unresolved reference 'ECPublicKey'.
e: file:///Volumes/emberstuff/Projects/codex-kotlin/src/nativeMain/kotlin/com/auth0/jwt/algorithms/ECDSAAlgorithm.kt:52:75 Unresolved reference 'getKeyId'.
e: file:///Volumes/emberstuff/Projects/codex-kotlin/src/nativeMain/kotlin/com/auth0/jwt/algorithms/ECDSAAlgorithm.kt:53:13 Cannot infer type for type parameter 'T'. Specify it explicitly.
e: file:///Volumes/emberstuff/Projects/codex-kotlin/src/nativeMain/kotlin/com/auth0/jwt/algorithms/ECDSAAlgorithm.kt:56:17 Unresolved reference 'getDescription'.
e: file:///Volumes/emberstuff/Projects/codex-kotlin/src/nativeMain/kotlin/com/auth0/jwt/algorithms/ECDSAAlgorithm.kt:56:50 Unresolved reference 'getHeader'.
e: file:///Volumes/emberstuff/Projects/codex-kotlin/src/nativeMain/kotlin/com/auth0/jwt/algorithms/ECDSAAlgorithm.kt:56:67 Unresolved reference 'getPayload'.
e: file:///Volumes/emberstuff/Projects/codex-kotlin/src/nativeMain/kotlin/com/auth0/jwt/algorithms/ECDSAAlgorithm.kt:62:21 Unresolved reference 'NoSuchAlgorithmException'.
e: file:///Volumes/emberstuff/Projects/codex-kotlin/src/nativeMain/kotlin/com/auth0/jwt/algorithms/ECDSAAlgorithm.kt:64:21 Unresolved reference 'SignatureException'.
e: file:///Volumes/emberstuff/Projects/codex-kotlin/src/nativeMain/kotlin/com/auth0/jwt/algorithms/ECDSAAlgorithm.kt:66:21 Unresolved reference 'InvalidKeyException'.
e: file:///Volumes/emberstuff/Projects/codex-kotlin/src/nativeMain/kotlin/com/auth0/jwt/algorithms/ECDSAAlgorithm.kt:75:6 Unresolved reference 'Override'.
e: file:///Volumes/emberstuff/Projects/codex-kotlin/src/nativeMain/kotlin/com/auth0/jwt/algorithms/ECDSAAlgorithm.kt:77:9 'sign' hides member of supertype 'Algorithm' and needs an 'override' modifier.
e: file:///Volumes/emberstuff/Projects/codex-kotlin/src/nativeMain/kotlin/com/auth0/jwt/algorithms/ECDSAAlgorithm.kt:79:29 Unresolved reference 'ECPrivateKey'.
e: file:///Volumes/emberstuff/Projects/codex-kotlin/src/nativeMain/kotlin/com/auth0/jwt/algorithms/ECDSAAlgorithm.kt:79:56 Unresolved reference 'getPrivateKey'.
e: file:///Volumes/emberstuff/Projects/codex-kotlin/src/nativeMain/kotlin/com/auth0/jwt/algorithms/ECDSAAlgorithm.kt:80:13 Cannot infer type for type parameter 'T'. Specify it explicitly.
e: file:///Volumes/emberstuff/Projects/codex-kotlin/src/nativeMain/kotlin/com/auth0/jwt/algorithms/ECDSAAlgorithm.kt:81:55 Unresolved reference 'getDescription'.
e: file:///Volumes/emberstuff/Projects/codex-kotlin/src/nativeMain/kotlin/com/auth0/jwt/algorithms/ECDSAAlgorithm.kt:81:73 Argument type mismatch: actual type is 'Any', but 'ByteArray' was expected.
e: file:///Volumes/emberstuff/Projects/codex-kotlin/src/nativeMain/kotlin/com/auth0/jwt/algorithms/ECDSAAlgorithm.kt:81:85 Argument type mismatch: actual type is 'ByteArray?', but 'ByteArray' was expected.
e: file:///Volumes/emberstuff/Projects/codex-kotlin/src/nativeMain/kotlin/com/auth0/jwt/algorithms/ECDSAAlgorithm.kt:81:98 Argument type mismatch: actual type is 'ByteArray?', but 'ByteArray' was expected.
e: file:///Volumes/emberstuff/Projects/codex-kotlin/src/nativeMain/kotlin/com/auth0/jwt/algorithms/ECDSAAlgorithm.kt:83:21 Unresolved reference 'NoSuchAlgorithmException'.
e: file:///Volumes/emberstuff/Projects/codex-kotlin/src/nativeMain/kotlin/com/auth0/jwt/algorithms/ECDSAAlgorithm.kt:85:21 Unresolved reference 'SignatureException'.
e: file:///Volumes/emberstuff/Projects/codex-kotlin/src/nativeMain/kotlin/com/auth0/jwt/algorithms/ECDSAAlgorithm.kt:87:21 Unresolved reference 'InvalidKeyException'.
e: file:///Volumes/emberstuff/Projects/codex-kotlin/src/nativeMain/kotlin/com/auth0/jwt/algorithms/ECDSAAlgorithm.kt:94:6 Unresolved reference 'Override'.
e: file:///Volumes/emberstuff/Projects/codex-kotlin/src/nativeMain/kotlin/com/auth0/jwt/algorithms/ECDSAAlgorithm.kt:96:9 'sign' hides member of supertype 'Algorithm' and needs an 'override' modifier.
e: file:///Volumes/emberstuff/Projects/codex-kotlin/src/nativeMain/kotlin/com/auth0/jwt/algorithms/ECDSAAlgorithm.kt:98:29 Unresolved reference 'ECPrivateKey'.
e: file:///Volumes/emberstuff/Projects/codex-kotlin/src/nativeMain/kotlin/com/auth0/jwt/algorithms/ECDSAAlgorithm.kt:98:56 Unresolved reference 'getPrivateKey'.
e: file:///Volumes/emberstuff/Projects/codex-kotlin/src/nativeMain/kotlin/com/auth0/jwt/algorithms/ECDSAAlgorithm.kt:99:13 Cannot infer type for type parameter 'T'. Specify it explicitly.
e: file:///Volumes/emberstuff/Projects/codex-kotlin/src/nativeMain/kotlin/com/auth0/jwt/algorithms/ECDSAAlgorithm.kt:100:55 Unresolved reference 'getDescription'.
e: file:///Volumes/emberstuff/Projects/codex-kotlin/src/nativeMain/kotlin/com/auth0/jwt/algorithms/ECDSAAlgorithm.kt:100:73 Argument type mismatch: actual type is 'Any', but 'ByteArray' was expected.
e: file:///Volumes/emberstuff/Projects/codex-kotlin/src/nativeMain/kotlin/com/auth0/jwt/algorithms/ECDSAAlgorithm.kt:100:85 Argument type mismatch: actual type is 'ByteArray?', but 'ByteArray' was expected.
e: file:///Volumes/emberstuff/Projects/codex-kotlin/src/nativeMain/kotlin/com/auth0/jwt/algorithms/ECDSAAlgorithm.kt:102:21 Unresolved reference 'NoSuchAlgorithmException'.
e: file:///Volumes/emberstuff/Projects/codex-kotlin/src/nativeMain/kotlin/com/auth0/jwt/algorithms/ECDSAAlgorithm.kt:104:21 Unresolved reference 'SignatureException'.
e: file:///Volumes/emberstuff/Projects/codex-kotlin/src/nativeMain/kotlin/com/auth0/jwt/algorithms/ECDSAAlgorithm.kt:106:21 Unresolved reference 'InvalidKeyException'.
e: file:///Volumes/emberstuff/Projects/codex-kotlin/src/nativeMain/kotlin/com/auth0/jwt/algorithms/ECDSAAlgorithm.kt:113:10 Unresolved reference 'Override'.
e: file:///Volumes/emberstuff/Projects/codex-kotlin/src/nativeMain/kotlin/com/auth0/jwt/algorithms/ECDSAAlgorithm.kt:114:9 'signingKeyId' hides member of supertype 'Algorithm' and needs an 'override' modifier.
e: file:///Volumes/emberstuff/Projects/codex-kotlin/src/nativeMain/kotlin/com/auth0/jwt/algorithms/ECDSAAlgorithm.kt:115:29 Unresolved reference 'getPrivateKeyId'.
e: file:///Volumes/emberstuff/Projects/codex-kotlin/src/nativeMain/kotlin/com/auth0/jwt/algorithms/ECDSAAlgorithm.kt:118:13 Unresolved reference 'SignatureException'.
e: file:///Volumes/emberstuff/Projects/codex-kotlin/src/nativeMain/kotlin/com/auth0/jwt/algorithms/ECDSAAlgorithm.kt:118:13 Annotation argument must be a compile-time constant.
e: file:///Volumes/emberstuff/Projects/codex-kotlin/src/nativeMain/kotlin/com/auth0/jwt/algorithms/ECDSAAlgorithm.kt:123:19 Unresolved reference 'SignatureException'.
e: file:///Volumes/emberstuff/Projects/codex-kotlin/src/nativeMain/kotlin/com/auth0/jwt/algorithms/ECDSAAlgorithm.kt:123:19 Type mismatch: inferred type is 'ERROR CLASS: Unresolved name: SignatureException', but 'Throwable' was expected.
e: file:///Volumes/emberstuff/Projects/codex-kotlin/src/nativeMain/kotlin/com/auth0/jwt/algorithms/ECDSAAlgorithm.kt:138:19 Unresolved reference 'SignatureException'.
e: file:///Volumes/emberstuff/Projects/codex-kotlin/src/nativeMain/kotlin/com/auth0/jwt/algorithms/ECDSAAlgorithm.kt:138:19 Type mismatch: inferred type is 'ERROR CLASS: Unresolved name: SignatureException', but 'Throwable' was expected.
e: file:///Volumes/emberstuff/Projects/codex-kotlin/src/nativeMain/kotlin/com/auth0/jwt/algorithms/ECDSAAlgorithm.kt:147:19 Unresolved reference 'SignatureException'.
e: file:///Volumes/emberstuff/Projects/codex-kotlin/src/nativeMain/kotlin/com/auth0/jwt/algorithms/ECDSAAlgorithm.kt:147:19 Type mismatch: inferred type is 'ERROR CLASS: Unresolved name: SignatureException', but 'Throwable' was expected.
e: file:///Volumes/emberstuff/Projects/codex-kotlin/src/nativeMain/kotlin/com/auth0/jwt/algorithms/ECDSAAlgorithm.kt:151:9 Unresolved reference 'System'.
e: file:///Volumes/emberstuff/Projects/codex-kotlin/src/nativeMain/kotlin/com/auth0/jwt/algorithms/ECDSAAlgorithm.kt:152:36 Unresolved reference 'Math'.
e: file:///Volumes/emberstuff/Projects/codex-kotlin/src/nativeMain/kotlin/com/auth0/jwt/algorithms/ECDSAAlgorithm.kt:153:28 Unresolved reference 'Math'.
e: file:///Volumes/emberstuff/Projects/codex-kotlin/src/nativeMain/kotlin/com/auth0/jwt/algorithms/ECDSAAlgorithm.kt:153:61 Unresolved reference 'Math'.
e: file:///Volumes/emberstuff/Projects/codex-kotlin/src/nativeMain/kotlin/com/auth0/jwt/algorithms/ECDSAAlgorithm.kt:162:19 Unresolved reference 'SignatureException'.
e: file:///Volumes/emberstuff/Projects/codex-kotlin/src/nativeMain/kotlin/com/auth0/jwt/algorithms/ECDSAAlgorithm.kt:162:19 Type mismatch: inferred type is 'ERROR CLASS: Unresolved name: SignatureException', but 'Throwable' was expected.
e: file:///Volumes/emberstuff/Projects/codex-kotlin/src/nativeMain/kotlin/com/auth0/jwt/algorithms/ECDSAAlgorithm.kt:166:9 Unresolved reference 'System'.
e: file:///Volumes/emberstuff/Projects/codex-kotlin/src/nativeMain/kotlin/com/auth0/jwt/algorithms/ECDSAAlgorithm.kt:167:36 Unresolved reference 'Math'.
e: file:///Volumes/emberstuff/Projects/codex-kotlin/src/nativeMain/kotlin/com/auth0/jwt/algorithms/ECDSAAlgorithm.kt:168:28 Unresolved reference 'Math'.
e: file:///Volumes/emberstuff/Projects/codex-kotlin/src/nativeMain/kotlin/com/auth0/jwt/algorithms/ECDSAAlgorithm.kt:168:61 Unresolved reference 'Math'.
e: file:///Volumes/emberstuff/Projects/codex-kotlin/src/nativeMain/kotlin/com/auth0/jwt/algorithms/ECDSAAlgorithm.kt:183:13 Unresolved reference 'SignatureException'.
e: file:///Volumes/emberstuff/Projects/codex-kotlin/src/nativeMain/kotlin/com/auth0/jwt/algorithms/ECDSAAlgorithm.kt:183:13 Annotation argument must be a compile-time constant.
e: file:///Volumes/emberstuff/Projects/codex-kotlin/src/nativeMain/kotlin/com/auth0/jwt/algorithms/ECDSAAlgorithm.kt:184:73 Unresolved reference 'ECPublicKey'.
e: file:///Volumes/emberstuff/Projects/codex-kotlin/src/nativeMain/kotlin/com/auth0/jwt/algorithms/ECDSAAlgorithm.kt:187:19 Unresolved reference 'SignatureException'.
e: file:///Volumes/emberstuff/Projects/codex-kotlin/src/nativeMain/kotlin/com/auth0/jwt/algorithms/ECDSAAlgorithm.kt:187:19 Type mismatch: inferred type is 'ERROR CLASS: Unresolved name: SignatureException', but 'Throwable' was expected.
e: file:///Volumes/emberstuff/Projects/codex-kotlin/src/nativeMain/kotlin/com/auth0/jwt/algorithms/ECDSAAlgorithm.kt:191:19 Unresolved reference 'SignatureException'.
e: file:///Volumes/emberstuff/Projects/codex-kotlin/src/nativeMain/kotlin/com/auth0/jwt/algorithms/ECDSAAlgorithm.kt:191:19 Type mismatch: inferred type is 'ERROR CLASS: Unresolved name: SignatureException', but 'Throwable' was expected.
e: file:///Volumes/emberstuff/Projects/codex-kotlin/src/nativeMain/kotlin/com/auth0/jwt/algorithms/ECDSAAlgorithm.kt:196:9 Unresolved reference 'System'.
e: file:///Volumes/emberstuff/Projects/codex-kotlin/src/nativeMain/kotlin/com/auth0/jwt/algorithms/ECDSAAlgorithm.kt:198:19 Unresolved reference 'SignatureException'.
e: file:///Volumes/emberstuff/Projects/codex-kotlin/src/nativeMain/kotlin/com/auth0/jwt/algorithms/ECDSAAlgorithm.kt:198:19 Type mismatch: inferred type is 'ERROR CLASS: Unresolved name: SignatureException', but 'Throwable' was expected.
e: file:///Volumes/emberstuff/Projects/codex-kotlin/src/nativeMain/kotlin/com/auth0/jwt/algorithms/ECDSAAlgorithm.kt:203:9 Unresolved reference 'System'.
e: file:///Volumes/emberstuff/Projects/codex-kotlin/src/nativeMain/kotlin/com/auth0/jwt/algorithms/ECDSAAlgorithm.kt:205:19 Unresolved reference 'SignatureException'.
e: file:///Volumes/emberstuff/Projects/codex-kotlin/src/nativeMain/kotlin/com/auth0/jwt/algorithms/ECDSAAlgorithm.kt:205:19 Type mismatch: inferred type is 'ERROR CLASS: Unresolved name: SignatureException', but 'Throwable' was expected.
e: file:///Volumes/emberstuff/Projects/codex-kotlin/src/nativeMain/kotlin/com/auth0/jwt/algorithms/ECDSAAlgorithm.kt:216:19 Unresolved reference 'SignatureException'.
e: file:///Volumes/emberstuff/Projects/codex-kotlin/src/nativeMain/kotlin/com/auth0/jwt/algorithms/ECDSAAlgorithm.kt:216:19 Type mismatch: inferred type is 'ERROR CLASS: Unresolved name: SignatureException', but 'Throwable' was expected.
e: file:///Volumes/emberstuff/Projects/codex-kotlin/src/nativeMain/kotlin/com/auth0/jwt/algorithms/ECDSAAlgorithm.kt:219:20 Unresolved reference 'BigInteger'.
e: file:///Volumes/emberstuff/Projects/codex-kotlin/src/nativeMain/kotlin/com/auth0/jwt/algorithms/ECDSAAlgorithm.kt:219:43 Unresolved reference 'getParams'.
e: file:///Volumes/emberstuff/Projects/codex-kotlin/src/nativeMain/kotlin/com/auth0/jwt/algorithms/ECDSAAlgorithm.kt:220:16 Unresolved reference 'BigInteger'.
e: file:///Volumes/emberstuff/Projects/codex-kotlin/src/nativeMain/kotlin/com/auth0/jwt/algorithms/ECDSAAlgorithm.kt:220:29 Unresolved reference 'BigInteger'.
e: file:///Volumes/emberstuff/Projects/codex-kotlin/src/nativeMain/kotlin/com/auth0/jwt/algorithms/ECDSAAlgorithm.kt:221:16 Unresolved reference 'BigInteger'.
e: file:///Volumes/emberstuff/Projects/codex-kotlin/src/nativeMain/kotlin/com/auth0/jwt/algorithms/ECDSAAlgorithm.kt:221:29 Unresolved reference 'BigInteger'.
e: file:///Volumes/emberstuff/Projects/codex-kotlin/src/nativeMain/kotlin/com/auth0/jwt/algorithms/ECDSAAlgorithm.kt:225:19 Unresolved reference 'SignatureException'.
e: file:///Volumes/emberstuff/Projects/codex-kotlin/src/nativeMain/kotlin/com/auth0/jwt/algorithms/ECDSAAlgorithm.kt:225:19 Type mismatch: inferred type is 'ERROR CLASS: Unresolved name: SignatureException', but 'Throwable' was expected.
e: file:///Volumes/emberstuff/Projects/codex-kotlin/src/nativeMain/kotlin/com/auth0/jwt/algorithms/ECDSAAlgorithm.kt:229:19 Unresolved reference 'SignatureException'.
e: file:///Volumes/emberstuff/Projects/codex-kotlin/src/nativeMain/kotlin/com/auth0/jwt/algorithms/ECDSAAlgorithm.kt:229:19 Type mismatch: inferred type is 'ERROR CLASS: Unresolved name: SignatureException', but 'Throwable' was expected.
e: file:///Volumes/emberstuff/Projects/codex-kotlin/src/nativeMain/kotlin/com/auth0/jwt/algorithms/ECDSAAlgorithm.kt:234:13 Unresolved reference 'SignatureException'.
e: file:///Volumes/emberstuff/Projects/codex-kotlin/src/nativeMain/kotlin/com/auth0/jwt/algorithms/ECDSAAlgorithm.kt:234:13 Annotation argument must be a compile-time constant.
e: file:///Volumes/emberstuff/Projects/codex-kotlin/src/nativeMain/kotlin/com/auth0/jwt/algorithms/ECDSAAlgorithm.kt:268:13 Unresolved reference 'System'.
e: file:///Volumes/emberstuff/Projects/codex-kotlin/src/nativeMain/kotlin/com/auth0/jwt/algorithms/ECDSAAlgorithm.kt:271:35 Unresolved reference 'Math'.
e: file:///Volumes/emberstuff/Projects/codex-kotlin/src/nativeMain/kotlin/com/auth0/jwt/algorithms/ECDSAAlgorithm.kt:272:13 Unresolved reference 'System'.
e: file:///Volumes/emberstuff/Projects/codex-kotlin/src/nativeMain/kotlin/com/auth0/jwt/algorithms/ECDSAAlgorithm.kt:284:13 Unresolved reference 'System'.
e: file:///Volumes/emberstuff/Projects/codex-kotlin/src/nativeMain/kotlin/com/auth0/jwt/algorithms/ECDSAAlgorithm.kt:286:13 Unresolved reference 'System'.
e: file:///Volumes/emberstuff/Projects/codex-kotlin/src/nativeMain/kotlin/com/auth0/jwt/algorithms/ECDSAAlgorithm.kt:288:17 Unresolved reference 'Math'.
e: file:///Volumes/emberstuff/Projects/codex-kotlin/src/nativeMain/kotlin/com/auth0/jwt/algorithms/ECDSAAlgorithm.kt:314:40 Unresolved reference 'ECPublicKey'.
e: file:///Volumes/emberstuff/Projects/codex-kotlin/src/nativeMain/kotlin/com/auth0/jwt/algorithms/ECDSAAlgorithm.kt:314:66 Unresolved reference 'ECPrivateKey'.
e: file:///Volumes/emberstuff/Projects/codex-kotlin/src/nativeMain/kotlin/com/auth0/jwt/algorithms/ECDSAAlgorithm.kt:316:45 This type does not have a constructor.
e: file:///Volumes/emberstuff/Projects/codex-kotlin/src/nativeMain/kotlin/com/auth0/jwt/algorithms/ECDSAAlgorithm.kt:317:18 Unresolved reference 'Override'.
e: file:///Volumes/emberstuff/Projects/codex-kotlin/src/nativeMain/kotlin/com/auth0/jwt/algorithms/ECDSAAlgorithm.kt:318:21 'getPublicKeyById' hides member of supertype 'KeyProvider' and needs an 'override' modifier.
e: file:///Volumes/emberstuff/Projects/codex-kotlin/src/nativeMain/kotlin/com/auth0/jwt/algorithms/ECDSAAlgorithm.kt:318:55 Unresolved reference 'ECPublicKey'.
e: file:///Volumes/emberstuff/Projects/codex-kotlin/src/nativeMain/kotlin/com/auth0/jwt/algorithms/ECDSAAlgorithm.kt:322:22 Unresolved reference 'Override'.
e: file:///Volumes/emberstuff/Projects/codex-kotlin/src/nativeMain/kotlin/com/auth0/jwt/algorithms/ECDSAAlgorithm.kt:323:21 'privateKey' hides member of supertype 'KeyProvider' and needs an 'override' modifier.
e: file:///Volumes/emberstuff/Projects/codex-kotlin/src/nativeMain/kotlin/com/auth0/jwt/algorithms/ECDSAAlgorithm.kt:323:33 Unresolved reference 'ECPrivateKey'.
e: file:///Volumes/emberstuff/Projects/codex-kotlin/src/nativeMain/kotlin/com/auth0/jwt/algorithms/ECDSAAlgorithm.kt:326:22 Unresolved reference 'Override'.
e: file:///Volumes/emberstuff/Projects/codex-kotlin/src/nativeMain/kotlin/com/auth0/jwt/algorithms/ECDSAAlgorithm.kt:327:21 'privateKeyId' hides member of supertype 'KeyProvider' and needs an 'override' modifier.
e: file:///Volumes/emberstuff/Projects/codex-kotlin/src/nativeMain/kotlin/com/auth0/jwt/algorithms/NoneAlgorithm.kt:6:8 Unresolved reference 'java'.
e: file:///Volumes/emberstuff/Projects/codex-kotlin/src/nativeMain/kotlin/com/auth0/jwt/algorithms/NoneAlgorithm.kt:8:10 Class 'NoneAlgorithm' is not abstract and does not implement abstract base class member:
fun verify(jwt: DecodedJWT?): Unit
e: file:///Volumes/emberstuff/Projects/codex-kotlin/src/nativeMain/kotlin/com/auth0/jwt/algorithms/NoneAlgorithm.kt:9:6 Unresolved reference 'Override'.
e: file:///Volumes/emberstuff/Projects/codex-kotlin/src/nativeMain/kotlin/com/auth0/jwt/algorithms/NoneAlgorithm.kt:13:45 Unresolved reference 'Base64'.
e: file:///Volumes/emberstuff/Projects/codex-kotlin/src/nativeMain/kotlin/com/auth0/jwt/algorithms/NoneAlgorithm.kt:13:79 Unresolved reference 'getSignature'.
e: file:///Volumes/emberstuff/Projects/codex-kotlin/src/nativeMain/kotlin/com/auth0/jwt/algorithms/NoneAlgorithm.kt:23:6 Unresolved reference 'Override'.
e: file:///Volumes/emberstuff/Projects/codex-kotlin/src/nativeMain/kotlin/com/auth0/jwt/algorithms/NoneAlgorithm.kt:25:9 'sign' hides member of supertype 'Algorithm' and needs an 'override' modifier.
e: file:///Volumes/emberstuff/Projects/codex-kotlin/src/nativeMain/kotlin/com/auth0/jwt/algorithms/NoneAlgorithm.kt:29:6 Unresolved reference 'Override'.
e: file:///Volumes/emberstuff/Projects/codex-kotlin/src/nativeMain/kotlin/com/auth0/jwt/algorithms/NoneAlgorithm.kt:31:9 'sign' hides member of supertype 'Algorithm' and needs an 'override' modifier.
e: file:///Volumes/emberstuff/Projects/codex-kotlin/src/nativeMain/kotlin/com/auth0/jwt/algorithms/RSAAlgorithm.kt:7:8 Unresolved reference 'java'.
e: file:///Volumes/emberstuff/Projects/codex-kotlin/src/nativeMain/kotlin/com/auth0/jwt/algorithms/RSAAlgorithm.kt:8:8 Unresolved reference 'java'.
e: file:///Volumes/emberstuff/Projects/codex-kotlin/src/nativeMain/kotlin/com/auth0/jwt/algorithms/RSAAlgorithm.kt:9:8 Unresolved reference 'java'.
e: file:///Volumes/emberstuff/Projects/codex-kotlin/src/nativeMain/kotlin/com/auth0/jwt/algorithms/RSAAlgorithm.kt:10:8 Unresolved reference 'java'.
e: file:///Volumes/emberstuff/Projects/codex-kotlin/src/nativeMain/kotlin/com/auth0/jwt/algorithms/RSAAlgorithm.kt:11:8 Unresolved reference 'java'.
e: file:///Volumes/emberstuff/Projects/codex-kotlin/src/nativeMain/kotlin/com/auth0/jwt/algorithms/RSAAlgorithm.kt:12:8 Unresolved reference 'java'.
e: file:///Volumes/emberstuff/Projects/codex-kotlin/src/nativeMain/kotlin/com/auth0/jwt/algorithms/RSAAlgorithm.kt:20:10 Class 'RSAAlgorithm' is not abstract and does not implement abstract base class member:
fun verify(jwt: DecodedJWT?): Unit
e: file:///Volumes/emberstuff/Projects/codex-kotlin/src/nativeMain/kotlin/com/auth0/jwt/algorithms/RSAAlgorithm.kt:21:15 Argument type mismatch: actual type is 'String?', but 'String' was expected.
e: file:///Volumes/emberstuff/Projects/codex-kotlin/src/nativeMain/kotlin/com/auth0/jwt/algorithms/RSAAlgorithm.kt:21:19 Argument type mismatch: actual type is 'String?', but 'String' was expected.
e: file:///Volumes/emberstuff/Projects/codex-kotlin/src/nativeMain/kotlin/com/auth0/jwt/algorithms/RSAAlgorithm.kt:39:6 Unresolved reference 'Override'.
e: file:///Volumes/emberstuff/Projects/codex-kotlin/src/nativeMain/kotlin/com/auth0/jwt/algorithms/RSAAlgorithm.kt:43:46 Unresolved reference 'Base64'.
e: file:///Volumes/emberstuff/Projects/codex-kotlin/src/nativeMain/kotlin/com/auth0/jwt/algorithms/RSAAlgorithm.kt:43:80 Unresolved reference 'getSignature'.
e: file:///Volumes/emberstuff/Projects/codex-kotlin/src/nativeMain/kotlin/com/auth0/jwt/algorithms/RSAAlgorithm.kt:44:28 Unresolved reference 'RSAPublicKey'.
e: file:///Volumes/emberstuff/Projects/codex-kotlin/src/nativeMain/kotlin/com/auth0/jwt/algorithms/RSAAlgorithm.kt:44:76 Unresolved reference 'getKeyId'.
e: file:///Volumes/emberstuff/Projects/codex-kotlin/src/nativeMain/kotlin/com/auth0/jwt/algorithms/RSAAlgorithm.kt:45:13 Cannot infer type for type parameter 'T'. Specify it explicitly.
e: file:///Volumes/emberstuff/Projects/codex-kotlin/src/nativeMain/kotlin/com/auth0/jwt/algorithms/RSAAlgorithm.kt:47:17 Unresolved reference 'getDescription'.
e: file:///Volumes/emberstuff/Projects/codex-kotlin/src/nativeMain/kotlin/com/auth0/jwt/algorithms/RSAAlgorithm.kt:47:50 Unresolved reference 'getHeader'.
e: file:///Volumes/emberstuff/Projects/codex-kotlin/src/nativeMain/kotlin/com/auth0/jwt/algorithms/RSAAlgorithm.kt:47:67 Unresolved reference 'getPayload'.
e: file:///Volumes/emberstuff/Projects/codex-kotlin/src/nativeMain/kotlin/com/auth0/jwt/algorithms/RSAAlgorithm.kt:52:21 Unresolved reference 'NoSuchAlgorithmException'.
e: file:///Volumes/emberstuff/Projects/codex-kotlin/src/nativeMain/kotlin/com/auth0/jwt/algorithms/RSAAlgorithm.kt:54:21 Unresolved reference 'SignatureException'.
e: file:///Volumes/emberstuff/Projects/codex-kotlin/src/nativeMain/kotlin/com/auth0/jwt/algorithms/RSAAlgorithm.kt:56:21 Unresolved reference 'InvalidKeyException'.
e: file:///Volumes/emberstuff/Projects/codex-kotlin/src/nativeMain/kotlin/com/auth0/jwt/algorithms/RSAAlgorithm.kt:65:6 Unresolved reference 'Override'.
e: file:///Volumes/emberstuff/Projects/codex-kotlin/src/nativeMain/kotlin/com/auth0/jwt/algorithms/RSAAlgorithm.kt:67:9 'sign' hides member of supertype 'Algorithm' and needs an 'override' modifier.
e: file:///Volumes/emberstuff/Projects/codex-kotlin/src/nativeMain/kotlin/com/auth0/jwt/algorithms/RSAAlgorithm.kt:69:29 Unresolved reference 'RSAPrivateKey'.
e: file:///Volumes/emberstuff/Projects/codex-kotlin/src/nativeMain/kotlin/com/auth0/jwt/algorithms/RSAAlgorithm.kt:69:57 Unresolved reference 'getPrivateKey'.
e: file:///Volumes/emberstuff/Projects/codex-kotlin/src/nativeMain/kotlin/com/auth0/jwt/algorithms/RSAAlgorithm.kt:70:13 Cannot infer type for type parameter 'T'. Specify it explicitly.
e: file:///Volumes/emberstuff/Projects/codex-kotlin/src/nativeMain/kotlin/com/auth0/jwt/algorithms/RSAAlgorithm.kt:71:46 Unresolved reference 'getDescription'.
e: file:///Volumes/emberstuff/Projects/codex-kotlin/src/nativeMain/kotlin/com/auth0/jwt/algorithms/RSAAlgorithm.kt:71:64 Argument type mismatch: actual type is 'Any', but 'ByteArray' was expected.
e: file:///Volumes/emberstuff/Projects/codex-kotlin/src/nativeMain/kotlin/com/auth0/jwt/algorithms/RSAAlgorithm.kt:71:76 Argument type mismatch: actual type is 'ByteArray?', but 'ByteArray' was expected.
e: file:///Volumes/emberstuff/Projects/codex-kotlin/src/nativeMain/kotlin/com/auth0/jwt/algorithms/RSAAlgorithm.kt:71:89 Argument type mismatch: actual type is 'ByteArray?', but 'ByteArray' was expected.
e: file:///Volumes/emberstuff/Projects/codex-kotlin/src/nativeMain/kotlin/com/auth0/jwt/algorithms/RSAAlgorithm.kt:72:21 Unresolved reference 'NoSuchAlgorithmException'.
e: file:///Volumes/emberstuff/Projects/codex-kotlin/src/nativeMain/kotlin/com/auth0/jwt/algorithms/RSAAlgorithm.kt:74:21 Unresolved reference 'SignatureException'.
e: file:///Volumes/emberstuff/Projects/codex-kotlin/src/nativeMain/kotlin/com/auth0/jwt/algorithms/RSAAlgorithm.kt:76:21 Unresolved reference 'InvalidKeyException'.
e: file:///Volumes/emberstuff/Projects/codex-kotlin/src/nativeMain/kotlin/com/auth0/jwt/algorithms/RSAAlgorithm.kt:83:6 Unresolved reference 'Override'.
e: file:///Volumes/emberstuff/Projects/codex-kotlin/src/nativeMain/kotlin/com/auth0/jwt/algorithms/RSAAlgorithm.kt:85:9 'sign' hides member of supertype 'Algorithm' and needs an 'override' modifier.
e: file:///Volumes/emberstuff/Projects/codex-kotlin/src/nativeMain/kotlin/com/auth0/jwt/algorithms/RSAAlgorithm.kt:87:29 Unresolved reference 'RSAPrivateKey'.
e: file:///Volumes/emberstuff/Projects/codex-kotlin/src/nativeMain/kotlin/com/auth0/jwt/algorithms/RSAAlgorithm.kt:87:57 Unresolved reference 'getPrivateKey'.
e: file:///Volumes/emberstuff/Projects/codex-kotlin/src/nativeMain/kotlin/com/auth0/jwt/algorithms/RSAAlgorithm.kt:88:13 Cannot infer type for type parameter 'T'. Specify it explicitly.
e: file:///Volumes/emberstuff/Projects/codex-kotlin/src/nativeMain/kotlin/com/auth0/jwt/algorithms/RSAAlgorithm.kt:89:46 Unresolved reference 'getDescription'.
e: file:///Volumes/emberstuff/Projects/codex-kotlin/src/nativeMain/kotlin/com/auth0/jwt/algorithms/RSAAlgorithm.kt:89:64 Argument type mismatch: actual type is 'Any', but 'ByteArray' was expected.
e: file:///Volumes/emberstuff/Projects/codex-kotlin/src/nativeMain/kotlin/com/auth0/jwt/algorithms/RSAAlgorithm.kt:89:76 Argument type mismatch: actual type is 'ByteArray?', but 'ByteArray' was expected.
e: file:///Volumes/emberstuff/Projects/codex-kotlin/src/nativeMain/kotlin/com/auth0/jwt/algorithms/RSAAlgorithm.kt:90:21 Unresolved reference 'NoSuchAlgorithmException'.
e: file:///Volumes/emberstuff/Projects/codex-kotlin/src/nativeMain/kotlin/com/auth0/jwt/algorithms/RSAAlgorithm.kt:92:21 Unresolved reference 'SignatureException'.
e: file:///Volumes/emberstuff/Projects/codex-kotlin/src/nativeMain/kotlin/com/auth0/jwt/algorithms/RSAAlgorithm.kt:94:21 Unresolved reference 'InvalidKeyException'.
e: file:///Volumes/emberstuff/Projects/codex-kotlin/src/nativeMain/kotlin/com/auth0/jwt/algorithms/RSAAlgorithm.kt:101:10 Unresolved reference 'Override'.
e: file:///Volumes/emberstuff/Projects/codex-kotlin/src/nativeMain/kotlin/com/auth0/jwt/algorithms/RSAAlgorithm.kt:102:9 'signingKeyId' hides member of supertype 'Algorithm' and needs an 'override' modifier.
e: file:///Volumes/emberstuff/Projects/codex-kotlin/src/nativeMain/kotlin/com/auth0/jwt/algorithms/RSAAlgorithm.kt:103:29 Unresolved reference 'getPrivateKeyId'.
e: file:///Volumes/emberstuff/Projects/codex-kotlin/src/nativeMain/kotlin/com/auth0/jwt/algorithms/RSAAlgorithm.kt:107:40 Unresolved reference 'RSAPublicKey'.
e: file:///Volumes/emberstuff/Projects/codex-kotlin/src/nativeMain/kotlin/com/auth0/jwt/algorithms/RSAAlgorithm.kt:107:67 Unresolved reference 'RSAPrivateKey'.
e: file:///Volumes/emberstuff/Projects/codex-kotlin/src/nativeMain/kotlin/com/auth0/jwt/algorithms/RSAAlgorithm.kt:109:43 This type does not have a constructor.
e: file:///Volumes/emberstuff/Projects/codex-kotlin/src/nativeMain/kotlin/com/auth0/jwt/algorithms/RSAAlgorithm.kt:110:18 Unresolved reference 'Override'.
e: file:///Volumes/emberstuff/Projects/codex-kotlin/src/nativeMain/kotlin/com/auth0/jwt/algorithms/RSAAlgorithm.kt:111:21 'getPublicKeyById' hides member of supertype 'KeyProvider' and needs an 'override' modifier.
e: file:///Volumes/emberstuff/Projects/codex-kotlin/src/nativeMain/kotlin/com/auth0/jwt/algorithms/RSAAlgorithm.kt:111:55 Unresolved reference 'RSAPublicKey'.
e: file:///Volumes/emberstuff/Projects/codex-kotlin/src/nativeMain/kotlin/com/auth0/jwt/algorithms/RSAAlgorithm.kt:115:22 Unresolved reference 'Override'.
e: file:///Volumes/emberstuff/Projects/codex-kotlin/src/nativeMain/kotlin/com/auth0/jwt/algorithms/RSAAlgorithm.kt:116:21 'privateKey' hides member of supertype 'KeyProvider' and needs an 'override' modifier.
e: file:///Volumes/emberstuff/Projects/codex-kotlin/src/nativeMain/kotlin/com/auth0/jwt/algorithms/RSAAlgorithm.kt:116:33 Unresolved reference 'RSAPrivateKey'.
e: file:///Volumes/emberstuff/Projects/codex-kotlin/src/nativeMain/kotlin/com/auth0/jwt/algorithms/RSAAlgorithm.kt:119:22 Unresolved reference 'Override'.
e: file:///Volumes/emberstuff/Projects/codex-kotlin/src/nativeMain/kotlin/com/auth0/jwt/algorithms/RSAAlgorithm.kt:120:21 'privateKeyId' hides member of supertype 'KeyProvider' and needs an 'override' modifier.
e: file:///Volumes/emberstuff/Projects/codex-kotlin/src/nativeMain/kotlin/com/auth0/jwt/exceptions/MissingClaimException.kt:14:12 Unresolved reference 'format'.
e: file:///Volumes/emberstuff/Projects/codex-kotlin/src/nativeMain/kotlin/com/auth0/jwt/exceptions/SignatureGenerationException.kt:8:80 This type is final, so it cannot be extended.
e: file:///Volumes/emberstuff/Projects/codex-kotlin/src/nativeMain/kotlin/com/auth0/jwt/exceptions/TokenExpiredException.kt:3:8 Unresolved reference 'java'.
e: file:///Volumes/emberstuff/Projects/codex-kotlin/src/nativeMain/kotlin/com/auth0/jwt/exceptions/TokenExpiredException.kt:8:58 Unresolved reference 'Instant'.
e: file:///Volumes/emberstuff/Projects/codex-kotlin/src/nativeMain/kotlin/com/auth0/jwt/exceptions/TokenExpiredException.kt:9:28 Unresolved reference 'Instant'.
e: file:///Volumes/emberstuff/Projects/codex-kotlin/src/nativeMain/kotlin/com/auth0/jwt/exceptions/TokenExpiredException.kt:15:25 Unresolved reference 'Instant'.
e: file:///Volumes/emberstuff/Projects/codex-kotlin/src/nativeMain/kotlin/com/auth0/jwt/impl/JWTParser.kt:88:29 This declaration needs opt-in. Its usage must be marked with '@kotlin.time.ExperimentalTime' or '@OptIn(kotlin.time.ExperimentalTime::class)'
e: file:///Volumes/emberstuff/Projects/codex-kotlin/src/nativeMain/kotlin/com/auth0/jwt/impl/JWTParser.kt:88:86 This declaration needs opt-in. Its usage must be marked with '@kotlin.time.ExperimentalTime' or '@OptIn(kotlin.time.ExperimentalTime::class)'
e: file:///Volumes/emberstuff/Projects/codex-kotlin/src/nativeMain/kotlin/com/auth0/jwt/impl/JWTParser.kt:88:100 This declaration needs opt-in. Its usage must be marked with '@kotlin.time.ExperimentalTime' or '@OptIn(kotlin.time.ExperimentalTime::class)'
e: file:///Volumes/emberstuff/Projects/codex-kotlin/src/nativeMain/kotlin/com/auth0/jwt/impl/JWTParser.kt:89:29 This declaration needs opt-in. Its usage must be marked with '@kotlin.time.ExperimentalTime' or '@OptIn(kotlin.time.ExperimentalTime::class)'
e: file:///Volumes/emberstuff/Projects/codex-kotlin/src/nativeMain/kotlin/com/auth0/jwt/impl/JWTParser.kt:89:86 This declaration needs opt-in. Its usage must be marked with '@kotlin.time.ExperimentalTime' or '@OptIn(kotlin.time.ExperimentalTime::class)'
e: file:///Volumes/emberstuff/Projects/codex-kotlin/src/nativeMain/kotlin/com/auth0/jwt/impl/JWTParser.kt:89:100 This declaration needs opt-in. Its usage must be marked with '@kotlin.time.ExperimentalTime' or '@OptIn(kotlin.time.ExperimentalTime::class)'
e: file:///Volumes/emberstuff/Projects/codex-kotlin/src/nativeMain/kotlin/com/auth0/jwt/impl/JWTParser.kt:90:28 This declaration needs opt-in. Its usage must be marked with '@kotlin.time.ExperimentalTime' or '@OptIn(kotlin.time.ExperimentalTime::class)'
e: file:///Volumes/emberstuff/Projects/codex-kotlin/src/nativeMain/kotlin/com/auth0/jwt/impl/JWTParser.kt:90:85 This declaration needs opt-in. Its usage must be marked with '@kotlin.time.ExperimentalTime' or '@OptIn(kotlin.time.ExperimentalTime::class)'
e: file:///Volumes/emberstuff/Projects/codex-kotlin/src/nativeMain/kotlin/com/auth0/jwt/impl/JWTParser.kt:90:99 This declaration needs opt-in. Its usage must be marked with '@kotlin.time.ExperimentalTime' or '@OptIn(kotlin.time.ExperimentalTime::class)'
e: file:///Volumes/emberstuff/Projects/codex-kotlin/src/nativeMain/kotlin/com/auth0/jwt/impl/JWTParser.kt:107:28 This declaration needs opt-in. Its usage must be marked with '@kotlin.time.ExperimentalTime' or '@OptIn(kotlin.time.ExperimentalTime::class)'
e: file:///Volumes/emberstuff/Projects/codex-kotlin/src/nativeMain/kotlin/com/auth0/jwt/impl/JWTParser.kt:107:75 This declaration needs opt-in. Its usage must be marked with '@kotlin.time.ExperimentalTime' or '@OptIn(kotlin.time.ExperimentalTime::class)'
e: file:///Volumes/emberstuff/Projects/codex-kotlin/src/nativeMain/kotlin/com/auth0/jwt/impl/JWTParser.kt:107:89 This declaration needs opt-in. Its usage must be marked with '@kotlin.time.ExperimentalTime' or '@OptIn(kotlin.time.ExperimentalTime::class)'
e: file:///Volumes/emberstuff/Projects/codex-kotlin/src/nativeMain/kotlin/com/auth0/jwt/impl/JWTParser.kt:109:43 Type argument is not within its bounds: must be subtype of 'Any'.
e: file:///Volumes/emberstuff/Projects/codex-kotlin/src/nativeMain/kotlin/com/auth0/jwt/interfaces/Claim.kt:55:19 This declaration needs opt-in. Its usage must be marked with '@kotlin.time.ExperimentalTime' or '@OptIn(kotlin.time.ExperimentalTime::class)'
e: file:///Volumes/emberstuff/Projects/codex-kotlin/src/nativeMain/kotlin/com/auth0/jwt/interfaces/Claim.kt:76:49 Type argument is not within its bounds: must be subtype of 'Any'.
e: file:///Volumes/emberstuff/Projects/codex-kotlin/src/nativeMain/kotlin/com/auth0/jwt/interfaces/ECDSAKeyProvider.kt:3:15 Unresolved reference 'security'.
e: file:///Volumes/emberstuff/Projects/codex-kotlin/src/nativeMain/kotlin/com/auth0/jwt/interfaces/ECDSAKeyProvider.kt:4:15 Unresolved reference 'security'.
e: file:///Volumes/emberstuff/Projects/codex-kotlin/src/nativeMain/kotlin/com/auth0/jwt/interfaces/ECDSAKeyProvider.kt:9:30 'public' sub-interface exposes its 'internal' supertype 'KeyProvider'.
e: file:///Volumes/emberstuff/Projects/codex-kotlin/src/nativeMain/kotlin/com/auth0/jwt/interfaces/ECDSAKeyProvider.kt:9:42 Unresolved reference 'ECPublicKey'.
e: file:///Volumes/emberstuff/Projects/codex-kotlin/src/nativeMain/kotlin/com/auth0/jwt/interfaces/ECDSAKeyProvider.kt:9:56 Unresolved reference 'ECPrivateKey'.
e: file:///Volumes/emberstuff/Projects/codex-kotlin/src/nativeMain/kotlin/com/auth0/jwt/interfaces/KeyProvider.kt:3:15 Unresolved reference 'security'.
e: file:///Volumes/emberstuff/Projects/codex-kotlin/src/nativeMain/kotlin/com/auth0/jwt/interfaces/KeyProvider.kt:4:8 Unresolved reference 'java'.
e: file:///Volumes/emberstuff/Projects/codex-kotlin/src/nativeMain/kotlin/com/auth0/jwt/interfaces/KeyProvider.kt:13:36 Unresolved reference 'PublicKey'.
e: file:///Volumes/emberstuff/Projects/codex-kotlin/src/nativeMain/kotlin/com/auth0/jwt/interfaces/KeyProvider.kt:13:52 Unresolved reference 'PrivateKey'.
e: file:///Volumes/emberstuff/Projects/codex-kotlin/src/nativeMain/kotlin/com/auth0/jwt/interfaces/Payload.kt:35:20 This declaration needs opt-in. Its usage must be marked with '@kotlin.time.ExperimentalTime' or '@OptIn(kotlin.time.ExperimentalTime::class)'
e: file:///Volumes/emberstuff/Projects/codex-kotlin/src/nativeMain/kotlin/com/auth0/jwt/interfaces/Payload.kt:42:20 This declaration needs opt-in. Its usage must be marked with '@kotlin.time.ExperimentalTime' or '@OptIn(kotlin.time.ExperimentalTime::class)'
e: file:///Volumes/emberstuff/Projects/codex-kotlin/src/nativeMain/kotlin/com/auth0/jwt/interfaces/Payload.kt:49:19 This declaration needs opt-in. Its usage must be marked with '@kotlin.time.ExperimentalTime' or '@OptIn(kotlin.time.ExperimentalTime::class)'
e: file:///Volumes/emberstuff/Projects/codex-kotlin/src/nativeMain/kotlin/com/auth0/jwt/interfaces/RSAKeyProvider.kt:3:8 Unresolved reference 'java'.
e: file:///Volumes/emberstuff/Projects/codex-kotlin/src/nativeMain/kotlin/com/auth0/jwt/interfaces/RSAKeyProvider.kt:4:8 Unresolved reference 'java'.
e: file:///Volumes/emberstuff/Projects/codex-kotlin/src/nativeMain/kotlin/com/auth0/jwt/interfaces/RSAKeyProvider.kt:9:28 'public' sub-interface exposes its 'internal' supertype 'KeyProvider'.
e: file:///Volumes/emberstuff/Projects/codex-kotlin/src/nativeMain/kotlin/com/auth0/jwt/interfaces/RSAKeyProvider.kt:9:40 Unresolved reference 'RSAPublicKey'.
e: file:///Volumes/emberstuff/Projects/codex-kotlin/src/nativeMain/kotlin/com/auth0/jwt/interfaces/RSAKeyProvider.kt:9:55 Unresolved reference 'RSAPrivateKey'.
e: file:///Volumes/emberstuff/Projects/codex-kotlin/src/nativeMain/kotlin/com/auth0/jwt/interfaces/Verification.kt:4:8 Unresolved reference 'java'.
e: file:///Volumes/emberstuff/Projects/codex-kotlin/src/nativeMain/kotlin/com/auth0/jwt/interfaces/Verification.kt:5:8 Unresolved reference 'java'.
e: file:///Volumes/emberstuff/Projects/codex-kotlin/src/nativeMain/kotlin/com/auth0/jwt/interfaces/Verification.kt:6:8 Unresolved reference 'java'.
e: file:///Volumes/emberstuff/Projects/codex-kotlin/src/nativeMain/kotlin/com/auth0/jwt/interfaces/Verification.kt:160:41 Unresolved reference 'Integer'.
e: file:///Volumes/emberstuff/Projects/codex-kotlin/src/nativeMain/kotlin/com/auth0/jwt/interfaces/Verification.kt:207:41 Unresolved reference 'Date'.
e: file:///Volumes/emberstuff/Projects/codex-kotlin/src/nativeMain/kotlin/com/auth0/jwt/interfaces/Verification.kt:220:41 Unresolved reference 'Instant'.
e: file:///Volumes/emberstuff/Projects/codex-kotlin/src/nativeMain/kotlin/com/auth0/jwt/interfaces/Verification.kt:221:16 Overload resolution ambiguity between candidates:
fun withClaim(name: String?, value: Boolean?): Verification?
fun withClaim(name: String?, value: <ERROR TYPE REF: Symbol not found for Integer>): Verification?
fun withClaim(name: String?, value: Long?): Verification?
fun withClaim(name: String?, value: Double?): Verification?
fun withClaim(name: String?, value: String?): Verification?
fun withClaim(name: String?, value: <ERROR TYPE REF: Symbol not found for Date>): Verification?
fun withClaim(name: String?, value: <ERROR TYPE REF: Symbol not found for Instant>): Verification?
fun withClaim(name: String?, predicate: <ERROR TYPE REF: Symbol not found for BiPredicate>): Verification?
e: file:///Volumes/emberstuff/Projects/codex-kotlin/src/nativeMain/kotlin/com/auth0/jwt/interfaces/Verification.kt:221:51 Unresolved reference 'Date'.
e: file:///Volumes/emberstuff/Projects/codex-kotlin/src/nativeMain/kotlin/com/auth0/jwt/interfaces/Verification.kt:233:45 Unresolved reference 'BiPredicate'.
e: file:///Volumes/emberstuff/Projects/codex-kotlin/src/nativeMain/kotlin/com/auth0/jwt/interfaces/Verification.kt:255:53 Unresolved reference 'Integer'.

[Incubating] Problems report is available at: file:///Volumes/emberstuff/Projects/codex-kotlin/build/reports/problems/problems-report.html

FAILURE: Build failed with an exception.

* What went wrong:
Execution failed for task ':compileKotlinMacosArm64'.
> Compilation finished with errors

* Try:
> Run with --stacktrace option to get the stack trace.
> Run with --info or --debug option to get more log output.
> Run with --scan to generate a Build Scan (powered by Develocity).
> Get more help at https://help.gradle.org.

Deprecated Gradle features were used in this build, making it incompatible with Gradle 10.

You can use '--warning-mode all' to show the individual deprecation warnings and determine if they come from your own scripts or plugins.

For more on this, please refer to https://docs.gradle.org/9.2.1/userguide/command_line_interface.html#sec:command_line_warnings in the Gradle documentation.

BUILD FAILED in 1s
3 actionable tasks: 2 executed, 1 up-to-date
